<?xml version="1.0" encoding="UTF-8"?>
<!-- Generated by org.testng.reporters.JUnitXMLReporter -->
<testsuite ignored="0" hostname="LTIN256630" failures="0" tests="43" name="EdgeTest" time="134.6" errors="0" timestamp="2024-02-15T11:22:44 IST">
  <testcase classname="TestCases.CarLoanEMI" name="clickOnCarLoanLink" time="0.531"/>
  <testcase classname="TestCases.CarLoanEMI" name="setCarAmount" time="0.839"/>
  <testcase classname="TestCases.CarLoanEMI" name="setInterestRate" time="0.776"/>
  <testcase classname="TestCases.CarLoanEMI" name="setLoanTenure" time="0.709"/>
  <testcase classname="TestCases.CarLoanEMI" name="clickOnyear" time="0.225"/>
  <testcase classname="TestCases.CarLoanEMI" name="readData" time="0.127"/>
  <testcase classname="TestCases.HomeLoanEMI" name="calculatorsDropDownValidation" time="0.408"/>
  <testcase classname="TestCases.HomeLoanEMI" name="homeLoanEmiCalculatorValidation" time="10.93"/>
  <testcase classname="TestCases.HomeLoanEMI" name="validateHomeValueInputfield" time="3.742"/>
  <testcase classname="TestCases.HomeLoanEMI" name="validateDownPaymentInputFieldInPercentage" time="3.657"/>
  <testcase classname="TestCases.HomeLoanEMI" name="validateDownPaymentRupeesButton" time="0.335"/>
  <testcase classname="TestCases.HomeLoanEMI" name="validateLoanInsuranceInputField" time="3.601"/>
  <testcase classname="TestCases.HomeLoanEMI" name="validateInterestRateInputField" time="0.392"/>
  <testcase classname="TestCases.HomeLoanEMI" name="validateLoanTenureInputField" time="0.476"/>
  <testcase classname="TestCases.HomeLoanEMI" name="validateLoanTenureMonthsButton" time="0.412"/>
  <testcase classname="TestCases.HomeLoanEMI" name="validateLoanChargesInputField" time="4.447"/>
  <testcase classname="TestCases.HomeLoanEMI" name="validateLoanChargesRupeesButtonElement" time="0.335"/>
  <testcase classname="TestCases.HomeLoanEMI" name="validateLoanStartMonthAndYearField" time="0.574"/>
  <testcase classname="TestCases.HomeLoanEMI" name="validateLoanStartMonthAndYearInputField" time="1.069"/>
  <testcase classname="TestCases.HomeLoanEMI" name="validateOneTimeExpensesInputField" time="0.329"/>
  <testcase classname="TestCases.HomeLoanEMI" name="validateOneTimeExpensesRupeesButton" time="3.326"/>
  <testcase classname="TestCases.HomeLoanEMI" name="validatePropertyTaxesPerYearInputField" time="0.246"/>
  <testcase classname="TestCases.HomeLoanEMI" name="validatePropertyTaxesPerYearRupeesButton" time="3.311"/>
  <testcase classname="TestCases.HomeLoanEMI" name="validateHomeInsurancePerYearInputField" time="0.323"/>
  <testcase classname="TestCases.HomeLoanEMI" name="validateHomeInsurancePerYearRupeesButton" time="3.639"/>
  <testcase classname="TestCases.HomeLoanEMI" name="validateMaintenanceExpensesPerMonthInputField" time="0.433"/>
  <testcase classname="TestCases.HomeLoanEMI" name="printAllTheData" time="13.454"/>
  <testcase classname="TestCases.EMICalculator" name="calculatorsDropDownValidationFromHomeLoan" time="0.371"/>
  <testcase classname="TestCases.EMICalculator" name="emiCalculatorPageValidation" time="6.345"/>
  <testcase classname="TestCases.CalculateEmiUICheck" name="validateEmiCalculatorLink" time="0.533"/>
  <testcase classname="TestCases.CalculateEmiUICheck" name="verifyEmiCalculatorLoanAmountInputFieldPresence" time="0.069"/>
  <testcase classname="TestCases.CalculateEmiUICheck" name="validateEmiCalculatorLoanAmountInputFieldByPassingValue" time="0.715"/>
  <testcase classname="TestCases.CalculateEmiUICheck" name="verifyEmiCalculatorInterestRateInputFieldPresence" time="0.067"/>
  <testcase classname="TestCases.CalculateEmiUICheck" name="validateEmiCalculatorInterestRateInputFieldByPassingValue" time="1.004"/>
  <testcase classname="TestCases.CalculateEmiUICheck" name="verifyEmiCalculatorLoanTenureInputFieldPresence" time="0.074"/>
  <testcase classname="TestCases.CalculateEmiUICheck" name="validateEmiCalculatorLoanTenureInputFieldByPassingValue" time="0.633"/>
  <testcase classname="TestCases.CalculateEmiUICheck" name="validateEmiCalculatorLoanTenureMonthButton" time="3.629"/>
  <testcase classname="TestCases.CalculateEmiUICheck" name="verifyEmiCalculatorLoanChargesInputFieldPresence" time="0.051"/>
  <testcase classname="TestCases.CalculateEmiUICheck" name="validateEmiCalculatorLoanChargesInputFieldByPassingValue" time="0.773"/>
  <testcase classname="TestCases.LoanAmountCalculatorUICheck" name="validateLoanAmountCalculatorLink" time="0.478"/>
  <testcase classname="TestCases.LoanAmountCalculatorUICheck" name="verifyEmiInputFieldPresence" time="0.088"/>
  <testcase classname="TestCases.LoanAmountCalculatorUICheck" name="verifyEmiInputFieldByPassingValue" time="0.641"/>
  <testcase classname="TestCases.LoanAmountCalculatorUICheck" name="verifyLoanAmountInterestRateInputFieldPresence" time="0.154"/>
</testsuite> <!-- EdgeTest -->
