<?xml version="1.0" encoding="UTF-8"?>
<!-- Generated by org.testng.reporters.JUnitXMLReporter -->
<testsuite ignored="0" hostname="LTIN256630" failures="0" tests="57" name="Test" time="152.442" errors="0" timestamp="2024-02-15T16:59:49 IST">
  <testcase classname="TestCases.CarLoanEMI" name="clickOnCarLoanLink" time="0.985"/>
  <testcase classname="TestCases.CarLoanEMI" name="setCarAmount" time="0.988"/>
  <testcase classname="TestCases.CarLoanEMI" name="setInterestRate" time="0.812"/>
  <testcase classname="TestCases.CarLoanEMI" name="setLoanTenure" time="1.131"/>
  <testcase classname="TestCases.CarLoanEMI" name="clickOnyear" time="0.475"/>
  <testcase classname="TestCases.CarLoanEMI" name="readData" time="0.181"/>
  <testcase classname="TestCases.HomeLoanEMI" name="calculatorsDropDownValidation" time="0.318"/>
  <testcase classname="TestCases.HomeLoanEMI" name="homeLoanEmiCalculatorValidation" time="8.976"/>
  <testcase classname="TestCases.HomeLoanEMI" name="validateHomeValueInputfield" time="5.306"/>
  <testcase classname="TestCases.HomeLoanEMI" name="validateDownPaymentInputFieldInPercentage" time="4.246"/>
  <testcase classname="TestCases.HomeLoanEMI" name="validateDownPaymentRupeesButton" time="0.591"/>
  <testcase classname="TestCases.HomeLoanEMI" name="validateLoanInsuranceInputField" time="3.931"/>
  <testcase classname="TestCases.HomeLoanEMI" name="validateInterestRateInputField" time="0.408"/>
  <testcase classname="TestCases.HomeLoanEMI" name="validateLoanTenureInputField" time="0.654"/>
  <testcase classname="TestCases.HomeLoanEMI" name="validateLoanTenureMonthsButton" time="0.771"/>
  <testcase classname="TestCases.HomeLoanEMI" name="validateLoanChargesInputField" time="4.527"/>
  <testcase classname="TestCases.HomeLoanEMI" name="validateLoanChargesRupeesButtonElement" time="0.468"/>
  <testcase classname="TestCases.HomeLoanEMI" name="validateLoanStartMonthAndYearField" time="0.303"/>
  <testcase classname="TestCases.HomeLoanEMI" name="validateLoanStartMonthAndYearInputField" time="1.714"/>
  <testcase classname="TestCases.HomeLoanEMI" name="validateOneTimeExpensesInputField" time="0.475"/>
  <testcase classname="TestCases.HomeLoanEMI" name="validateOneTimeExpensesRupeesButton" time="3.617"/>
  <testcase classname="TestCases.HomeLoanEMI" name="validatePropertyTaxesPerYearInputField" time="0.402"/>
  <testcase classname="TestCases.HomeLoanEMI" name="validatePropertyTaxesPerYearRupeesButton" time="3.61"/>
  <testcase classname="TestCases.HomeLoanEMI" name="validateHomeInsurancePerYearInputField" time="0.382"/>
  <testcase classname="TestCases.HomeLoanEMI" name="validateHomeInsurancePerYearRupeesButton" time="3.558"/>
  <testcase classname="TestCases.HomeLoanEMI" name="validateMaintenanceExpensesPerMonthInputField" time="0.389"/>
  <testcase classname="TestCases.HomeLoanEMI" name="printAllTheData" time="18.412"/>
  <testcase classname="TestCases.EMICalculator" name="calculatorsDropDownValidationFromHomeLoan" time="0.531"/>
  <testcase classname="TestCases.EMICalculator" name="emiCalculatorPageValidation" time="3.014"/>
  <testcase classname="TestCases.CalculateEmiUICheck" name="validateEmiCalculatorLink" time="0.117"/>
  <testcase classname="TestCases.CalculateEmiUICheck" name="verifyEmiCalculatorLoanAmountInputFieldPresence" time="0.069"/>
  <testcase classname="TestCases.CalculateEmiUICheck" name="validateEmiCalculatorLoanAmountInputFieldByPassingValue" time="1.054"/>
  <testcase classname="TestCases.CalculateEmiUICheck" name="verifyEmiCalculatorInterestRateInputFieldPresence" time="0.091"/>
  <testcase classname="TestCases.CalculateEmiUICheck" name="validateEmiCalculatorInterestRateInputFieldByPassingValue" time="0.994"/>
  <testcase classname="TestCases.CalculateEmiUICheck" name="verifyEmiCalculatorLoanTenureInputFieldPresence" time="0.093"/>
  <testcase classname="TestCases.CalculateEmiUICheck" name="validateEmiCalculatorLoanTenureInputFieldByPassingValue" time="1.758"/>
  <testcase classname="TestCases.CalculateEmiUICheck" name="validateEmiCalculatorLoanTenureMonthButton" time="3.897"/>
  <testcase classname="TestCases.CalculateEmiUICheck" name="verifyEmiCalculatorLoanChargesInputFieldPresence" time="0.064"/>
  <testcase classname="TestCases.CalculateEmiUICheck" name="validateEmiCalculatorLoanChargesInputFieldByPassingValue" time="0.985"/>
  <testcase classname="TestCases.LoanAmountCalculatorUICheck" name="validateLoanAmountCalculatorLink" time="0.712"/>
  <testcase classname="TestCases.LoanAmountCalculatorUICheck" name="verifyEmiInputFieldPresence" time="0.102"/>
  <testcase classname="TestCases.LoanAmountCalculatorUICheck" name="verifyEmiInputFieldByPassingValue" time="0.891"/>
  <testcase classname="TestCases.LoanAmountCalculatorUICheck" name="verifyLoanAmountInterestRateInputFieldPresence" time="0.07"/>
  <testcase classname="TestCases.LoanAmountCalculatorUICheck" name="validateLoanAmountInterestRateInputFieldByPassingValue" time="1.177"/>
  <testcase classname="TestCases.LoanAmountCalculatorUICheck" name="verifyLoanAmountTenureInputFieldPresence" time="0.124"/>
  <testcase classname="TestCases.LoanAmountCalculatorUICheck" name="validateLoanAmountTenureInputFieldByPassingValue" time="1.062"/>
  <testcase classname="TestCases.LoanAmountCalculatorUICheck" name="validateLoanAmountLoanTenureMonthButton" time="3.767"/>
  <testcase classname="TestCases.LoanAmountCalculatorUICheck" name="verifyLoanAmountLoanChargesInputFieldPresence" time="0.057"/>
  <testcase classname="TestCases.LoanAmountCalculatorUICheck" name="validateLoanAmountLoanChargesInputFieldByPassingValue" time="1.072"/>
  <testcase classname="TestCases.LoanTenureCalculatorUICheck" name="validateLoanTenureCalculatorLink" time="0.646"/>
  <testcase classname="TestCases.LoanTenureCalculatorUICheck" name="verifyLoanTenureLoanAmountInputFieldPresence" time="0.079"/>
  <testcase classname="TestCases.LoanTenureCalculatorUICheck" name="validateLoanTenureLoanAmountInputFieldByPassingValue" time="0.91"/>
  <testcase classname="TestCases.LoanTenureCalculatorUICheck" name="verifyLoanTenureEmiInputFieldPresence" time="0.108"/>
  <testcase classname="TestCases.LoanTenureCalculatorUICheck" name="verifyLoanTenureInterestRateInputFieldPresence" time="0.118"/>
  <testcase classname="TestCases.LoanTenureCalculatorUICheck" name="validateLoanTenureInterestRateInputFieldByPassingValue" time="1.131"/>
  <testcase classname="TestCases.LoanTenureCalculatorUICheck" name="verifyLoanTenuteLoanChargesInputFieldPresence" time="0.098"/>
  <testcase classname="TestCases.LoanTenureCalculatorUICheck" name="validateLoanTenureLoanChargesInputFieldByValue" time="0.928"/>
</testsuite> <!-- Test -->
