<?xml version="1.0" encoding="UTF-8"?>
<testng-results ignored="0" total="114" passed="64" failed="4" skipped="46">
  <reporter-output>
  </reporter-output>
  <suite started-at="2024-02-15T10:25:18 IST" name="Suite" finished-at="2024-02-15T10:29:07 IST" duration-ms="228785">
    <groups>
      <group name="Master">
        <method signature="CarLoanEMI.clickOnCarLoanLink()[pri:1, instance:TestCases.LoanTenureCalculatorUICheck@6f10d5b6]" name="clickOnCarLoanLink" class="TestCases.CarLoanEMI"/>
        <method signature="CarLoanEMI.setCarAmount(java.lang.String,java.lang.String,java.lang.String)[pri:2, instance:TestCases.LoanTenureCalculatorUICheck@6f10d5b6]" name="setCarAmount" class="TestCases.CarLoanEMI"/>
        <method signature="CarLoanEMI.setInterestRate(java.lang.String,java.lang.String,java.lang.String)[pri:3, instance:TestCases.LoanTenureCalculatorUICheck@6f10d5b6]" name="setInterestRate" class="TestCases.CarLoanEMI"/>
        <method signature="CarLoanEMI.setLoanTenure(java.lang.String,java.lang.String,java.lang.String)[pri:4, instance:TestCases.LoanTenureCalculatorUICheck@6f10d5b6]" name="setLoanTenure" class="TestCases.CarLoanEMI"/>
        <method signature="CarLoanEMI.clickOnyear()[pri:5, instance:TestCases.LoanTenureCalculatorUICheck@6f10d5b6]" name="clickOnyear" class="TestCases.CarLoanEMI"/>
        <method signature="CarLoanEMI.readData()[pri:6, instance:TestCases.LoanTenureCalculatorUICheck@6f10d5b6]" name="readData" class="TestCases.CarLoanEMI"/>
        <method signature="HomeLoanEMI.calculatorsDropDownValidation()[pri:7, instance:TestCases.LoanTenureCalculatorUICheck@6f10d5b6]" name="calculatorsDropDownValidation" class="TestCases.HomeLoanEMI"/>
        <method signature="HomeLoanEMI.homeLoanEmiCalculatorValidation()[pri:8, instance:TestCases.LoanTenureCalculatorUICheck@6f10d5b6]" name="homeLoanEmiCalculatorValidation" class="TestCases.HomeLoanEMI"/>
        <method signature="HomeLoanEMI.validateHomeValueInputfield(java.lang.String,java.lang.String,java.lang.String,java.lang.String,java.lang.String,java.lang.String,java.lang.String,java.lang.String,java.lang.String,java.lang.String,java.lang.String)[pri:9, instance:TestCases.LoanTenureCalculatorUICheck@6f10d5b6]" name="validateHomeValueInputfield" class="TestCases.HomeLoanEMI"/>
        <method signature="HomeLoanEMI.validateDownPaymentInputFieldInPercentage(java.lang.String,java.lang.String,java.lang.String,java.lang.String,java.lang.String,java.lang.String,java.lang.String,java.lang.String,java.lang.String,java.lang.String,java.lang.String)[pri:10, instance:TestCases.LoanTenureCalculatorUICheck@6f10d5b6]" name="validateDownPaymentInputFieldInPercentage" class="TestCases.HomeLoanEMI"/>
        <method signature="HomeLoanEMI.validateDownPaymentRupeesButton()[pri:11, instance:TestCases.LoanTenureCalculatorUICheck@6f10d5b6]" name="validateDownPaymentRupeesButton" class="TestCases.HomeLoanEMI"/>
        <method signature="HomeLoanEMI.validateLoanInsuranceInputField(java.lang.String,java.lang.String,java.lang.String,java.lang.String,java.lang.String,java.lang.String,java.lang.String,java.lang.String,java.lang.String,java.lang.String,java.lang.String)[pri:12, instance:TestCases.LoanTenureCalculatorUICheck@6f10d5b6]" name="validateLoanInsuranceInputField" class="TestCases.HomeLoanEMI"/>
        <method signature="HomeLoanEMI.validateInterestRateInputField(java.lang.String,java.lang.String,java.lang.String,java.lang.String,java.lang.String,java.lang.String,java.lang.String,java.lang.String,java.lang.String,java.lang.String,java.lang.String)[pri:13, instance:TestCases.LoanTenureCalculatorUICheck@6f10d5b6]" name="validateInterestRateInputField" class="TestCases.HomeLoanEMI"/>
        <method signature="HomeLoanEMI.validateLoanTenureInputField(java.lang.String,java.lang.String,java.lang.String,java.lang.String,java.lang.String,java.lang.String,java.lang.String,java.lang.String,java.lang.String,java.lang.String,java.lang.String)[pri:14, instance:TestCases.LoanTenureCalculatorUICheck@6f10d5b6]" name="validateLoanTenureInputField" class="TestCases.HomeLoanEMI"/>
        <method signature="HomeLoanEMI.validateLoanTenureMonthsButton()[pri:15, instance:TestCases.LoanTenureCalculatorUICheck@6f10d5b6]" name="validateLoanTenureMonthsButton" class="TestCases.HomeLoanEMI"/>
        <method signature="HomeLoanEMI.validateLoanChargesInputField(java.lang.String,java.lang.String,java.lang.String,java.lang.String,java.lang.String,java.lang.String,java.lang.String,java.lang.String,java.lang.String,java.lang.String,java.lang.String)[pri:16, instance:TestCases.LoanTenureCalculatorUICheck@6f10d5b6]" name="validateLoanChargesInputField" class="TestCases.HomeLoanEMI"/>
        <method signature="HomeLoanEMI.validateLoanChargesRupeesButtonElement()[pri:17, instance:TestCases.LoanTenureCalculatorUICheck@6f10d5b6]" name="validateLoanChargesRupeesButtonElement" class="TestCases.HomeLoanEMI"/>
        <method signature="HomeLoanEMI.validateLoanStartMonthAndYearField()[pri:18, instance:TestCases.LoanTenureCalculatorUICheck@6f10d5b6]" name="validateLoanStartMonthAndYearField" class="TestCases.HomeLoanEMI"/>
        <method signature="HomeLoanEMI.validateLoanStartMonthAndYearInputField(java.lang.String,java.lang.String,java.lang.String,java.lang.String,java.lang.String,java.lang.String,java.lang.String,java.lang.String,java.lang.String,java.lang.String,java.lang.String)[pri:19, instance:TestCases.LoanTenureCalculatorUICheck@6f10d5b6]" name="validateLoanStartMonthAndYearInputField" class="TestCases.HomeLoanEMI"/>
        <method signature="HomeLoanEMI.validateOneTimeExpensesInputField(java.lang.String,java.lang.String,java.lang.String,java.lang.String,java.lang.String,java.lang.String,java.lang.String,java.lang.String,java.lang.String,java.lang.String,java.lang.String)[pri:20, instance:TestCases.LoanTenureCalculatorUICheck@6f10d5b6]" name="validateOneTimeExpensesInputField" class="TestCases.HomeLoanEMI"/>
        <method signature="HomeLoanEMI.validateOneTimeExpensesRupeesButton()[pri:21, instance:TestCases.LoanTenureCalculatorUICheck@6f10d5b6]" name="validateOneTimeExpensesRupeesButton" class="TestCases.HomeLoanEMI"/>
        <method signature="HomeLoanEMI.validatePropertyTaxesPerYearInputField(java.lang.String,java.lang.String,java.lang.String,java.lang.String,java.lang.String,java.lang.String,java.lang.String,java.lang.String,java.lang.String,java.lang.String,java.lang.String)[pri:22, instance:TestCases.LoanTenureCalculatorUICheck@6f10d5b6]" name="validatePropertyTaxesPerYearInputField" class="TestCases.HomeLoanEMI"/>
        <method signature="HomeLoanEMI.validatePropertyTaxesPerYearRupeesButton()[pri:23, instance:TestCases.LoanTenureCalculatorUICheck@6f10d5b6]" name="validatePropertyTaxesPerYearRupeesButton" class="TestCases.HomeLoanEMI"/>
        <method signature="HomeLoanEMI.validateHomeInsurancePerYearInputField(java.lang.String,java.lang.String,java.lang.String,java.lang.String,java.lang.String,java.lang.String,java.lang.String,java.lang.String,java.lang.String,java.lang.String,java.lang.String)[pri:24, instance:TestCases.LoanTenureCalculatorUICheck@6f10d5b6]" name="validateHomeInsurancePerYearInputField" class="TestCases.HomeLoanEMI"/>
        <method signature="HomeLoanEMI.validateHomeInsurancePerYearRupeesButton()[pri:25, instance:TestCases.LoanTenureCalculatorUICheck@6f10d5b6]" name="validateHomeInsurancePerYearRupeesButton" class="TestCases.HomeLoanEMI"/>
        <method signature="HomeLoanEMI.validateMaintenanceExpensesPerMonthInputField(java.lang.String,java.lang.String,java.lang.String,java.lang.String,java.lang.String,java.lang.String,java.lang.String,java.lang.String,java.lang.String,java.lang.String,java.lang.String)[pri:26, instance:TestCases.LoanTenureCalculatorUICheck@6f10d5b6]" name="validateMaintenanceExpensesPerMonthInputField" class="TestCases.HomeLoanEMI"/>
        <method signature="HomeLoanEMI.printAllTheData()[pri:27, instance:TestCases.LoanTenureCalculatorUICheck@6f10d5b6]" name="printAllTheData" class="TestCases.HomeLoanEMI"/>
        <method signature="EMICalculator.calculatorsDropDownValidationFromHomeLoan()[pri:28, instance:TestCases.LoanTenureCalculatorUICheck@6f10d5b6]" name="calculatorsDropDownValidationFromHomeLoan" class="TestCases.EMICalculator"/>
        <method signature="EMICalculator.emiCalculatorPageValidation()[pri:29, instance:TestCases.LoanTenureCalculatorUICheck@6f10d5b6]" name="emiCalculatorPageValidation" class="TestCases.EMICalculator"/>
        <method signature="CalculateEmiUICheck.validateEmiCalculatorLink()[pri:30, instance:TestCases.LoanTenureCalculatorUICheck@6f10d5b6]" name="validateEmiCalculatorLink" class="TestCases.CalculateEmiUICheck"/>
        <method signature="CalculateEmiUICheck.verifyEmiCalculatorLoanAmountInputFieldPresence()[pri:31, instance:TestCases.LoanTenureCalculatorUICheck@6f10d5b6]" name="verifyEmiCalculatorLoanAmountInputFieldPresence" class="TestCases.CalculateEmiUICheck"/>
        <method signature="CalculateEmiUICheck.validateEmiCalculatorLoanAmountInputFieldByPassingValue(java.lang.String,java.lang.String,java.lang.String,java.lang.String)[pri:32, instance:TestCases.LoanTenureCalculatorUICheck@6f10d5b6]" name="validateEmiCalculatorLoanAmountInputFieldByPassingValue" class="TestCases.CalculateEmiUICheck"/>
        <method signature="CalculateEmiUICheck.verifyEmiCalculatorInterestRateInputFieldPresence()[pri:33, instance:TestCases.LoanTenureCalculatorUICheck@6f10d5b6]" name="verifyEmiCalculatorInterestRateInputFieldPresence" class="TestCases.CalculateEmiUICheck"/>
        <method signature="CalculateEmiUICheck.validateEmiCalculatorInterestRateInputFieldByPassingValue(java.lang.String,java.lang.String,java.lang.String,java.lang.String)[pri:34, instance:TestCases.LoanTenureCalculatorUICheck@6f10d5b6]" name="validateEmiCalculatorInterestRateInputFieldByPassingValue" class="TestCases.CalculateEmiUICheck"/>
        <method signature="CalculateEmiUICheck.verifyEmiCalculatorLoanTenureInputFieldPresence()[pri:35, instance:TestCases.LoanTenureCalculatorUICheck@6f10d5b6]" name="verifyEmiCalculatorLoanTenureInputFieldPresence" class="TestCases.CalculateEmiUICheck"/>
        <method signature="CalculateEmiUICheck.validateEmiCalculatorLoanTenureInputFieldByPassingValue(java.lang.String,java.lang.String,java.lang.String,java.lang.String)[pri:36, instance:TestCases.LoanTenureCalculatorUICheck@6f10d5b6]" name="validateEmiCalculatorLoanTenureInputFieldByPassingValue" class="TestCases.CalculateEmiUICheck"/>
        <method signature="CalculateEmiUICheck.validateEmiCalculatorLoanTenureMonthButton()[pri:37, instance:TestCases.LoanTenureCalculatorUICheck@6f10d5b6]" name="validateEmiCalculatorLoanTenureMonthButton" class="TestCases.CalculateEmiUICheck"/>
        <method signature="CalculateEmiUICheck.verifyEmiCalculatorLoanChargesInputFieldPresence()[pri:38, instance:TestCases.LoanTenureCalculatorUICheck@6f10d5b6]" name="verifyEmiCalculatorLoanChargesInputFieldPresence" class="TestCases.CalculateEmiUICheck"/>
        <method signature="CalculateEmiUICheck.validateEmiCalculatorLoanChargesInputFieldByPassingValue(java.lang.String,java.lang.String,java.lang.String,java.lang.String)[pri:39, instance:TestCases.LoanTenureCalculatorUICheck@6f10d5b6]" name="validateEmiCalculatorLoanChargesInputFieldByPassingValue" class="TestCases.CalculateEmiUICheck"/>
        <method signature="LoanAmountCalculatorUICheck.validateLoanAmountCalculatorLink()[pri:40, instance:TestCases.LoanTenureCalculatorUICheck@6f10d5b6]" name="validateLoanAmountCalculatorLink" class="TestCases.LoanAmountCalculatorUICheck"/>
        <method signature="LoanAmountCalculatorUICheck.verifyEmiInputFieldPresence()[pri:41, instance:TestCases.LoanTenureCalculatorUICheck@6f10d5b6]" name="verifyEmiInputFieldPresence" class="TestCases.LoanAmountCalculatorUICheck"/>
        <method signature="LoanAmountCalculatorUICheck.verifyEmiInputFieldByPassingValue(java.lang.String,java.lang.String,java.lang.String,java.lang.String)[pri:42, instance:TestCases.LoanTenureCalculatorUICheck@6f10d5b6]" name="verifyEmiInputFieldByPassingValue" class="TestCases.LoanAmountCalculatorUICheck"/>
        <method signature="LoanAmountCalculatorUICheck.verifyLoanAmountInterestRateInputFieldPresence()[pri:43, instance:TestCases.LoanTenureCalculatorUICheck@6f10d5b6]" name="verifyLoanAmountInterestRateInputFieldPresence" class="TestCases.LoanAmountCalculatorUICheck"/>
        <method signature="LoanAmountCalculatorUICheck.validateLoanAmountInterestRateInputFieldByPassingValue(java.lang.String,java.lang.String,java.lang.String,java.lang.String)[pri:44, instance:TestCases.LoanTenureCalculatorUICheck@6f10d5b6]" name="validateLoanAmountInterestRateInputFieldByPassingValue" class="TestCases.LoanAmountCalculatorUICheck"/>
        <method signature="LoanAmountCalculatorUICheck.verifyLoanAmountTenureInputFieldPresence()[pri:45, instance:TestCases.LoanTenureCalculatorUICheck@6f10d5b6]" name="verifyLoanAmountTenureInputFieldPresence" class="TestCases.LoanAmountCalculatorUICheck"/>
        <method signature="LoanAmountCalculatorUICheck.validateLoanAmountTenureInputFieldByPassingValue(java.lang.String,java.lang.String,java.lang.String,java.lang.String)[pri:46, instance:TestCases.LoanTenureCalculatorUICheck@6f10d5b6]" name="validateLoanAmountTenureInputFieldByPassingValue" class="TestCases.LoanAmountCalculatorUICheck"/>
        <method signature="LoanAmountCalculatorUICheck.validateLoanAmountLoanTenureMonthButton()[pri:47, instance:TestCases.LoanTenureCalculatorUICheck@6f10d5b6]" name="validateLoanAmountLoanTenureMonthButton" class="TestCases.LoanAmountCalculatorUICheck"/>
        <method signature="LoanAmountCalculatorUICheck.verifyLoanAmountLoanChargesInputFieldPresence()[pri:48, instance:TestCases.LoanTenureCalculatorUICheck@6f10d5b6]" name="verifyLoanAmountLoanChargesInputFieldPresence" class="TestCases.LoanAmountCalculatorUICheck"/>
        <method signature="LoanAmountCalculatorUICheck.validateLoanAmountLoanChargesInputFieldByPassingValue(java.lang.String,java.lang.String,java.lang.String,java.lang.String)[pri:49, instance:TestCases.LoanTenureCalculatorUICheck@6f10d5b6]" name="validateLoanAmountLoanChargesInputFieldByPassingValue" class="TestCases.LoanAmountCalculatorUICheck"/>
        <method signature="LoanTenureCalculatorUICheck.validateLoanTenureCalculatorLink()[pri:50, instance:TestCases.LoanTenureCalculatorUICheck@6f10d5b6]" name="validateLoanTenureCalculatorLink" class="TestCases.LoanTenureCalculatorUICheck"/>
        <method signature="LoanTenureCalculatorUICheck.verifyLoanTenureLoanAmountInputFieldPresence()[pri:51, instance:TestCases.LoanTenureCalculatorUICheck@6f10d5b6]" name="verifyLoanTenureLoanAmountInputFieldPresence" class="TestCases.LoanTenureCalculatorUICheck"/>
        <method signature="LoanTenureCalculatorUICheck.validateLoanTenureLoanAmountInputFieldByPassingValue(java.lang.String,java.lang.String,java.lang.String)[pri:52, instance:TestCases.LoanTenureCalculatorUICheck@6f10d5b6]" name="validateLoanTenureLoanAmountInputFieldByPassingValue" class="TestCases.LoanTenureCalculatorUICheck"/>
        <method signature="LoanTenureCalculatorUICheck.verifyLoanTenureEmiInputFieldPresence()[pri:53, instance:TestCases.LoanTenureCalculatorUICheck@6f10d5b6]" name="verifyLoanTenureEmiInputFieldPresence" class="TestCases.LoanTenureCalculatorUICheck"/>
        <method signature="LoanTenureCalculatorUICheck.verifyLoanTenureInterestRateInputFieldPresence()[pri:54, instance:TestCases.LoanTenureCalculatorUICheck@6f10d5b6]" name="verifyLoanTenureInterestRateInputFieldPresence" class="TestCases.LoanTenureCalculatorUICheck"/>
        <method signature="LoanTenureCalculatorUICheck.validateLoanTenureInterestRateInputFieldByPassingValue(java.lang.String,java.lang.String,java.lang.String)[pri:55, instance:TestCases.LoanTenureCalculatorUICheck@6f10d5b6]" name="validateLoanTenureInterestRateInputFieldByPassingValue" class="TestCases.LoanTenureCalculatorUICheck"/>
        <method signature="LoanTenureCalculatorUICheck.verifyLoanTenuteLoanChargesInputFieldPresence()[pri:56, instance:TestCases.LoanTenureCalculatorUICheck@6f10d5b6]" name="verifyLoanTenuteLoanChargesInputFieldPresence" class="TestCases.LoanTenureCalculatorUICheck"/>
        <method signature="LoanTenureCalculatorUICheck.validateLoanTenureLoanChargesInputFieldByValue(java.lang.String,java.lang.String,java.lang.String)[pri:57, instance:TestCases.LoanTenureCalculatorUICheck@6f10d5b6]" name="validateLoanTenureLoanChargesInputFieldByValue" class="TestCases.LoanTenureCalculatorUICheck"/>
        <method signature="CarLoanEMI.clickOnCarLoanLink()[pri:1, instance:TestCases.LoanTenureCalculatorUICheck@3feb2dda]" name="clickOnCarLoanLink" class="TestCases.CarLoanEMI"/>
        <method signature="CarLoanEMI.setCarAmount(java.lang.String,java.lang.String,java.lang.String)[pri:2, instance:TestCases.LoanTenureCalculatorUICheck@3feb2dda]" name="setCarAmount" class="TestCases.CarLoanEMI"/>
        <method signature="CarLoanEMI.setInterestRate(java.lang.String,java.lang.String,java.lang.String)[pri:3, instance:TestCases.LoanTenureCalculatorUICheck@3feb2dda]" name="setInterestRate" class="TestCases.CarLoanEMI"/>
        <method signature="CarLoanEMI.setLoanTenure(java.lang.String,java.lang.String,java.lang.String)[pri:4, instance:TestCases.LoanTenureCalculatorUICheck@3feb2dda]" name="setLoanTenure" class="TestCases.CarLoanEMI"/>
        <method signature="CarLoanEMI.clickOnyear()[pri:5, instance:TestCases.LoanTenureCalculatorUICheck@3feb2dda]" name="clickOnyear" class="TestCases.CarLoanEMI"/>
        <method signature="CarLoanEMI.readData()[pri:6, instance:TestCases.LoanTenureCalculatorUICheck@3feb2dda]" name="readData" class="TestCases.CarLoanEMI"/>
        <method signature="HomeLoanEMI.calculatorsDropDownValidation()[pri:7, instance:TestCases.LoanTenureCalculatorUICheck@3feb2dda]" name="calculatorsDropDownValidation" class="TestCases.HomeLoanEMI"/>
        <method signature="HomeLoanEMI.homeLoanEmiCalculatorValidation()[pri:8, instance:TestCases.LoanTenureCalculatorUICheck@3feb2dda]" name="homeLoanEmiCalculatorValidation" class="TestCases.HomeLoanEMI"/>
        <method signature="HomeLoanEMI.validateHomeValueInputfield(java.lang.String,java.lang.String,java.lang.String,java.lang.String,java.lang.String,java.lang.String,java.lang.String,java.lang.String,java.lang.String,java.lang.String,java.lang.String)[pri:9, instance:TestCases.LoanTenureCalculatorUICheck@3feb2dda]" name="validateHomeValueInputfield" class="TestCases.HomeLoanEMI"/>
        <method signature="HomeLoanEMI.validateDownPaymentInputFieldInPercentage(java.lang.String,java.lang.String,java.lang.String,java.lang.String,java.lang.String,java.lang.String,java.lang.String,java.lang.String,java.lang.String,java.lang.String,java.lang.String)[pri:10, instance:TestCases.LoanTenureCalculatorUICheck@3feb2dda]" name="validateDownPaymentInputFieldInPercentage" class="TestCases.HomeLoanEMI"/>
        <method signature="HomeLoanEMI.validateDownPaymentRupeesButton()[pri:11, instance:TestCases.LoanTenureCalculatorUICheck@3feb2dda]" name="validateDownPaymentRupeesButton" class="TestCases.HomeLoanEMI"/>
        <method signature="HomeLoanEMI.validateLoanInsuranceInputField(java.lang.String,java.lang.String,java.lang.String,java.lang.String,java.lang.String,java.lang.String,java.lang.String,java.lang.String,java.lang.String,java.lang.String,java.lang.String)[pri:12, instance:TestCases.LoanTenureCalculatorUICheck@3feb2dda]" name="validateLoanInsuranceInputField" class="TestCases.HomeLoanEMI"/>
        <method signature="HomeLoanEMI.validateInterestRateInputField(java.lang.String,java.lang.String,java.lang.String,java.lang.String,java.lang.String,java.lang.String,java.lang.String,java.lang.String,java.lang.String,java.lang.String,java.lang.String)[pri:13, instance:TestCases.LoanTenureCalculatorUICheck@3feb2dda]" name="validateInterestRateInputField" class="TestCases.HomeLoanEMI"/>
        <method signature="HomeLoanEMI.validateLoanTenureInputField(java.lang.String,java.lang.String,java.lang.String,java.lang.String,java.lang.String,java.lang.String,java.lang.String,java.lang.String,java.lang.String,java.lang.String,java.lang.String)[pri:14, instance:TestCases.LoanTenureCalculatorUICheck@3feb2dda]" name="validateLoanTenureInputField" class="TestCases.HomeLoanEMI"/>
        <method signature="HomeLoanEMI.validateLoanTenureMonthsButton()[pri:15, instance:TestCases.LoanTenureCalculatorUICheck@3feb2dda]" name="validateLoanTenureMonthsButton" class="TestCases.HomeLoanEMI"/>
        <method signature="HomeLoanEMI.validateLoanChargesInputField(java.lang.String,java.lang.String,java.lang.String,java.lang.String,java.lang.String,java.lang.String,java.lang.String,java.lang.String,java.lang.String,java.lang.String,java.lang.String)[pri:16, instance:TestCases.LoanTenureCalculatorUICheck@3feb2dda]" name="validateLoanChargesInputField" class="TestCases.HomeLoanEMI"/>
        <method signature="HomeLoanEMI.validateLoanChargesRupeesButtonElement()[pri:17, instance:TestCases.LoanTenureCalculatorUICheck@3feb2dda]" name="validateLoanChargesRupeesButtonElement" class="TestCases.HomeLoanEMI"/>
        <method signature="HomeLoanEMI.validateLoanStartMonthAndYearField()[pri:18, instance:TestCases.LoanTenureCalculatorUICheck@3feb2dda]" name="validateLoanStartMonthAndYearField" class="TestCases.HomeLoanEMI"/>
        <method signature="HomeLoanEMI.validateLoanStartMonthAndYearInputField(java.lang.String,java.lang.String,java.lang.String,java.lang.String,java.lang.String,java.lang.String,java.lang.String,java.lang.String,java.lang.String,java.lang.String,java.lang.String)[pri:19, instance:TestCases.LoanTenureCalculatorUICheck@3feb2dda]" name="validateLoanStartMonthAndYearInputField" class="TestCases.HomeLoanEMI"/>
        <method signature="HomeLoanEMI.validateOneTimeExpensesInputField(java.lang.String,java.lang.String,java.lang.String,java.lang.String,java.lang.String,java.lang.String,java.lang.String,java.lang.String,java.lang.String,java.lang.String,java.lang.String)[pri:20, instance:TestCases.LoanTenureCalculatorUICheck@3feb2dda]" name="validateOneTimeExpensesInputField" class="TestCases.HomeLoanEMI"/>
        <method signature="HomeLoanEMI.validateOneTimeExpensesRupeesButton()[pri:21, instance:TestCases.LoanTenureCalculatorUICheck@3feb2dda]" name="validateOneTimeExpensesRupeesButton" class="TestCases.HomeLoanEMI"/>
        <method signature="HomeLoanEMI.validatePropertyTaxesPerYearInputField(java.lang.String,java.lang.String,java.lang.String,java.lang.String,java.lang.String,java.lang.String,java.lang.String,java.lang.String,java.lang.String,java.lang.String,java.lang.String)[pri:22, instance:TestCases.LoanTenureCalculatorUICheck@3feb2dda]" name="validatePropertyTaxesPerYearInputField" class="TestCases.HomeLoanEMI"/>
        <method signature="HomeLoanEMI.validatePropertyTaxesPerYearRupeesButton()[pri:23, instance:TestCases.LoanTenureCalculatorUICheck@3feb2dda]" name="validatePropertyTaxesPerYearRupeesButton" class="TestCases.HomeLoanEMI"/>
        <method signature="HomeLoanEMI.validateHomeInsurancePerYearInputField(java.lang.String,java.lang.String,java.lang.String,java.lang.String,java.lang.String,java.lang.String,java.lang.String,java.lang.String,java.lang.String,java.lang.String,java.lang.String)[pri:24, instance:TestCases.LoanTenureCalculatorUICheck@3feb2dda]" name="validateHomeInsurancePerYearInputField" class="TestCases.HomeLoanEMI"/>
        <method signature="HomeLoanEMI.validateHomeInsurancePerYearRupeesButton()[pri:25, instance:TestCases.LoanTenureCalculatorUICheck@3feb2dda]" name="validateHomeInsurancePerYearRupeesButton" class="TestCases.HomeLoanEMI"/>
        <method signature="HomeLoanEMI.validateMaintenanceExpensesPerMonthInputField(java.lang.String,java.lang.String,java.lang.String,java.lang.String,java.lang.String,java.lang.String,java.lang.String,java.lang.String,java.lang.String,java.lang.String,java.lang.String)[pri:26, instance:TestCases.LoanTenureCalculatorUICheck@3feb2dda]" name="validateMaintenanceExpensesPerMonthInputField" class="TestCases.HomeLoanEMI"/>
        <method signature="HomeLoanEMI.printAllTheData()[pri:27, instance:TestCases.LoanTenureCalculatorUICheck@3feb2dda]" name="printAllTheData" class="TestCases.HomeLoanEMI"/>
        <method signature="EMICalculator.calculatorsDropDownValidationFromHomeLoan()[pri:28, instance:TestCases.LoanTenureCalculatorUICheck@3feb2dda]" name="calculatorsDropDownValidationFromHomeLoan" class="TestCases.EMICalculator"/>
        <method signature="EMICalculator.emiCalculatorPageValidation()[pri:29, instance:TestCases.LoanTenureCalculatorUICheck@3feb2dda]" name="emiCalculatorPageValidation" class="TestCases.EMICalculator"/>
        <method signature="CalculateEmiUICheck.validateEmiCalculatorLink()[pri:30, instance:TestCases.LoanTenureCalculatorUICheck@3feb2dda]" name="validateEmiCalculatorLink" class="TestCases.CalculateEmiUICheck"/>
        <method signature="CalculateEmiUICheck.verifyEmiCalculatorLoanAmountInputFieldPresence()[pri:31, instance:TestCases.LoanTenureCalculatorUICheck@3feb2dda]" name="verifyEmiCalculatorLoanAmountInputFieldPresence" class="TestCases.CalculateEmiUICheck"/>
        <method signature="CalculateEmiUICheck.validateEmiCalculatorLoanAmountInputFieldByPassingValue(java.lang.String,java.lang.String,java.lang.String,java.lang.String)[pri:32, instance:TestCases.LoanTenureCalculatorUICheck@3feb2dda]" name="validateEmiCalculatorLoanAmountInputFieldByPassingValue" class="TestCases.CalculateEmiUICheck"/>
        <method signature="CalculateEmiUICheck.verifyEmiCalculatorInterestRateInputFieldPresence()[pri:33, instance:TestCases.LoanTenureCalculatorUICheck@3feb2dda]" name="verifyEmiCalculatorInterestRateInputFieldPresence" class="TestCases.CalculateEmiUICheck"/>
        <method signature="CalculateEmiUICheck.validateEmiCalculatorInterestRateInputFieldByPassingValue(java.lang.String,java.lang.String,java.lang.String,java.lang.String)[pri:34, instance:TestCases.LoanTenureCalculatorUICheck@3feb2dda]" name="validateEmiCalculatorInterestRateInputFieldByPassingValue" class="TestCases.CalculateEmiUICheck"/>
        <method signature="CalculateEmiUICheck.verifyEmiCalculatorLoanTenureInputFieldPresence()[pri:35, instance:TestCases.LoanTenureCalculatorUICheck@3feb2dda]" name="verifyEmiCalculatorLoanTenureInputFieldPresence" class="TestCases.CalculateEmiUICheck"/>
        <method signature="CalculateEmiUICheck.validateEmiCalculatorLoanTenureInputFieldByPassingValue(java.lang.String,java.lang.String,java.lang.String,java.lang.String)[pri:36, instance:TestCases.LoanTenureCalculatorUICheck@3feb2dda]" name="validateEmiCalculatorLoanTenureInputFieldByPassingValue" class="TestCases.CalculateEmiUICheck"/>
        <method signature="CalculateEmiUICheck.validateEmiCalculatorLoanTenureMonthButton()[pri:37, instance:TestCases.LoanTenureCalculatorUICheck@3feb2dda]" name="validateEmiCalculatorLoanTenureMonthButton" class="TestCases.CalculateEmiUICheck"/>
        <method signature="CalculateEmiUICheck.verifyEmiCalculatorLoanChargesInputFieldPresence()[pri:38, instance:TestCases.LoanTenureCalculatorUICheck@3feb2dda]" name="verifyEmiCalculatorLoanChargesInputFieldPresence" class="TestCases.CalculateEmiUICheck"/>
        <method signature="CalculateEmiUICheck.validateEmiCalculatorLoanChargesInputFieldByPassingValue(java.lang.String,java.lang.String,java.lang.String,java.lang.String)[pri:39, instance:TestCases.LoanTenureCalculatorUICheck@3feb2dda]" name="validateEmiCalculatorLoanChargesInputFieldByPassingValue" class="TestCases.CalculateEmiUICheck"/>
        <method signature="LoanAmountCalculatorUICheck.validateLoanAmountCalculatorLink()[pri:40, instance:TestCases.LoanTenureCalculatorUICheck@3feb2dda]" name="validateLoanAmountCalculatorLink" class="TestCases.LoanAmountCalculatorUICheck"/>
        <method signature="LoanAmountCalculatorUICheck.verifyEmiInputFieldPresence()[pri:41, instance:TestCases.LoanTenureCalculatorUICheck@3feb2dda]" name="verifyEmiInputFieldPresence" class="TestCases.LoanAmountCalculatorUICheck"/>
        <method signature="LoanAmountCalculatorUICheck.verifyEmiInputFieldByPassingValue(java.lang.String,java.lang.String,java.lang.String,java.lang.String)[pri:42, instance:TestCases.LoanTenureCalculatorUICheck@3feb2dda]" name="verifyEmiInputFieldByPassingValue" class="TestCases.LoanAmountCalculatorUICheck"/>
        <method signature="LoanAmountCalculatorUICheck.verifyLoanAmountInterestRateInputFieldPresence()[pri:43, instance:TestCases.LoanTenureCalculatorUICheck@3feb2dda]" name="verifyLoanAmountInterestRateInputFieldPresence" class="TestCases.LoanAmountCalculatorUICheck"/>
        <method signature="LoanAmountCalculatorUICheck.validateLoanAmountInterestRateInputFieldByPassingValue(java.lang.String,java.lang.String,java.lang.String,java.lang.String)[pri:44, instance:TestCases.LoanTenureCalculatorUICheck@3feb2dda]" name="validateLoanAmountInterestRateInputFieldByPassingValue" class="TestCases.LoanAmountCalculatorUICheck"/>
        <method signature="LoanAmountCalculatorUICheck.verifyLoanAmountTenureInputFieldPresence()[pri:45, instance:TestCases.LoanTenureCalculatorUICheck@3feb2dda]" name="verifyLoanAmountTenureInputFieldPresence" class="TestCases.LoanAmountCalculatorUICheck"/>
        <method signature="LoanAmountCalculatorUICheck.validateLoanAmountTenureInputFieldByPassingValue(java.lang.String,java.lang.String,java.lang.String,java.lang.String)[pri:46, instance:TestCases.LoanTenureCalculatorUICheck@3feb2dda]" name="validateLoanAmountTenureInputFieldByPassingValue" class="TestCases.LoanAmountCalculatorUICheck"/>
        <method signature="LoanAmountCalculatorUICheck.validateLoanAmountLoanTenureMonthButton()[pri:47, instance:TestCases.LoanTenureCalculatorUICheck@3feb2dda]" name="validateLoanAmountLoanTenureMonthButton" class="TestCases.LoanAmountCalculatorUICheck"/>
        <method signature="LoanAmountCalculatorUICheck.verifyLoanAmountLoanChargesInputFieldPresence()[pri:48, instance:TestCases.LoanTenureCalculatorUICheck@3feb2dda]" name="verifyLoanAmountLoanChargesInputFieldPresence" class="TestCases.LoanAmountCalculatorUICheck"/>
        <method signature="LoanAmountCalculatorUICheck.validateLoanAmountLoanChargesInputFieldByPassingValue(java.lang.String,java.lang.String,java.lang.String,java.lang.String)[pri:49, instance:TestCases.LoanTenureCalculatorUICheck@3feb2dda]" name="validateLoanAmountLoanChargesInputFieldByPassingValue" class="TestCases.LoanAmountCalculatorUICheck"/>
        <method signature="LoanTenureCalculatorUICheck.validateLoanTenureCalculatorLink()[pri:50, instance:TestCases.LoanTenureCalculatorUICheck@3feb2dda]" name="validateLoanTenureCalculatorLink" class="TestCases.LoanTenureCalculatorUICheck"/>
        <method signature="LoanTenureCalculatorUICheck.verifyLoanTenureLoanAmountInputFieldPresence()[pri:51, instance:TestCases.LoanTenureCalculatorUICheck@3feb2dda]" name="verifyLoanTenureLoanAmountInputFieldPresence" class="TestCases.LoanTenureCalculatorUICheck"/>
        <method signature="LoanTenureCalculatorUICheck.validateLoanTenureLoanAmountInputFieldByPassingValue(java.lang.String,java.lang.String,java.lang.String)[pri:52, instance:TestCases.LoanTenureCalculatorUICheck@3feb2dda]" name="validateLoanTenureLoanAmountInputFieldByPassingValue" class="TestCases.LoanTenureCalculatorUICheck"/>
        <method signature="LoanTenureCalculatorUICheck.verifyLoanTenureEmiInputFieldPresence()[pri:53, instance:TestCases.LoanTenureCalculatorUICheck@3feb2dda]" name="verifyLoanTenureEmiInputFieldPresence" class="TestCases.LoanTenureCalculatorUICheck"/>
        <method signature="LoanTenureCalculatorUICheck.verifyLoanTenureInterestRateInputFieldPresence()[pri:54, instance:TestCases.LoanTenureCalculatorUICheck@3feb2dda]" name="verifyLoanTenureInterestRateInputFieldPresence" class="TestCases.LoanTenureCalculatorUICheck"/>
        <method signature="LoanTenureCalculatorUICheck.validateLoanTenureInterestRateInputFieldByPassingValue(java.lang.String,java.lang.String,java.lang.String)[pri:55, instance:TestCases.LoanTenureCalculatorUICheck@3feb2dda]" name="validateLoanTenureInterestRateInputFieldByPassingValue" class="TestCases.LoanTenureCalculatorUICheck"/>
        <method signature="LoanTenureCalculatorUICheck.verifyLoanTenuteLoanChargesInputFieldPresence()[pri:56, instance:TestCases.LoanTenureCalculatorUICheck@3feb2dda]" name="verifyLoanTenuteLoanChargesInputFieldPresence" class="TestCases.LoanTenureCalculatorUICheck"/>
        <method signature="LoanTenureCalculatorUICheck.validateLoanTenureLoanChargesInputFieldByValue(java.lang.String,java.lang.String,java.lang.String)[pri:57, instance:TestCases.LoanTenureCalculatorUICheck@3feb2dda]" name="validateLoanTenureLoanChargesInputFieldByValue" class="TestCases.LoanTenureCalculatorUICheck"/>
      </group> <!-- Master -->
      <group name="Sanity">
        <method signature="CarLoanEMI.clickOnCarLoanLink()[pri:1, instance:TestCases.LoanTenureCalculatorUICheck@6f10d5b6]" name="clickOnCarLoanLink" class="TestCases.CarLoanEMI"/>
        <method signature="HomeLoanEMI.calculatorsDropDownValidation()[pri:7, instance:TestCases.LoanTenureCalculatorUICheck@6f10d5b6]" name="calculatorsDropDownValidation" class="TestCases.HomeLoanEMI"/>
        <method signature="HomeLoanEMI.homeLoanEmiCalculatorValidation()[pri:8, instance:TestCases.LoanTenureCalculatorUICheck@6f10d5b6]" name="homeLoanEmiCalculatorValidation" class="TestCases.HomeLoanEMI"/>
        <method signature="EMICalculator.calculatorsDropDownValidationFromHomeLoan()[pri:28, instance:TestCases.LoanTenureCalculatorUICheck@6f10d5b6]" name="calculatorsDropDownValidationFromHomeLoan" class="TestCases.EMICalculator"/>
        <method signature="EMICalculator.emiCalculatorPageValidation()[pri:29, instance:TestCases.LoanTenureCalculatorUICheck@6f10d5b6]" name="emiCalculatorPageValidation" class="TestCases.EMICalculator"/>
        <method signature="CalculateEmiUICheck.validateEmiCalculatorLink()[pri:30, instance:TestCases.LoanTenureCalculatorUICheck@6f10d5b6]" name="validateEmiCalculatorLink" class="TestCases.CalculateEmiUICheck"/>
        <method signature="LoanAmountCalculatorUICheck.validateLoanAmountCalculatorLink()[pri:40, instance:TestCases.LoanTenureCalculatorUICheck@6f10d5b6]" name="validateLoanAmountCalculatorLink" class="TestCases.LoanAmountCalculatorUICheck"/>
        <method signature="LoanTenureCalculatorUICheck.validateLoanTenureCalculatorLink()[pri:50, instance:TestCases.LoanTenureCalculatorUICheck@6f10d5b6]" name="validateLoanTenureCalculatorLink" class="TestCases.LoanTenureCalculatorUICheck"/>
        <method signature="CarLoanEMI.clickOnCarLoanLink()[pri:1, instance:TestCases.LoanTenureCalculatorUICheck@3feb2dda]" name="clickOnCarLoanLink" class="TestCases.CarLoanEMI"/>
        <method signature="HomeLoanEMI.calculatorsDropDownValidation()[pri:7, instance:TestCases.LoanTenureCalculatorUICheck@3feb2dda]" name="calculatorsDropDownValidation" class="TestCases.HomeLoanEMI"/>
        <method signature="HomeLoanEMI.homeLoanEmiCalculatorValidation()[pri:8, instance:TestCases.LoanTenureCalculatorUICheck@3feb2dda]" name="homeLoanEmiCalculatorValidation" class="TestCases.HomeLoanEMI"/>
        <method signature="EMICalculator.calculatorsDropDownValidationFromHomeLoan()[pri:28, instance:TestCases.LoanTenureCalculatorUICheck@3feb2dda]" name="calculatorsDropDownValidationFromHomeLoan" class="TestCases.EMICalculator"/>
        <method signature="EMICalculator.emiCalculatorPageValidation()[pri:29, instance:TestCases.LoanTenureCalculatorUICheck@3feb2dda]" name="emiCalculatorPageValidation" class="TestCases.EMICalculator"/>
        <method signature="CalculateEmiUICheck.validateEmiCalculatorLink()[pri:30, instance:TestCases.LoanTenureCalculatorUICheck@3feb2dda]" name="validateEmiCalculatorLink" class="TestCases.CalculateEmiUICheck"/>
        <method signature="LoanAmountCalculatorUICheck.validateLoanAmountCalculatorLink()[pri:40, instance:TestCases.LoanTenureCalculatorUICheck@3feb2dda]" name="validateLoanAmountCalculatorLink" class="TestCases.LoanAmountCalculatorUICheck"/>
        <method signature="LoanTenureCalculatorUICheck.validateLoanTenureCalculatorLink()[pri:50, instance:TestCases.LoanTenureCalculatorUICheck@3feb2dda]" name="validateLoanTenureCalculatorLink" class="TestCases.LoanTenureCalculatorUICheck"/>
      </group> <!-- Sanity -->
      <group name="Regression">
        <method signature="CarLoanEMI.setCarAmount(java.lang.String,java.lang.String,java.lang.String)[pri:2, instance:TestCases.LoanTenureCalculatorUICheck@6f10d5b6]" name="setCarAmount" class="TestCases.CarLoanEMI"/>
        <method signature="CarLoanEMI.setInterestRate(java.lang.String,java.lang.String,java.lang.String)[pri:3, instance:TestCases.LoanTenureCalculatorUICheck@6f10d5b6]" name="setInterestRate" class="TestCases.CarLoanEMI"/>
        <method signature="CarLoanEMI.setLoanTenure(java.lang.String,java.lang.String,java.lang.String)[pri:4, instance:TestCases.LoanTenureCalculatorUICheck@6f10d5b6]" name="setLoanTenure" class="TestCases.CarLoanEMI"/>
        <method signature="CarLoanEMI.clickOnyear()[pri:5, instance:TestCases.LoanTenureCalculatorUICheck@6f10d5b6]" name="clickOnyear" class="TestCases.CarLoanEMI"/>
        <method signature="CarLoanEMI.readData()[pri:6, instance:TestCases.LoanTenureCalculatorUICheck@6f10d5b6]" name="readData" class="TestCases.CarLoanEMI"/>
        <method signature="HomeLoanEMI.validateHomeValueInputfield(java.lang.String,java.lang.String,java.lang.String,java.lang.String,java.lang.String,java.lang.String,java.lang.String,java.lang.String,java.lang.String,java.lang.String,java.lang.String)[pri:9, instance:TestCases.LoanTenureCalculatorUICheck@6f10d5b6]" name="validateHomeValueInputfield" class="TestCases.HomeLoanEMI"/>
        <method signature="HomeLoanEMI.validateDownPaymentInputFieldInPercentage(java.lang.String,java.lang.String,java.lang.String,java.lang.String,java.lang.String,java.lang.String,java.lang.String,java.lang.String,java.lang.String,java.lang.String,java.lang.String)[pri:10, instance:TestCases.LoanTenureCalculatorUICheck@6f10d5b6]" name="validateDownPaymentInputFieldInPercentage" class="TestCases.HomeLoanEMI"/>
        <method signature="HomeLoanEMI.validateDownPaymentRupeesButton()[pri:11, instance:TestCases.LoanTenureCalculatorUICheck@6f10d5b6]" name="validateDownPaymentRupeesButton" class="TestCases.HomeLoanEMI"/>
        <method signature="HomeLoanEMI.validateLoanInsuranceInputField(java.lang.String,java.lang.String,java.lang.String,java.lang.String,java.lang.String,java.lang.String,java.lang.String,java.lang.String,java.lang.String,java.lang.String,java.lang.String)[pri:12, instance:TestCases.LoanTenureCalculatorUICheck@6f10d5b6]" name="validateLoanInsuranceInputField" class="TestCases.HomeLoanEMI"/>
        <method signature="HomeLoanEMI.validateInterestRateInputField(java.lang.String,java.lang.String,java.lang.String,java.lang.String,java.lang.String,java.lang.String,java.lang.String,java.lang.String,java.lang.String,java.lang.String,java.lang.String)[pri:13, instance:TestCases.LoanTenureCalculatorUICheck@6f10d5b6]" name="validateInterestRateInputField" class="TestCases.HomeLoanEMI"/>
        <method signature="HomeLoanEMI.validateLoanTenureInputField(java.lang.String,java.lang.String,java.lang.String,java.lang.String,java.lang.String,java.lang.String,java.lang.String,java.lang.String,java.lang.String,java.lang.String,java.lang.String)[pri:14, instance:TestCases.LoanTenureCalculatorUICheck@6f10d5b6]" name="validateLoanTenureInputField" class="TestCases.HomeLoanEMI"/>
        <method signature="HomeLoanEMI.validateLoanTenureMonthsButton()[pri:15, instance:TestCases.LoanTenureCalculatorUICheck@6f10d5b6]" name="validateLoanTenureMonthsButton" class="TestCases.HomeLoanEMI"/>
        <method signature="HomeLoanEMI.validateLoanChargesInputField(java.lang.String,java.lang.String,java.lang.String,java.lang.String,java.lang.String,java.lang.String,java.lang.String,java.lang.String,java.lang.String,java.lang.String,java.lang.String)[pri:16, instance:TestCases.LoanTenureCalculatorUICheck@6f10d5b6]" name="validateLoanChargesInputField" class="TestCases.HomeLoanEMI"/>
        <method signature="HomeLoanEMI.validateLoanChargesRupeesButtonElement()[pri:17, instance:TestCases.LoanTenureCalculatorUICheck@6f10d5b6]" name="validateLoanChargesRupeesButtonElement" class="TestCases.HomeLoanEMI"/>
        <method signature="HomeLoanEMI.validateLoanStartMonthAndYearField()[pri:18, instance:TestCases.LoanTenureCalculatorUICheck@6f10d5b6]" name="validateLoanStartMonthAndYearField" class="TestCases.HomeLoanEMI"/>
        <method signature="HomeLoanEMI.validateLoanStartMonthAndYearInputField(java.lang.String,java.lang.String,java.lang.String,java.lang.String,java.lang.String,java.lang.String,java.lang.String,java.lang.String,java.lang.String,java.lang.String,java.lang.String)[pri:19, instance:TestCases.LoanTenureCalculatorUICheck@6f10d5b6]" name="validateLoanStartMonthAndYearInputField" class="TestCases.HomeLoanEMI"/>
        <method signature="HomeLoanEMI.validateOneTimeExpensesInputField(java.lang.String,java.lang.String,java.lang.String,java.lang.String,java.lang.String,java.lang.String,java.lang.String,java.lang.String,java.lang.String,java.lang.String,java.lang.String)[pri:20, instance:TestCases.LoanTenureCalculatorUICheck@6f10d5b6]" name="validateOneTimeExpensesInputField" class="TestCases.HomeLoanEMI"/>
        <method signature="HomeLoanEMI.validateOneTimeExpensesRupeesButton()[pri:21, instance:TestCases.LoanTenureCalculatorUICheck@6f10d5b6]" name="validateOneTimeExpensesRupeesButton" class="TestCases.HomeLoanEMI"/>
        <method signature="HomeLoanEMI.validatePropertyTaxesPerYearInputField(java.lang.String,java.lang.String,java.lang.String,java.lang.String,java.lang.String,java.lang.String,java.lang.String,java.lang.String,java.lang.String,java.lang.String,java.lang.String)[pri:22, instance:TestCases.LoanTenureCalculatorUICheck@6f10d5b6]" name="validatePropertyTaxesPerYearInputField" class="TestCases.HomeLoanEMI"/>
        <method signature="HomeLoanEMI.validatePropertyTaxesPerYearRupeesButton()[pri:23, instance:TestCases.LoanTenureCalculatorUICheck@6f10d5b6]" name="validatePropertyTaxesPerYearRupeesButton" class="TestCases.HomeLoanEMI"/>
        <method signature="HomeLoanEMI.validateHomeInsurancePerYearInputField(java.lang.String,java.lang.String,java.lang.String,java.lang.String,java.lang.String,java.lang.String,java.lang.String,java.lang.String,java.lang.String,java.lang.String,java.lang.String)[pri:24, instance:TestCases.LoanTenureCalculatorUICheck@6f10d5b6]" name="validateHomeInsurancePerYearInputField" class="TestCases.HomeLoanEMI"/>
        <method signature="HomeLoanEMI.validateHomeInsurancePerYearRupeesButton()[pri:25, instance:TestCases.LoanTenureCalculatorUICheck@6f10d5b6]" name="validateHomeInsurancePerYearRupeesButton" class="TestCases.HomeLoanEMI"/>
        <method signature="HomeLoanEMI.validateMaintenanceExpensesPerMonthInputField(java.lang.String,java.lang.String,java.lang.String,java.lang.String,java.lang.String,java.lang.String,java.lang.String,java.lang.String,java.lang.String,java.lang.String,java.lang.String)[pri:26, instance:TestCases.LoanTenureCalculatorUICheck@6f10d5b6]" name="validateMaintenanceExpensesPerMonthInputField" class="TestCases.HomeLoanEMI"/>
        <method signature="HomeLoanEMI.printAllTheData()[pri:27, instance:TestCases.LoanTenureCalculatorUICheck@6f10d5b6]" name="printAllTheData" class="TestCases.HomeLoanEMI"/>
        <method signature="CalculateEmiUICheck.verifyEmiCalculatorLoanAmountInputFieldPresence()[pri:31, instance:TestCases.LoanTenureCalculatorUICheck@6f10d5b6]" name="verifyEmiCalculatorLoanAmountInputFieldPresence" class="TestCases.CalculateEmiUICheck"/>
        <method signature="CalculateEmiUICheck.validateEmiCalculatorLoanAmountInputFieldByPassingValue(java.lang.String,java.lang.String,java.lang.String,java.lang.String)[pri:32, instance:TestCases.LoanTenureCalculatorUICheck@6f10d5b6]" name="validateEmiCalculatorLoanAmountInputFieldByPassingValue" class="TestCases.CalculateEmiUICheck"/>
        <method signature="CalculateEmiUICheck.verifyEmiCalculatorInterestRateInputFieldPresence()[pri:33, instance:TestCases.LoanTenureCalculatorUICheck@6f10d5b6]" name="verifyEmiCalculatorInterestRateInputFieldPresence" class="TestCases.CalculateEmiUICheck"/>
        <method signature="CalculateEmiUICheck.validateEmiCalculatorInterestRateInputFieldByPassingValue(java.lang.String,java.lang.String,java.lang.String,java.lang.String)[pri:34, instance:TestCases.LoanTenureCalculatorUICheck@6f10d5b6]" name="validateEmiCalculatorInterestRateInputFieldByPassingValue" class="TestCases.CalculateEmiUICheck"/>
        <method signature="CalculateEmiUICheck.verifyEmiCalculatorLoanTenureInputFieldPresence()[pri:35, instance:TestCases.LoanTenureCalculatorUICheck@6f10d5b6]" name="verifyEmiCalculatorLoanTenureInputFieldPresence" class="TestCases.CalculateEmiUICheck"/>
        <method signature="CalculateEmiUICheck.validateEmiCalculatorLoanTenureInputFieldByPassingValue(java.lang.String,java.lang.String,java.lang.String,java.lang.String)[pri:36, instance:TestCases.LoanTenureCalculatorUICheck@6f10d5b6]" name="validateEmiCalculatorLoanTenureInputFieldByPassingValue" class="TestCases.CalculateEmiUICheck"/>
        <method signature="CalculateEmiUICheck.validateEmiCalculatorLoanTenureMonthButton()[pri:37, instance:TestCases.LoanTenureCalculatorUICheck@6f10d5b6]" name="validateEmiCalculatorLoanTenureMonthButton" class="TestCases.CalculateEmiUICheck"/>
        <method signature="CalculateEmiUICheck.verifyEmiCalculatorLoanChargesInputFieldPresence()[pri:38, instance:TestCases.LoanTenureCalculatorUICheck@6f10d5b6]" name="verifyEmiCalculatorLoanChargesInputFieldPresence" class="TestCases.CalculateEmiUICheck"/>
        <method signature="CalculateEmiUICheck.validateEmiCalculatorLoanChargesInputFieldByPassingValue(java.lang.String,java.lang.String,java.lang.String,java.lang.String)[pri:39, instance:TestCases.LoanTenureCalculatorUICheck@6f10d5b6]" name="validateEmiCalculatorLoanChargesInputFieldByPassingValue" class="TestCases.CalculateEmiUICheck"/>
        <method signature="LoanAmountCalculatorUICheck.verifyEmiInputFieldPresence()[pri:41, instance:TestCases.LoanTenureCalculatorUICheck@6f10d5b6]" name="verifyEmiInputFieldPresence" class="TestCases.LoanAmountCalculatorUICheck"/>
        <method signature="LoanAmountCalculatorUICheck.verifyEmiInputFieldByPassingValue(java.lang.String,java.lang.String,java.lang.String,java.lang.String)[pri:42, instance:TestCases.LoanTenureCalculatorUICheck@6f10d5b6]" name="verifyEmiInputFieldByPassingValue" class="TestCases.LoanAmountCalculatorUICheck"/>
        <method signature="LoanAmountCalculatorUICheck.verifyLoanAmountInterestRateInputFieldPresence()[pri:43, instance:TestCases.LoanTenureCalculatorUICheck@6f10d5b6]" name="verifyLoanAmountInterestRateInputFieldPresence" class="TestCases.LoanAmountCalculatorUICheck"/>
        <method signature="LoanAmountCalculatorUICheck.validateLoanAmountInterestRateInputFieldByPassingValue(java.lang.String,java.lang.String,java.lang.String,java.lang.String)[pri:44, instance:TestCases.LoanTenureCalculatorUICheck@6f10d5b6]" name="validateLoanAmountInterestRateInputFieldByPassingValue" class="TestCases.LoanAmountCalculatorUICheck"/>
        <method signature="LoanAmountCalculatorUICheck.verifyLoanAmountTenureInputFieldPresence()[pri:45, instance:TestCases.LoanTenureCalculatorUICheck@6f10d5b6]" name="verifyLoanAmountTenureInputFieldPresence" class="TestCases.LoanAmountCalculatorUICheck"/>
        <method signature="LoanAmountCalculatorUICheck.validateLoanAmountTenureInputFieldByPassingValue(java.lang.String,java.lang.String,java.lang.String,java.lang.String)[pri:46, instance:TestCases.LoanTenureCalculatorUICheck@6f10d5b6]" name="validateLoanAmountTenureInputFieldByPassingValue" class="TestCases.LoanAmountCalculatorUICheck"/>
        <method signature="LoanAmountCalculatorUICheck.validateLoanAmountLoanTenureMonthButton()[pri:47, instance:TestCases.LoanTenureCalculatorUICheck@6f10d5b6]" name="validateLoanAmountLoanTenureMonthButton" class="TestCases.LoanAmountCalculatorUICheck"/>
        <method signature="LoanAmountCalculatorUICheck.verifyLoanAmountLoanChargesInputFieldPresence()[pri:48, instance:TestCases.LoanTenureCalculatorUICheck@6f10d5b6]" name="verifyLoanAmountLoanChargesInputFieldPresence" class="TestCases.LoanAmountCalculatorUICheck"/>
        <method signature="LoanAmountCalculatorUICheck.validateLoanAmountLoanChargesInputFieldByPassingValue(java.lang.String,java.lang.String,java.lang.String,java.lang.String)[pri:49, instance:TestCases.LoanTenureCalculatorUICheck@6f10d5b6]" name="validateLoanAmountLoanChargesInputFieldByPassingValue" class="TestCases.LoanAmountCalculatorUICheck"/>
        <method signature="LoanTenureCalculatorUICheck.verifyLoanTenureLoanAmountInputFieldPresence()[pri:51, instance:TestCases.LoanTenureCalculatorUICheck@6f10d5b6]" name="verifyLoanTenureLoanAmountInputFieldPresence" class="TestCases.LoanTenureCalculatorUICheck"/>
        <method signature="LoanTenureCalculatorUICheck.validateLoanTenureLoanAmountInputFieldByPassingValue(java.lang.String,java.lang.String,java.lang.String)[pri:52, instance:TestCases.LoanTenureCalculatorUICheck@6f10d5b6]" name="validateLoanTenureLoanAmountInputFieldByPassingValue" class="TestCases.LoanTenureCalculatorUICheck"/>
        <method signature="LoanTenureCalculatorUICheck.verifyLoanTenureEmiInputFieldPresence()[pri:53, instance:TestCases.LoanTenureCalculatorUICheck@6f10d5b6]" name="verifyLoanTenureEmiInputFieldPresence" class="TestCases.LoanTenureCalculatorUICheck"/>
        <method signature="LoanTenureCalculatorUICheck.verifyLoanTenureInterestRateInputFieldPresence()[pri:54, instance:TestCases.LoanTenureCalculatorUICheck@6f10d5b6]" name="verifyLoanTenureInterestRateInputFieldPresence" class="TestCases.LoanTenureCalculatorUICheck"/>
        <method signature="LoanTenureCalculatorUICheck.validateLoanTenureInterestRateInputFieldByPassingValue(java.lang.String,java.lang.String,java.lang.String)[pri:55, instance:TestCases.LoanTenureCalculatorUICheck@6f10d5b6]" name="validateLoanTenureInterestRateInputFieldByPassingValue" class="TestCases.LoanTenureCalculatorUICheck"/>
        <method signature="LoanTenureCalculatorUICheck.verifyLoanTenuteLoanChargesInputFieldPresence()[pri:56, instance:TestCases.LoanTenureCalculatorUICheck@6f10d5b6]" name="verifyLoanTenuteLoanChargesInputFieldPresence" class="TestCases.LoanTenureCalculatorUICheck"/>
        <method signature="LoanTenureCalculatorUICheck.validateLoanTenureLoanChargesInputFieldByValue(java.lang.String,java.lang.String,java.lang.String)[pri:57, instance:TestCases.LoanTenureCalculatorUICheck@6f10d5b6]" name="validateLoanTenureLoanChargesInputFieldByValue" class="TestCases.LoanTenureCalculatorUICheck"/>
        <method signature="CarLoanEMI.setCarAmount(java.lang.String,java.lang.String,java.lang.String)[pri:2, instance:TestCases.LoanTenureCalculatorUICheck@3feb2dda]" name="setCarAmount" class="TestCases.CarLoanEMI"/>
        <method signature="CarLoanEMI.setInterestRate(java.lang.String,java.lang.String,java.lang.String)[pri:3, instance:TestCases.LoanTenureCalculatorUICheck@3feb2dda]" name="setInterestRate" class="TestCases.CarLoanEMI"/>
        <method signature="CarLoanEMI.setLoanTenure(java.lang.String,java.lang.String,java.lang.String)[pri:4, instance:TestCases.LoanTenureCalculatorUICheck@3feb2dda]" name="setLoanTenure" class="TestCases.CarLoanEMI"/>
        <method signature="CarLoanEMI.clickOnyear()[pri:5, instance:TestCases.LoanTenureCalculatorUICheck@3feb2dda]" name="clickOnyear" class="TestCases.CarLoanEMI"/>
        <method signature="CarLoanEMI.readData()[pri:6, instance:TestCases.LoanTenureCalculatorUICheck@3feb2dda]" name="readData" class="TestCases.CarLoanEMI"/>
        <method signature="HomeLoanEMI.validateHomeValueInputfield(java.lang.String,java.lang.String,java.lang.String,java.lang.String,java.lang.String,java.lang.String,java.lang.String,java.lang.String,java.lang.String,java.lang.String,java.lang.String)[pri:9, instance:TestCases.LoanTenureCalculatorUICheck@3feb2dda]" name="validateHomeValueInputfield" class="TestCases.HomeLoanEMI"/>
        <method signature="HomeLoanEMI.validateDownPaymentInputFieldInPercentage(java.lang.String,java.lang.String,java.lang.String,java.lang.String,java.lang.String,java.lang.String,java.lang.String,java.lang.String,java.lang.String,java.lang.String,java.lang.String)[pri:10, instance:TestCases.LoanTenureCalculatorUICheck@3feb2dda]" name="validateDownPaymentInputFieldInPercentage" class="TestCases.HomeLoanEMI"/>
        <method signature="HomeLoanEMI.validateDownPaymentRupeesButton()[pri:11, instance:TestCases.LoanTenureCalculatorUICheck@3feb2dda]" name="validateDownPaymentRupeesButton" class="TestCases.HomeLoanEMI"/>
        <method signature="HomeLoanEMI.validateLoanInsuranceInputField(java.lang.String,java.lang.String,java.lang.String,java.lang.String,java.lang.String,java.lang.String,java.lang.String,java.lang.String,java.lang.String,java.lang.String,java.lang.String)[pri:12, instance:TestCases.LoanTenureCalculatorUICheck@3feb2dda]" name="validateLoanInsuranceInputField" class="TestCases.HomeLoanEMI"/>
        <method signature="HomeLoanEMI.validateInterestRateInputField(java.lang.String,java.lang.String,java.lang.String,java.lang.String,java.lang.String,java.lang.String,java.lang.String,java.lang.String,java.lang.String,java.lang.String,java.lang.String)[pri:13, instance:TestCases.LoanTenureCalculatorUICheck@3feb2dda]" name="validateInterestRateInputField" class="TestCases.HomeLoanEMI"/>
        <method signature="HomeLoanEMI.validateLoanTenureInputField(java.lang.String,java.lang.String,java.lang.String,java.lang.String,java.lang.String,java.lang.String,java.lang.String,java.lang.String,java.lang.String,java.lang.String,java.lang.String)[pri:14, instance:TestCases.LoanTenureCalculatorUICheck@3feb2dda]" name="validateLoanTenureInputField" class="TestCases.HomeLoanEMI"/>
        <method signature="HomeLoanEMI.validateLoanTenureMonthsButton()[pri:15, instance:TestCases.LoanTenureCalculatorUICheck@3feb2dda]" name="validateLoanTenureMonthsButton" class="TestCases.HomeLoanEMI"/>
        <method signature="HomeLoanEMI.validateLoanChargesInputField(java.lang.String,java.lang.String,java.lang.String,java.lang.String,java.lang.String,java.lang.String,java.lang.String,java.lang.String,java.lang.String,java.lang.String,java.lang.String)[pri:16, instance:TestCases.LoanTenureCalculatorUICheck@3feb2dda]" name="validateLoanChargesInputField" class="TestCases.HomeLoanEMI"/>
        <method signature="HomeLoanEMI.validateLoanChargesRupeesButtonElement()[pri:17, instance:TestCases.LoanTenureCalculatorUICheck@3feb2dda]" name="validateLoanChargesRupeesButtonElement" class="TestCases.HomeLoanEMI"/>
        <method signature="HomeLoanEMI.validateLoanStartMonthAndYearField()[pri:18, instance:TestCases.LoanTenureCalculatorUICheck@3feb2dda]" name="validateLoanStartMonthAndYearField" class="TestCases.HomeLoanEMI"/>
        <method signature="HomeLoanEMI.validateLoanStartMonthAndYearInputField(java.lang.String,java.lang.String,java.lang.String,java.lang.String,java.lang.String,java.lang.String,java.lang.String,java.lang.String,java.lang.String,java.lang.String,java.lang.String)[pri:19, instance:TestCases.LoanTenureCalculatorUICheck@3feb2dda]" name="validateLoanStartMonthAndYearInputField" class="TestCases.HomeLoanEMI"/>
        <method signature="HomeLoanEMI.validateOneTimeExpensesInputField(java.lang.String,java.lang.String,java.lang.String,java.lang.String,java.lang.String,java.lang.String,java.lang.String,java.lang.String,java.lang.String,java.lang.String,java.lang.String)[pri:20, instance:TestCases.LoanTenureCalculatorUICheck@3feb2dda]" name="validateOneTimeExpensesInputField" class="TestCases.HomeLoanEMI"/>
        <method signature="HomeLoanEMI.validateOneTimeExpensesRupeesButton()[pri:21, instance:TestCases.LoanTenureCalculatorUICheck@3feb2dda]" name="validateOneTimeExpensesRupeesButton" class="TestCases.HomeLoanEMI"/>
        <method signature="HomeLoanEMI.validatePropertyTaxesPerYearInputField(java.lang.String,java.lang.String,java.lang.String,java.lang.String,java.lang.String,java.lang.String,java.lang.String,java.lang.String,java.lang.String,java.lang.String,java.lang.String)[pri:22, instance:TestCases.LoanTenureCalculatorUICheck@3feb2dda]" name="validatePropertyTaxesPerYearInputField" class="TestCases.HomeLoanEMI"/>
        <method signature="HomeLoanEMI.validatePropertyTaxesPerYearRupeesButton()[pri:23, instance:TestCases.LoanTenureCalculatorUICheck@3feb2dda]" name="validatePropertyTaxesPerYearRupeesButton" class="TestCases.HomeLoanEMI"/>
        <method signature="HomeLoanEMI.validateHomeInsurancePerYearInputField(java.lang.String,java.lang.String,java.lang.String,java.lang.String,java.lang.String,java.lang.String,java.lang.String,java.lang.String,java.lang.String,java.lang.String,java.lang.String)[pri:24, instance:TestCases.LoanTenureCalculatorUICheck@3feb2dda]" name="validateHomeInsurancePerYearInputField" class="TestCases.HomeLoanEMI"/>
        <method signature="HomeLoanEMI.validateHomeInsurancePerYearRupeesButton()[pri:25, instance:TestCases.LoanTenureCalculatorUICheck@3feb2dda]" name="validateHomeInsurancePerYearRupeesButton" class="TestCases.HomeLoanEMI"/>
        <method signature="HomeLoanEMI.validateMaintenanceExpensesPerMonthInputField(java.lang.String,java.lang.String,java.lang.String,java.lang.String,java.lang.String,java.lang.String,java.lang.String,java.lang.String,java.lang.String,java.lang.String,java.lang.String)[pri:26, instance:TestCases.LoanTenureCalculatorUICheck@3feb2dda]" name="validateMaintenanceExpensesPerMonthInputField" class="TestCases.HomeLoanEMI"/>
        <method signature="HomeLoanEMI.printAllTheData()[pri:27, instance:TestCases.LoanTenureCalculatorUICheck@3feb2dda]" name="printAllTheData" class="TestCases.HomeLoanEMI"/>
        <method signature="CalculateEmiUICheck.verifyEmiCalculatorLoanAmountInputFieldPresence()[pri:31, instance:TestCases.LoanTenureCalculatorUICheck@3feb2dda]" name="verifyEmiCalculatorLoanAmountInputFieldPresence" class="TestCases.CalculateEmiUICheck"/>
        <method signature="CalculateEmiUICheck.validateEmiCalculatorLoanAmountInputFieldByPassingValue(java.lang.String,java.lang.String,java.lang.String,java.lang.String)[pri:32, instance:TestCases.LoanTenureCalculatorUICheck@3feb2dda]" name="validateEmiCalculatorLoanAmountInputFieldByPassingValue" class="TestCases.CalculateEmiUICheck"/>
        <method signature="CalculateEmiUICheck.verifyEmiCalculatorInterestRateInputFieldPresence()[pri:33, instance:TestCases.LoanTenureCalculatorUICheck@3feb2dda]" name="verifyEmiCalculatorInterestRateInputFieldPresence" class="TestCases.CalculateEmiUICheck"/>
        <method signature="CalculateEmiUICheck.validateEmiCalculatorInterestRateInputFieldByPassingValue(java.lang.String,java.lang.String,java.lang.String,java.lang.String)[pri:34, instance:TestCases.LoanTenureCalculatorUICheck@3feb2dda]" name="validateEmiCalculatorInterestRateInputFieldByPassingValue" class="TestCases.CalculateEmiUICheck"/>
        <method signature="CalculateEmiUICheck.verifyEmiCalculatorLoanTenureInputFieldPresence()[pri:35, instance:TestCases.LoanTenureCalculatorUICheck@3feb2dda]" name="verifyEmiCalculatorLoanTenureInputFieldPresence" class="TestCases.CalculateEmiUICheck"/>
        <method signature="CalculateEmiUICheck.validateEmiCalculatorLoanTenureInputFieldByPassingValue(java.lang.String,java.lang.String,java.lang.String,java.lang.String)[pri:36, instance:TestCases.LoanTenureCalculatorUICheck@3feb2dda]" name="validateEmiCalculatorLoanTenureInputFieldByPassingValue" class="TestCases.CalculateEmiUICheck"/>
        <method signature="CalculateEmiUICheck.validateEmiCalculatorLoanTenureMonthButton()[pri:37, instance:TestCases.LoanTenureCalculatorUICheck@3feb2dda]" name="validateEmiCalculatorLoanTenureMonthButton" class="TestCases.CalculateEmiUICheck"/>
        <method signature="CalculateEmiUICheck.verifyEmiCalculatorLoanChargesInputFieldPresence()[pri:38, instance:TestCases.LoanTenureCalculatorUICheck@3feb2dda]" name="verifyEmiCalculatorLoanChargesInputFieldPresence" class="TestCases.CalculateEmiUICheck"/>
        <method signature="CalculateEmiUICheck.validateEmiCalculatorLoanChargesInputFieldByPassingValue(java.lang.String,java.lang.String,java.lang.String,java.lang.String)[pri:39, instance:TestCases.LoanTenureCalculatorUICheck@3feb2dda]" name="validateEmiCalculatorLoanChargesInputFieldByPassingValue" class="TestCases.CalculateEmiUICheck"/>
        <method signature="LoanAmountCalculatorUICheck.verifyEmiInputFieldPresence()[pri:41, instance:TestCases.LoanTenureCalculatorUICheck@3feb2dda]" name="verifyEmiInputFieldPresence" class="TestCases.LoanAmountCalculatorUICheck"/>
        <method signature="LoanAmountCalculatorUICheck.verifyEmiInputFieldByPassingValue(java.lang.String,java.lang.String,java.lang.String,java.lang.String)[pri:42, instance:TestCases.LoanTenureCalculatorUICheck@3feb2dda]" name="verifyEmiInputFieldByPassingValue" class="TestCases.LoanAmountCalculatorUICheck"/>
        <method signature="LoanAmountCalculatorUICheck.verifyLoanAmountInterestRateInputFieldPresence()[pri:43, instance:TestCases.LoanTenureCalculatorUICheck@3feb2dda]" name="verifyLoanAmountInterestRateInputFieldPresence" class="TestCases.LoanAmountCalculatorUICheck"/>
        <method signature="LoanAmountCalculatorUICheck.validateLoanAmountInterestRateInputFieldByPassingValue(java.lang.String,java.lang.String,java.lang.String,java.lang.String)[pri:44, instance:TestCases.LoanTenureCalculatorUICheck@3feb2dda]" name="validateLoanAmountInterestRateInputFieldByPassingValue" class="TestCases.LoanAmountCalculatorUICheck"/>
        <method signature="LoanAmountCalculatorUICheck.verifyLoanAmountTenureInputFieldPresence()[pri:45, instance:TestCases.LoanTenureCalculatorUICheck@3feb2dda]" name="verifyLoanAmountTenureInputFieldPresence" class="TestCases.LoanAmountCalculatorUICheck"/>
        <method signature="LoanAmountCalculatorUICheck.validateLoanAmountTenureInputFieldByPassingValue(java.lang.String,java.lang.String,java.lang.String,java.lang.String)[pri:46, instance:TestCases.LoanTenureCalculatorUICheck@3feb2dda]" name="validateLoanAmountTenureInputFieldByPassingValue" class="TestCases.LoanAmountCalculatorUICheck"/>
        <method signature="LoanAmountCalculatorUICheck.validateLoanAmountLoanTenureMonthButton()[pri:47, instance:TestCases.LoanTenureCalculatorUICheck@3feb2dda]" name="validateLoanAmountLoanTenureMonthButton" class="TestCases.LoanAmountCalculatorUICheck"/>
        <method signature="LoanAmountCalculatorUICheck.verifyLoanAmountLoanChargesInputFieldPresence()[pri:48, instance:TestCases.LoanTenureCalculatorUICheck@3feb2dda]" name="verifyLoanAmountLoanChargesInputFieldPresence" class="TestCases.LoanAmountCalculatorUICheck"/>
        <method signature="LoanAmountCalculatorUICheck.validateLoanAmountLoanChargesInputFieldByPassingValue(java.lang.String,java.lang.String,java.lang.String,java.lang.String)[pri:49, instance:TestCases.LoanTenureCalculatorUICheck@3feb2dda]" name="validateLoanAmountLoanChargesInputFieldByPassingValue" class="TestCases.LoanAmountCalculatorUICheck"/>
        <method signature="LoanTenureCalculatorUICheck.verifyLoanTenureLoanAmountInputFieldPresence()[pri:51, instance:TestCases.LoanTenureCalculatorUICheck@3feb2dda]" name="verifyLoanTenureLoanAmountInputFieldPresence" class="TestCases.LoanTenureCalculatorUICheck"/>
        <method signature="LoanTenureCalculatorUICheck.validateLoanTenureLoanAmountInputFieldByPassingValue(java.lang.String,java.lang.String,java.lang.String)[pri:52, instance:TestCases.LoanTenureCalculatorUICheck@3feb2dda]" name="validateLoanTenureLoanAmountInputFieldByPassingValue" class="TestCases.LoanTenureCalculatorUICheck"/>
        <method signature="LoanTenureCalculatorUICheck.verifyLoanTenureEmiInputFieldPresence()[pri:53, instance:TestCases.LoanTenureCalculatorUICheck@3feb2dda]" name="verifyLoanTenureEmiInputFieldPresence" class="TestCases.LoanTenureCalculatorUICheck"/>
        <method signature="LoanTenureCalculatorUICheck.verifyLoanTenureInterestRateInputFieldPresence()[pri:54, instance:TestCases.LoanTenureCalculatorUICheck@3feb2dda]" name="verifyLoanTenureInterestRateInputFieldPresence" class="TestCases.LoanTenureCalculatorUICheck"/>
        <method signature="LoanTenureCalculatorUICheck.validateLoanTenureInterestRateInputFieldByPassingValue(java.lang.String,java.lang.String,java.lang.String)[pri:55, instance:TestCases.LoanTenureCalculatorUICheck@3feb2dda]" name="validateLoanTenureInterestRateInputFieldByPassingValue" class="TestCases.LoanTenureCalculatorUICheck"/>
        <method signature="LoanTenureCalculatorUICheck.verifyLoanTenuteLoanChargesInputFieldPresence()[pri:56, instance:TestCases.LoanTenureCalculatorUICheck@3feb2dda]" name="verifyLoanTenuteLoanChargesInputFieldPresence" class="TestCases.LoanTenureCalculatorUICheck"/>
        <method signature="LoanTenureCalculatorUICheck.validateLoanTenureLoanChargesInputFieldByValue(java.lang.String,java.lang.String,java.lang.String)[pri:57, instance:TestCases.LoanTenureCalculatorUICheck@3feb2dda]" name="validateLoanTenureLoanChargesInputFieldByValue" class="TestCases.LoanTenureCalculatorUICheck"/>
      </group> <!-- Regression -->
    </groups>
    <test started-at="2024-02-15T10:25:18 IST" name="ChromeTest" finished-at="2024-02-15T10:26:45 IST" duration-ms="87032">
      <class name="TestCases.LoanTenureCalculatorUICheck">
        <test-method is-config="true" signature="setUp(java.lang.String,java.lang.String)[pri:0, instance:TestCases.LoanTenureCalculatorUICheck@6f10d5b6]" started-at="2024-02-15T10:25:19 IST" name="setUp" finished-at="2024-02-15T10:25:50 IST" duration-ms="30866" status="PASS">
          <params>
            <param index="0">
              <value>
                <![CDATA[Windows]]>
              </value>
            </param>
            <param index="1">
              <value>
                <![CDATA[chrome]]>
              </value>
            </param>
          </params>
          <reporter-output>
          </reporter-output>
        </test-method> <!-- setUp -->
        <test-method signature="clickOnCarLoanLink()[pri:1, instance:TestCases.LoanTenureCalculatorUICheck@6f10d5b6]" started-at="2024-02-15T10:25:50 IST" name="clickOnCarLoanLink" finished-at="2024-02-15T10:25:50 IST" duration-ms="679" status="PASS">
          <reporter-output>
          </reporter-output>
        </test-method> <!-- clickOnCarLoanLink -->
        <test-method signature="setCarAmount(java.lang.String,java.lang.String,java.lang.String)[pri:2, instance:TestCases.LoanTenureCalculatorUICheck@6f10d5b6]" started-at="2024-02-15T10:25:53 IST" name="setCarAmount" data-provider="carLoanData" finished-at="2024-02-15T10:25:54 IST" depends-on-methods="TestCases.CarLoanEMI.clickOnCarLoanLink" duration-ms="880" status="PASS">
          <params>
            <param index="0">
              <value>
                <![CDATA[15,00,000]]>
              </value>
            </param>
            <param index="1">
              <value>
                <![CDATA[9.5]]>
              </value>
            </param>
            <param index="2">
              <value>
                <![CDATA[1.0]]>
              </value>
            </param>
          </params>
          <reporter-output>
          </reporter-output>
        </test-method> <!-- setCarAmount -->
        <test-method signature="setInterestRate(java.lang.String,java.lang.String,java.lang.String)[pri:3, instance:TestCases.LoanTenureCalculatorUICheck@6f10d5b6]" started-at="2024-02-15T10:25:55 IST" name="setInterestRate" data-provider="carLoanData" finished-at="2024-02-15T10:25:56 IST" depends-on-methods="TestCases.CarLoanEMI.clickOnCarLoanLink" duration-ms="755" status="PASS">
          <params>
            <param index="0">
              <value>
                <![CDATA[15,00,000]]>
              </value>
            </param>
            <param index="1">
              <value>
                <![CDATA[9.5]]>
              </value>
            </param>
            <param index="2">
              <value>
                <![CDATA[1.0]]>
              </value>
            </param>
          </params>
          <reporter-output>
          </reporter-output>
        </test-method> <!-- setInterestRate -->
        <test-method signature="setLoanTenure(java.lang.String,java.lang.String,java.lang.String)[pri:4, instance:TestCases.LoanTenureCalculatorUICheck@6f10d5b6]" started-at="2024-02-15T10:25:57 IST" name="setLoanTenure" data-provider="carLoanData" finished-at="2024-02-15T10:25:58 IST" depends-on-methods="TestCases.CarLoanEMI.clickOnCarLoanLink" duration-ms="804" status="PASS">
          <params>
            <param index="0">
              <value>
                <![CDATA[15,00,000]]>
              </value>
            </param>
            <param index="1">
              <value>
                <![CDATA[9.5]]>
              </value>
            </param>
            <param index="2">
              <value>
                <![CDATA[1.0]]>
              </value>
            </param>
          </params>
          <reporter-output>
          </reporter-output>
        </test-method> <!-- setLoanTenure -->
        <test-method signature="clickOnyear()[pri:5, instance:TestCases.LoanTenureCalculatorUICheck@6f10d5b6]" started-at="2024-02-15T10:25:58 IST" name="clickOnyear" finished-at="2024-02-15T10:25:58 IST" depends-on-methods="TestCases.CarLoanEMI.clickOnCarLoanLink" duration-ms="230" status="PASS">
          <reporter-output>
          </reporter-output>
        </test-method> <!-- clickOnyear -->
        <test-method signature="readData()[pri:6, instance:TestCases.LoanTenureCalculatorUICheck@6f10d5b6]" started-at="2024-02-15T10:25:59 IST" name="readData" finished-at="2024-02-15T10:25:59 IST" depends-on-methods="TestCases.CarLoanEMI.clickOnCarLoanLink" duration-ms="198" status="PASS">
          <reporter-output>
          </reporter-output>
        </test-method> <!-- readData -->
        <test-method signature="calculatorsDropDownValidation()[pri:7, instance:TestCases.LoanTenureCalculatorUICheck@6f10d5b6]" started-at="2024-02-15T10:25:59 IST" name="calculatorsDropDownValidation" finished-at="2024-02-15T10:25:59 IST" duration-ms="279" status="PASS">
          <reporter-output>
          </reporter-output>
        </test-method> <!-- calculatorsDropDownValidation -->
        <test-method signature="homeLoanEmiCalculatorValidation()[pri:8, instance:TestCases.LoanTenureCalculatorUICheck@6f10d5b6]" started-at="2024-02-15T10:26:00 IST" name="homeLoanEmiCalculatorValidation" finished-at="2024-02-15T10:26:10 IST" duration-ms="10461" status="FAIL">
          <exception class="org.openqa.selenium.NoSuchElementException">
            <message>
              <![CDATA[no such element: Unable to locate element: {"method":"xpath","selector":"//h3[@id='ld']"}
  (Session info: chrome=120.0.6099.130)
For documentation on this error, please visit: https://www.selenium.dev/documentation/webdriver/troubleshooting/errors#no-such-element-exception
Build info: version: '4.16.1', revision: '9b4c83354e'
System info: os.name: 'Windows 11', os.arch: 'amd64', os.version: '10.0', java.version: '17.0.9'
Driver info: org.openqa.selenium.chrome.ChromeDriver
Command: [2b4568ce0ee26c10269de1d58db0ade8, findElement {using=xpath, value=//h3[@id='ld']}]
Capabilities {acceptInsecureCerts: false, browserName: chrome, browserVersion: 120.0.6099.130, chrome: {chromedriverVersion: 120.0.6099.109 (3419140ab66..., userDataDir: C:\Windows\SystemTemp\scope...}, fedcm:accounts: true, goog:chromeOptions: {debuggerAddress: localhost:65361}, networkConnectionEnabled: false, pageLoadStrategy: normal, platformName: windows, proxy: Proxy(), se:cdp: ws://localhost:65361/devtoo..., se:cdpVersion: 120.0.6099.130, setWindowRect: true, strictFileInteractability: false, timeouts: {implicit: 0, pageLoad: 300000, script: 30000}, unhandledPromptBehavior: dismiss and notify, webauthn:extension:credBlob: true, webauthn:extension:largeBlob: true, webauthn:extension:minPinLength: true, webauthn:extension:prf: true, webauthn:virtualAuthenticators: true}
Session ID: 2b4568ce0ee26c10269de1d58db0ade8]]>
            </message>
            <full-stacktrace>
              <![CDATA[org.openqa.selenium.NoSuchElementException: no such element: Unable to locate element: {"method":"xpath","selector":"//h3[@id='ld']"}
  (Session info: chrome=120.0.6099.130)
For documentation on this error, please visit: https://www.selenium.dev/documentation/webdriver/troubleshooting/errors#no-such-element-exception
Build info: version: '4.16.1', revision: '9b4c83354e'
System info: os.name: 'Windows 11', os.arch: 'amd64', os.version: '10.0', java.version: '17.0.9'
Driver info: org.openqa.selenium.chrome.ChromeDriver
Command: [2b4568ce0ee26c10269de1d58db0ade8, findElement {using=xpath, value=//h3[@id='ld']}]
Capabilities {acceptInsecureCerts: false, browserName: chrome, browserVersion: 120.0.6099.130, chrome: {chromedriverVersion: 120.0.6099.109 (3419140ab66..., userDataDir: C:\Windows\SystemTemp\scope...}, fedcm:accounts: true, goog:chromeOptions: {debuggerAddress: localhost:65361}, networkConnectionEnabled: false, pageLoadStrategy: normal, platformName: windows, proxy: Proxy(), se:cdp: ws://localhost:65361/devtoo..., se:cdpVersion: 120.0.6099.130, setWindowRect: true, strictFileInteractability: false, timeouts: {implicit: 0, pageLoad: 300000, script: 30000}, unhandledPromptBehavior: dismiss and notify, webauthn:extension:credBlob: true, webauthn:extension:largeBlob: true, webauthn:extension:minPinLength: true, webauthn:extension:prf: true, webauthn:virtualAuthenticators: true}
Session ID: 2b4568ce0ee26c10269de1d58db0ade8
at java.base/jdk.internal.reflect.NativeConstructorAccessorImpl.newInstance0(Native Method)
at java.base/jdk.internal.reflect.NativeConstructorAccessorImpl.newInstance(NativeConstructorAccessorImpl.java:77)
at java.base/jdk.internal.reflect.DelegatingConstructorAccessorImpl.newInstance(DelegatingConstructorAccessorImpl.java:45)
at java.base/java.lang.reflect.Constructor.newInstanceWithCaller(Constructor.java:499)
at java.base/java.lang.reflect.Constructor.newInstance(Constructor.java:480)
at org.openqa.selenium.remote.codec.w3c.W3CHttpResponseCodec.createException(W3CHttpResponseCodec.java:200)
at org.openqa.selenium.remote.codec.w3c.W3CHttpResponseCodec.decode(W3CHttpResponseCodec.java:133)
at org.openqa.selenium.remote.codec.w3c.W3CHttpResponseCodec.decode(W3CHttpResponseCodec.java:52)
at org.openqa.selenium.remote.HttpCommandExecutor.execute(HttpCommandExecutor.java:191)
at org.openqa.selenium.remote.service.DriverCommandExecutor.invokeExecute(DriverCommandExecutor.java:200)
at org.openqa.selenium.remote.service.DriverCommandExecutor.execute(DriverCommandExecutor.java:175)
at org.openqa.selenium.remote.RemoteWebDriver.execute(RemoteWebDriver.java:523)
at org.openqa.selenium.remote.ElementLocation$ElementFinder$2.findElement(ElementLocation.java:165)
at org.openqa.selenium.remote.ElementLocation.findElement(ElementLocation.java:59)
at org.openqa.selenium.remote.RemoteWebDriver.findElement(RemoteWebDriver.java:360)
at org.openqa.selenium.remote.RemoteWebDriver.findElement(RemoteWebDriver.java:354)
at org.openqa.selenium.support.pagefactory.DefaultElementLocator.findElement(DefaultElementLocator.java:68)
at org.openqa.selenium.support.pagefactory.internal.LocatingElementHandler.invoke(LocatingElementHandler.java:38)
at jdk.proxy2/jdk.proxy2.$Proxy31.isDisplayed(Unknown Source)
at PageObject.HomeLoanPage.validateHomeLoanEmiCalculator(HomeLoanPage.java:147)
at TestCases.HomeLoanEMI.homeLoanEmiCalculatorValidation(HomeLoanEMI.java:50)
at java.base/jdk.internal.reflect.NativeMethodAccessorImpl.invoke0(Native Method)
at java.base/jdk.internal.reflect.NativeMethodAccessorImpl.invoke(NativeMethodAccessorImpl.java:77)
at java.base/jdk.internal.reflect.DelegatingMethodAccessorImpl.invoke(DelegatingMethodAccessorImpl.java:43)
at java.base/java.lang.reflect.Method.invoke(Method.java:568)
at org.testng.internal.invokers.MethodInvocationHelper.invokeMethod(MethodInvocationHelper.java:139)
at org.testng.internal.invokers.TestInvoker.invokeMethod(TestInvoker.java:664)
at org.testng.internal.invokers.TestInvoker.invokeTestMethod(TestInvoker.java:227)
at org.testng.internal.invokers.MethodRunner.runInSequence(MethodRunner.java:50)
at org.testng.internal.invokers.TestInvoker$MethodInvocationAgent.invoke(TestInvoker.java:957)
at org.testng.internal.invokers.TestInvoker.invokeTestMethods(TestInvoker.java:200)
at org.testng.internal.invokers.TestMethodWorker.invokeTestMethods(TestMethodWorker.java:148)
at org.testng.internal.invokers.TestMethodWorker.run(TestMethodWorker.java:128)
at java.base/java.util.ArrayList.forEach(ArrayList.java:1511)
at org.testng.TestRunner.privateRun(TestRunner.java:848)
at org.testng.TestRunner.run(TestRunner.java:621)
at org.testng.SuiteRunner.runTest(SuiteRunner.java:443)
at org.testng.SuiteRunner.runSequentially(SuiteRunner.java:437)
at org.testng.SuiteRunner.privateRun(SuiteRunner.java:397)
at org.testng.SuiteRunner.run(SuiteRunner.java:336)
at org.testng.SuiteRunnerWorker.runSuite(SuiteRunnerWorker.java:52)
at org.testng.SuiteRunnerWorker.run(SuiteRunnerWorker.java:95)
at org.testng.TestNG.runSuitesSequentially(TestNG.java:1280)
at org.testng.TestNG.runSuitesLocally(TestNG.java:1200)
at org.testng.TestNG.runSuites(TestNG.java:1114)
at org.testng.TestNG.run(TestNG.java:1082)
at org.testng.remote.AbstractRemoteTestNG.run(AbstractRemoteTestNG.java:115)
at org.testng.remote.RemoteTestNG.initAndRun(RemoteTestNG.java:251)
at org.testng.remote.RemoteTestNG.main(RemoteTestNG.java:77)
]]>
            </full-stacktrace>
          </exception> <!-- org.openqa.selenium.NoSuchElementException -->
          <reporter-output>
          </reporter-output>
        </test-method> <!-- homeLoanEmiCalculatorValidation -->
        <test-method signature="validateHomeValueInputfield(java.lang.String,java.lang.String,java.lang.String,java.lang.String,java.lang.String,java.lang.String,java.lang.String,java.lang.String,java.lang.String,java.lang.String,java.lang.String)[pri:9, instance:TestCases.LoanTenureCalculatorUICheck@6f10d5b6]" started-at="2024-02-15T10:26:11 IST" name="validateHomeValueInputfield" finished-at="2024-02-15T10:26:11 IST" depends-on-methods="TestCases.HomeLoanEMI.homeLoanEmiCalculatorValidation, TestCases.HomeLoanEMI.calculatorsDropDownValidation" duration-ms="0" status="SKIP">
          <exception class="java.lang.Throwable">
            <message>
              <![CDATA[Method TestCases.HomeLoanEMI.validateHomeValueInputfield() on instance TestCases.LoanTenureCalculatorUICheck@6f10d5b6 depends on not successfully finished methods 
[TestCases.HomeLoanEMI.homeLoanEmiCalculatorValidation() on instance TestCases.LoanTenureCalculatorUICheck@6f10d5b6
TestCases.HomeLoanEMI.calculatorsDropDownValidation() on instance TestCases.LoanTenureCalculatorUICheck@6f10d5b6]]]>
            </message>
            <full-stacktrace>
              <![CDATA[java.lang.Throwable: Method TestCases.HomeLoanEMI.validateHomeValueInputfield() on instance TestCases.LoanTenureCalculatorUICheck@6f10d5b6 depends on not successfully finished methods 
[TestCases.HomeLoanEMI.homeLoanEmiCalculatorValidation() on instance TestCases.LoanTenureCalculatorUICheck@6f10d5b6
TestCases.HomeLoanEMI.calculatorsDropDownValidation() on instance TestCases.LoanTenureCalculatorUICheck@6f10d5b6]
at org.testng.internal.invokers.TestInvoker.invokeTestMethods(TestInvoker.java:156)
at org.testng.internal.invokers.TestMethodWorker.invokeTestMethods(TestMethodWorker.java:148)
at org.testng.internal.invokers.TestMethodWorker.run(TestMethodWorker.java:128)
[...]
              </value>
            </param>
          </params>
          <reporter-output>
          </reporter-output>
        </test-method> <!-- validateEmiCalculatorLoanAmountInputFieldByPassingValue -->
        <test-method signature="verifyEmiCalculatorInterestRateInputFieldPresence()[pri:33, instance:TestCases.LoanTenureCalculatorUICheck@3feb2dda]" started-at="2024-02-15T10:28:41 IST" name="verifyEmiCalculatorInterestRateInputFieldPresence" finished-at="2024-02-15T10:28:41 IST" depends-on-methods="TestCases.CalculateEmiUICheck.validateEmiCalculatorLink" duration-ms="80" status="PASS">
          <reporter-output>
          </reporter-output>
        </test-method> <!-- verifyEmiCalculatorInterestRateInputFieldPresence -->
        <test-method signature="validateEmiCalculatorInterestRateInputFieldByPassingValue(java.lang.String,java.lang.String,java.lang.String,java.lang.String)[pri:34, instance:TestCases.LoanTenureCalculatorUICheck@3feb2dda]" started-at="2024-02-15T10:28:41 IST" name="validateEmiCalculatorInterestRateInputFieldByPassingValue" data-provider="EMICalculatorData" finished-at="2024-02-15T10:28:42 IST" depends-on-methods="TestCases.CalculateEmiUICheck.validateEmiCalculatorLink" duration-ms="801" status="PASS">
          <params>
            <param index="0">
              <value>
                <![CDATA[50,00,000]]>
              </value>
            </param>
            <param index="1">
              <value>
                <![CDATA[12.5]]>
              </value>
            </param>
            <param index="2">
              <value>
                <![CDATA[15.0]]>
              </value>
            </param>
            <param index="3">
              <value>
                <![CDATA[75000.0]]>
              </value>
            </param>
          </params>
          <reporter-output>
          </reporter-output>
        </test-method> <!-- validateEmiCalculatorInterestRateInputFieldByPassingValue -->
        <test-method signature="verifyEmiCalculatorLoanTenureInputFieldPresence()[pri:35, instance:TestCases.LoanTenureCalculatorUICheck@3feb2dda]" started-at="2024-02-15T10:28:43 IST" name="verifyEmiCalculatorLoanTenureInputFieldPresence" finished-at="2024-02-15T10:28:43 IST" depends-on-methods="TestCases.CalculateEmiUICheck.validateEmiCalculatorLink" duration-ms="60" status="PASS">
          <reporter-output>
          </reporter-output>
        </test-method> <!-- verifyEmiCalculatorLoanTenureInputFieldPresence -->
        <test-method signature="validateEmiCalculatorLoanTenureInputFieldByPassingValue(java.lang.String,java.lang.String,java.lang.String,java.lang.String)[pri:36, instance:TestCases.LoanTenureCalculatorUICheck@3feb2dda]" started-at="2024-02-15T10:28:43 IST" name="validateEmiCalculatorLoanTenureInputFieldByPassingValue" data-provider="EMICalculatorData" finished-at="2024-02-15T10:28:44 IST" depends-on-methods="TestCases.CalculateEmiUICheck.validateEmiCalculatorLink" duration-ms="743" status="PASS">
          <params>
            <param index="0">
              <value>
                <![CDATA[50,00,000]]>
              </value>
            </param>
            <param index="1">
              <value>
                <![CDATA[12.5]]>
              </value>
            </param>
            <param index="2">
              <value>
                <![CDATA[15.0]]>
              </value>
            </param>
            <param index="3">
              <value>
                <![CDATA[75000.0]]>
              </value>
            </param>
          </params>
          <reporter-output>
          </reporter-output>
        </test-method> <!-- validateEmiCalculatorLoanTenureInputFieldByPassingValue -->
        <test-method signature="validateEmiCalculatorLoanTenureMonthButton()[pri:37, instance:TestCases.LoanTenureCalculatorUICheck@3feb2dda]" started-at="2024-02-15T10:28:44 IST" name="validateEmiCalculatorLoanTenureMonthButton" finished-at="2024-02-15T10:28:48 IST" depends-on-methods="TestCases.CalculateEmiUICheck.validateEmiCalculatorLink" duration-ms="3550" status="PASS">
          <reporter-output>
          </reporter-output>
        </test-method> <!-- validateEmiCalculatorLoanTenureMonthButton -->
        <test-method signature="verifyEmiCalculatorLoanChargesInputFieldPresence()[pri:38, instance:TestCases.LoanTenureCalculatorUICheck@3feb2dda]" started-at="2024-02-15T10:28:48 IST" name="verifyEmiCalculatorLoanChargesInputFieldPresence" finished-at="2024-02-15T10:28:48 IST" depends-on-methods="TestCases.CalculateEmiUICheck.validateEmiCalculatorLink" duration-ms="46" status="PASS">
          <reporter-output>
          </reporter-output>
        </test-method> <!-- verifyEmiCalculatorLoanChargesInputFieldPresence -->
        <test-method signature="validateEmiCalculatorLoanChargesInputFieldByPassingValue(java.lang.String,java.lang.String,java.lang.String,java.lang.String)[pri:39, instance:TestCases.LoanTenureCalculatorUICheck@3feb2dda]" started-at="2024-02-15T10:28:48 IST" name="validateEmiCalculatorLoanChargesInputFieldByPassingValue" data-provider="EMICalculatorData" finished-at="2024-02-15T10:28:49 IST" depends-on-methods="TestCases.CalculateEmiUICheck.validateEmiCalculatorLink" duration-ms="601" status="PASS">
          <params>
            <param index="0">
              <value>
                <![CDATA[50,00,000]]>
              </value>
            </param>
            <param index="1">
              <value>
                <![CDATA[12.5]]>
              </value>
            </param>
            <param index="2">
              <value>
                <![CDATA[15.0]]>
              </value>
            </param>
            <param index="3">
              <value>
                <![CDATA[75000.0]]>
              </value>
            </param>
          </params>
          <reporter-output>
          </reporter-output>
        </test-method> <!-- validateEmiCalculatorLoanChargesInputFieldByPassingValue -->
        <test-method signature="validateLoanAmountCalculatorLink()[pri:40, instance:TestCases.LoanTenureCalculatorUICheck@3feb2dda]" started-at="2024-02-15T10:28:49 IST" name="validateLoanAmountCalculatorLink" finished-at="2024-02-15T10:28:50 IST" duration-ms="471" status="PASS">
          <reporter-output>
          </reporter-output>
        </test-method> <!-- validateLoanAmountCalculatorLink -->
        <test-method signature="verifyEmiInputFieldPresence()[pri:41, instance:TestCases.LoanTenureCalculatorUICheck@3feb2dda]" started-at="2024-02-15T10:28:50 IST" name="verifyEmiInputFieldPresence" finished-at="2024-02-15T10:28:50 IST" depends-on-methods="TestCases.LoanAmountCalculatorUICheck.validateLoanAmountCalculatorLink" duration-ms="58" status="PASS">
          <reporter-output>
          </reporter-output>
        </test-method> <!-- verifyEmiInputFieldPresence -->
        <test-method signature="verifyEmiInputFieldByPassingValue(java.lang.String,java.lang.String,java.lang.String,java.lang.String)[pri:42, instance:TestCases.LoanTenureCalculatorUICheck@3feb2dda]" started-at="2024-02-15T10:28:51 IST" name="verifyEmiInputFieldByPassingValue" data-provider="loanAmountCalculatorData" finished-at="2024-02-15T10:28:51 IST" depends-on-methods="TestCases.LoanAmountCalculatorUICheck.validateLoanAmountCalculatorLink" duration-ms="582" status="PASS">
          <params>
            <param index="0">
              <value>
                <![CDATA[25000.0]]>
              </value>
            </param>
            <param index="1">
              <value>
                <![CDATA[15.0]]>
              </value>
            </param>
            <param index="2">
              <value>
                <![CDATA[120.0]]>
              </value>
            </param>
            <param index="3">
              <value>
                <![CDATA[50000.0]]>
              </value>
            </param>
          </params>
          <reporter-output>
          </reporter-output>
        </test-method> <!-- verifyEmiInputFieldByPassingValue -->
        <test-method signature="verifyLoanAmountInterestRateInputFieldPresence()[pri:43, instance:TestCases.LoanTenureCalculatorUICheck@3feb2dda]" started-at="2024-02-15T10:28:51 IST" name="verifyLoanAmountInterestRateInputFieldPresence" finished-at="2024-02-15T10:28:51 IST" depends-on-methods="TestCases.LoanAmountCalculatorUICheck.validateLoanAmountCalculatorLink" duration-ms="55" status="PASS">
          <reporter-output>
          </reporter-output>
        </test-method> <!-- verifyLoanAmountInterestRateInputFieldPresence -->
        <test-method signature="validateLoanAmountInterestRateInputFieldByPassingValue(java.lang.String,java.lang.String,java.lang.String,java.lang.String)[pri:44, instance:TestCases.LoanTenureCalculatorUICheck@3feb2dda]" started-at="2024-02-15T10:28:52 IST" name="validateLoanAmountInterestRateInputFieldByPassingValue" data-provider="loanAmountCalculatorData" finished-at="2024-02-15T10:28:53 IST" depends-on-methods="TestCases.LoanAmountCalculatorUICheck.validateLoanAmountCalculatorLink" duration-ms="809" status="PASS">
          <params>
            <param index="0">
              <value>
                <![CDATA[25000.0]]>
              </value>
            </param>
            <param index="1">
              <value>
                <![CDATA[15.0]]>
              </value>
            </param>
            <param index="2">
              <value>
                <![CDATA[120.0]]>
              </value>
            </param>
            <param index="3">
              <value>
                <![CDATA[50000.0]]>
              </value>
            </param>
          </params>
          <reporter-output>
          </reporter-output>
        </test-method> <!-- validateLoanAmountInterestRateInputFieldByPassingValue -->
        <test-method signature="verifyLoanAmountTenureInputFieldPresence()[pri:45, instance:TestCases.LoanTenureCalculatorUICheck@3feb2dda]" started-at="2024-02-15T10:28:53 IST" name="verifyLoanAmountTenureInputFieldPresence" finished-at="2024-02-15T10:28:53 IST" depends-on-methods="TestCases.LoanAmountCalculatorUICheck.validateLoanAmountCalculatorLink" duration-ms="50" status="PASS">
          <reporter-output>
          </reporter-output>
        </test-method> <!-- verifyLoanAmountTenureInputFieldPresence -->
        <test-method signature="validateLoanAmountTenureInputFieldByPassingValue(java.lang.String,java.lang.String,java.lang.String,java.lang.String)[pri:46, instance:TestCases.LoanTenureCalculatorUICheck@3feb2dda]" started-at="2024-02-15T10:28:54 IST" name="validateLoanAmountTenureInputFieldByPassingValue" data-provider="loanAmountCalculatorData" finished-at="2024-02-15T10:28:54 IST" depends-on-methods="TestCases.LoanAmountCalculatorUICheck.validateLoanAmountCalculatorLink" duration-ms="549" status="PASS">
          <params>
            <param index="0">
              <value>
                <![CDATA[25000.0]]>
              </value>
            </param>
            <param index="1">
              <value>
                <![CDATA[15.0]]>
              </value>
            </param>
            <param index="2">
              <value>
                <![CDATA[120.0]]>
              </value>
            </param>
            <param index="3">
              <value>
                <![CDATA[50000.0]]>
              </value>
            </param>
          </params>
          <reporter-output>
          </reporter-output>
        </test-method> <!-- validateLoanAmountTenureInputFieldByPassingValue -->
        <test-method signature="validateLoanAmountLoanTenureMonthButton()[pri:47, instance:TestCases.LoanTenureCalculatorUICheck@3feb2dda]" started-at="2024-02-15T10:28:54 IST" name="validateLoanAmountLoanTenureMonthButton" finished-at="2024-02-15T10:28:58 IST" depends-on-methods="TestCases.LoanAmountCalculatorUICheck.validateLoanAmountCalculatorLink" duration-ms="3483" status="PASS">
          <reporter-output>
          </reporter-output>
        </test-method> <!-- validateLoanAmountLoanTenureMonthButton -->
        <test-method signature="verifyLoanAmountLoanChargesInputFieldPresence()[pri:48, instance:TestCases.LoanTenureCalculatorUICheck@3feb2dda]" started-at="2024-02-15T10:28:58 IST" name="verifyLoanAmountLoanChargesInputFieldPresence" finished-at="2024-02-15T10:28:58 IST" depends-on-methods="TestCases.LoanAmountCalculatorUICheck.validateLoanAmountCalculatorLink" duration-ms="55" status="PASS">
          <reporter-output>
          </reporter-output>
        </test-method> <!-- verifyLoanAmountLoanChargesInputFieldPresence -->
        <test-method signature="validateLoanAmountLoanChargesInputFieldByPassingValue(java.lang.String,java.lang.String,java.lang.String,java.lang.String)[pri:49, instance:TestCases.LoanTenureCalculatorUICheck@3feb2dda]" started-at="2024-02-15T10:28:59 IST" name="validateLoanAmountLoanChargesInputFieldByPassingValue" data-provider="loanAmountCalculatorData" finished-at="2024-02-15T10:28:59 IST" depends-on-methods="TestCases.LoanAmountCalculatorUICheck.validateLoanAmountCalculatorLink" duration-ms="665" status="PASS">
          <params>
            <param index="0">
              <value>
                <![CDATA[25000.0]]>
              </value>
            </param>
            <param index="1">
              <value>
                <![CDATA[15.0]]>
              </value>
            </param>
            <param index="2">
              <value>
                <![CDATA[120.0]]>
              </value>
            </param>
            <param index="3">
              <value>
                <![CDATA[50000.0]]>
              </value>
            </param>
          </params>
          <reporter-output>
          </reporter-output>
        </test-method> <!-- validateLoanAmountLoanChargesInputFieldByPassingValue -->
        <test-method signature="validateLoanTenureCalculatorLink()[pri:50, instance:TestCases.LoanTenureCalculatorUICheck@3feb2dda]" started-at="2024-02-15T10:29:00 IST" name="validateLoanTenureCalculatorLink" finished-at="2024-02-15T10:29:00 IST" duration-ms="482" status="PASS">
          <reporter-output>
          </reporter-output>
        </test-method> <!-- validateLoanTenureCalculatorLink -->
        <test-method signature="verifyLoanTenureLoanAmountInputFieldPresence()[pri:51, instance:TestCases.LoanTenureCalculatorUICheck@3feb2dda]" started-at="2024-02-15T10:29:00 IST" name="verifyLoanTenureLoanAmountInputFieldPresence" finished-at="2024-02-15T10:29:00 IST" depends-on-methods="TestCases.LoanTenureCalculatorUICheck.validateLoanTenureCalculatorLink" duration-ms="54" status="PASS">
          <reporter-output>
          </reporter-output>
        </test-method> <!-- verifyLoanTenureLoanAmountInputFieldPresence -->
        <test-method signature="validateLoanTenureLoanAmountInputFieldByPassingValue(java.lang.String,java.lang.String,java.lang.String)[pri:52, instance:TestCases.LoanTenureCalculatorUICheck@3feb2dda]" started-at="2024-02-15T10:29:01 IST" name="validateLoanTenureLoanAmountInputFieldByPassingValue" data-provider="loanTenureCalculatorData" finished-at="2024-02-15T10:29:02 IST" depends-on-methods="TestCases.LoanTenureCalculatorUICheck.validateLoanTenureCalculatorLink" duration-ms="824" status="PASS">
          <params>
            <param index="0">
              <value>
                <![CDATA[75,00,000]]>
              </value>
            </param>
            <param index="1">
              <value>
                <![CDATA[10.0]]>
              </value>
            </param>
            <param index="2">
              <value>
                <![CDATA[50000.0]]>
              </value>
            </param>
          </params>
          <reporter-output>
          </reporter-output>
        </test-method> <!-- validateLoanTenureLoanAmountInputFieldByPassingValue -->
        <test-method signature="verifyLoanTenureEmiInputFieldPresence()[pri:53, instance:TestCases.LoanTenureCalculatorUICheck@3feb2dda]" started-at="2024-02-15T10:29:02 IST" name="verifyLoanTenureEmiInputFieldPresence" finished-at="2024-02-15T10:29:02 IST" depends-on-methods="TestCases.LoanTenureCalculatorUICheck.validateLoanTenureCalculatorLink" duration-ms="64" status="PASS">
          <reporter-output>
          </reporter-output>
        </test-method> <!-- verifyLoanTenureEmiInputFieldPresence -->
        <test-method signature="verifyLoanTenureInterestRateInputFieldPresence()[pri:54, instance:TestCases.LoanTenureCalculatorUICheck@3feb2dda]" started-at="2024-02-15T10:29:02 IST" name="verifyLoanTenureInterestRateInputFieldPresence" finished-at="2024-02-15T10:29:02 IST" depends-on-methods="TestCases.LoanTenureCalculatorUICheck.validateLoanTenureCalculatorLink" duration-ms="63" status="PASS">
          <reporter-output>
          </reporter-output>
        </test-method> <!-- verifyLoanTenureInterestRateInputFieldPresence -->
        <test-method signature="validateLoanTenureInterestRateInputFieldByPassingValue(java.lang.String,java.lang.String,java.lang.String)[pri:55, instance:TestCases.LoanTenureCalculatorUICheck@3feb2dda]" started-at="2024-02-15T10:29:03 IST" name="validateLoanTenureInterestRateInputFieldByPassingValue" data-provider="loanTenureCalculatorData" finished-at="2024-02-15T10:29:03 IST" depends-on-methods="TestCases.LoanTenureCalculatorUICheck.validateLoanTenureCalculatorLink" duration-ms="593" status="PASS">
          <params>
            <param index="0">
              <value>
                <![CDATA[75,00,000]]>
              </value>
            </param>
            <param index="1">
              <value>
                <![CDATA[10.0]]>
              </value>
            </param>
            <param index="2">
              <value>
                <![CDATA[50000.0]]>
              </value>
            </param>
          </params>
          <reporter-output>
          </reporter-output>
        </test-method> <!-- validateLoanTenureInterestRateInputFieldByPassingValue -->
        <test-method signature="verifyLoanTenuteLoanChargesInputFieldPresence()[pri:56, instance:TestCases.LoanTenureCalculatorUICheck@3feb2dda]" started-at="2024-02-15T10:29:04 IST" name="verifyLoanTenuteLoanChargesInputFieldPresence" finished-at="2024-02-15T10:29:04 IST" depends-on-methods="TestCases.LoanTenureCalculatorUICheck.validateLoanTenureCalculatorLink" duration-ms="45" status="PASS">
          <reporter-output>
          </reporter-output>
        </test-method> <!-- verifyLoanTenuteLoanChargesInputFieldPresence -->
        <test-method signature="validateLoanTenureLoanChargesInputFieldByValue(java.lang.String,java.lang.String,java.lang.String)[pri:57, instance:TestCases.LoanTenureCalculatorUICheck@3feb2dda]" started-at="2024-02-15T10:29:04 IST" name="validateLoanTenureLoanChargesInputFieldByValue" data-provider="loanTenureCalculatorData" finished-at="2024-02-15T10:29:05 IST" depends-on-methods="TestCases.LoanTenureCalculatorUICheck.validateLoanTenureCalculatorLink" duration-ms="751" status="PASS">
          <params>
            <param index="0">
              <value>
                <![CDATA[75,00,000]]>
              </value>
            </param>
            <param index="1">
              <value>
                <![CDATA[10.0]]>
              </value>
            </param>
            <param index="2">
              <value>
                <![CDATA[50000.0]]>
              </value>
            </param>
          </params>
          <reporter-output>
          </reporter-output>
        </test-method> <!-- validateLoanTenureLoanChargesInputFieldByValue -->
        <test-method is-config="true" signature="tearDown()[pri:0, instance:TestCases.LoanTenureCalculatorUICheck@3feb2dda]" started-at="2024-02-15T10:29:05 IST" name="tearDown" finished-at="2024-02-15T10:29:07 IST" duration-ms="1608" status="PASS">
          <reporter-output>
          </reporter-output>
        </test-method> <!-- tearDown -->
      </class> <!-- TestCases.LoanTenureCalculatorUICheck -->
    </test> <!-- EdgeTest -->
  </suite> <!-- Suite -->
</testng-results>
