<?xml version="1.0" encoding="UTF-8"?>
<testng-results ignored="0" total="57" passed="57" failed="0" skipped="0">
  <reporter-output>
  </reporter-output>
  <suite started-at="2024-02-15T16:57:08 IST" name="Suite" finished-at="2024-02-15T16:59:40 IST" duration-ms="152442">
    <groups>
      <group name="Master">
        <method signature="CarLoanEMI.clickOnCarLoanLink()[pri:1, instance:TestCases.LoanTenureCalculatorUICheck@6f10d5b6]" name="clickOnCarLoanLink" class="TestCases.CarLoanEMI"/>
        <method signature="CarLoanEMI.setCarAmount(java.lang.String,java.lang.String,java.lang.String)[pri:2, instance:TestCases.LoanTenureCalculatorUICheck@6f10d5b6]" name="setCarAmount" class="TestCases.CarLoanEMI"/>
        <method signature="CarLoanEMI.setInterestRate(java.lang.String,java.lang.String,java.lang.String)[pri:3, instance:TestCases.LoanTenureCalculatorUICheck@6f10d5b6]" name="setInterestRate" class="TestCases.CarLoanEMI"/>
        <method signature="CarLoanEMI.setLoanTenure(java.lang.String,java.lang.String,java.lang.String)[pri:4, instance:TestCases.LoanTenureCalculatorUICheck@6f10d5b6]" name="setLoanTenure" class="TestCases.CarLoanEMI"/>
        <method signature="CarLoanEMI.clickOnyear()[pri:5, instance:TestCases.LoanTenureCalculatorUICheck@6f10d5b6]" name="clickOnyear" class="TestCases.CarLoanEMI"/>
        <method signature="CarLoanEMI.readData()[pri:6, instance:TestCases.LoanTenureCalculatorUICheck@6f10d5b6]" name="readData" class="TestCases.CarLoanEMI"/>
        <method signature="HomeLoanEMI.calculatorsDropDownValidation()[pri:7, instance:TestCases.LoanTenureCalculatorUICheck@6f10d5b6]" name="calculatorsDropDownValidation" class="TestCases.HomeLoanEMI"/>
        <method signature="HomeLoanEMI.homeLoanEmiCalculatorValidation()[pri:8, instance:TestCases.LoanTenureCalculatorUICheck@6f10d5b6]" name="homeLoanEmiCalculatorValidation" class="TestCases.HomeLoanEMI"/>
        <method signature="HomeLoanEMI.validateHomeValueInputfield(java.lang.String,java.lang.String,java.lang.String,java.lang.String,java.lang.String,java.lang.String,java.lang.String,java.lang.String,java.lang.String,java.lang.String,java.lang.String)[pri:9, instance:TestCases.LoanTenureCalculatorUICheck@6f10d5b6]" name="validateHomeValueInputfield" class="TestCases.HomeLoanEMI"/>
        <method signature="HomeLoanEMI.validateDownPaymentInputFieldInPercentage(java.lang.String,java.lang.String,java.lang.String,java.lang.String,java.lang.String,java.lang.String,java.lang.String,java.lang.String,java.lang.String,java.lang.String,java.lang.String)[pri:10, instance:TestCases.LoanTenureCalculatorUICheck@6f10d5b6]" name="validateDownPaymentInputFieldInPercentage" class="TestCases.HomeLoanEMI"/>
        <method signature="HomeLoanEMI.validateDownPaymentRupeesButton()[pri:11, instance:TestCases.LoanTenureCalculatorUICheck@6f10d5b6]" name="validateDownPaymentRupeesButton" class="TestCases.HomeLoanEMI"/>
        <method signature="HomeLoanEMI.validateLoanInsuranceInputField(java.lang.String,java.lang.String,java.lang.String,java.lang.String,java.lang.String,java.lang.String,java.lang.String,java.lang.String,java.lang.String,java.lang.String,java.lang.String)[pri:12, instance:TestCases.LoanTenureCalculatorUICheck@6f10d5b6]" name="validateLoanInsuranceInputField" class="TestCases.HomeLoanEMI"/>
        <method signature="HomeLoanEMI.validateInterestRateInputField(java.lang.String,java.lang.String,java.lang.String,java.lang.String,java.lang.String,java.lang.String,java.lang.String,java.lang.String,java.lang.String,java.lang.String,java.lang.String)[pri:13, instance:TestCases.LoanTenureCalculatorUICheck@6f10d5b6]" name="validateInterestRateInputField" class="TestCases.HomeLoanEMI"/>
        <method signature="HomeLoanEMI.validateLoanTenureInputField(java.lang.String,java.lang.String,java.lang.String,java.lang.String,java.lang.String,java.lang.String,java.lang.String,java.lang.String,java.lang.String,java.lang.String,java.lang.String)[pri:14, instance:TestCases.LoanTenureCalculatorUICheck@6f10d5b6]" name="validateLoanTenureInputField" class="TestCases.HomeLoanEMI"/>
        <method signature="HomeLoanEMI.validateLoanTenureMonthsButton()[pri:15, instance:TestCases.LoanTenureCalculatorUICheck@6f10d5b6]" name="validateLoanTenureMonthsButton" class="TestCases.HomeLoanEMI"/>
        <method signature="HomeLoanEMI.validateLoanChargesInputField(java.lang.String,java.lang.String,java.lang.String,java.lang.String,java.lang.String,java.lang.String,java.lang.String,java.lang.String,java.lang.String,java.lang.String,java.lang.String)[pri:16, instance:TestCases.LoanTenureCalculatorUICheck@6f10d5b6]" name="validateLoanChargesInputField" class="TestCases.HomeLoanEMI"/>
        <method signature="HomeLoanEMI.validateLoanChargesRupeesButtonElement()[pri:17, instance:TestCases.LoanTenureCalculatorUICheck@6f10d5b6]" name="validateLoanChargesRupeesButtonElement" class="TestCases.HomeLoanEMI"/>
        <method signature="HomeLoanEMI.validateLoanStartMonthAndYearField()[pri:18, instance:TestCases.LoanTenureCalculatorUICheck@6f10d5b6]" name="validateLoanStartMonthAndYearField" class="TestCases.HomeLoanEMI"/>
        <method signature="HomeLoanEMI.validateLoanStartMonthAndYearInputField(java.lang.String,java.lang.String,java.lang.String,java.lang.String,java.lang.String,java.lang.String,java.lang.String,java.lang.String,java.lang.String,java.lang.String,java.lang.String)[pri:19, instance:TestCases.LoanTenureCalculatorUICheck@6f10d5b6]" name="validateLoanStartMonthAndYearInputField" class="TestCases.HomeLoanEMI"/>
        <method signature="HomeLoanEMI.validateOneTimeExpensesInputField(java.lang.String,java.lang.String,java.lang.String,java.lang.String,java.lang.String,java.lang.String,java.lang.String,java.lang.String,java.lang.String,java.lang.String,java.lang.String)[pri:20, instance:TestCases.LoanTenureCalculatorUICheck@6f10d5b6]" name="validateOneTimeExpensesInputField" class="TestCases.HomeLoanEMI"/>
        <method signature="HomeLoanEMI.validateOneTimeExpensesRupeesButton()[pri:21, instance:TestCases.LoanTenureCalculatorUICheck@6f10d5b6]" name="validateOneTimeExpensesRupeesButton" class="TestCases.HomeLoanEMI"/>
        <method signature="HomeLoanEMI.validatePropertyTaxesPerYearInputField(java.lang.String,java.lang.String,java.lang.String,java.lang.String,java.lang.String,java.lang.String,java.lang.String,java.lang.String,java.lang.String,java.lang.String,java.lang.String)[pri:22, instance:TestCases.LoanTenureCalculatorUICheck@6f10d5b6]" name="validatePropertyTaxesPerYearInputField" class="TestCases.HomeLoanEMI"/>
        <method signature="HomeLoanEMI.validatePropertyTaxesPerYearRupeesButton()[pri:23, instance:TestCases.LoanTenureCalculatorUICheck@6f10d5b6]" name="validatePropertyTaxesPerYearRupeesButton" class="TestCases.HomeLoanEMI"/>
        <method signature="HomeLoanEMI.validateHomeInsurancePerYearInputField(java.lang.String,java.lang.String,java.lang.String,java.lang.String,java.lang.String,java.lang.String,java.lang.String,java.lang.String,java.lang.String,java.lang.String,java.lang.String)[pri:24, instance:TestCases.LoanTenureCalculatorUICheck@6f10d5b6]" name="validateHomeInsurancePerYearInputField" class="TestCases.HomeLoanEMI"/>
        <method signature="HomeLoanEMI.validateHomeInsurancePerYearRupeesButton()[pri:25, instance:TestCases.LoanTenureCalculatorUICheck@6f10d5b6]" name="validateHomeInsurancePerYearRupeesButton" class="TestCases.HomeLoanEMI"/>
        <method signature="HomeLoanEMI.validateMaintenanceExpensesPerMonthInputField(java.lang.String,java.lang.String,java.lang.String,java.lang.String,java.lang.String,java.lang.String,java.lang.String,java.lang.String,java.lang.String,java.lang.String,java.lang.String)[pri:26, instance:TestCases.LoanTenureCalculatorUICheck@6f10d5b6]" name="validateMaintenanceExpensesPerMonthInputField" class="TestCases.HomeLoanEMI"/>
        <method signature="HomeLoanEMI.printAllTheData()[pri:27, instance:TestCases.LoanTenureCalculatorUICheck@6f10d5b6]" name="printAllTheData" class="TestCases.HomeLoanEMI"/>
        <method signature="EMICalculator.calculatorsDropDownValidationFromHomeLoan()[pri:28, instance:TestCases.LoanTenureCalculatorUICheck@6f10d5b6]" name="calculatorsDropDownValidationFromHomeLoan" class="TestCases.EMICalculator"/>
        <method signature="EMICalculator.emiCalculatorPageValidation()[pri:29, instance:TestCases.LoanTenureCalculatorUICheck@6f10d5b6]" name="emiCalculatorPageValidation" class="TestCases.EMICalculator"/>
        <method signature="CalculateEmiUICheck.validateEmiCalculatorLink()[pri:30, instance:TestCases.LoanTenureCalculatorUICheck@6f10d5b6]" name="validateEmiCalculatorLink" class="TestCases.CalculateEmiUICheck"/>
        <method signature="CalculateEmiUICheck.verifyEmiCalculatorLoanAmountInputFieldPresence()[pri:31, instance:TestCases.LoanTenureCalculatorUICheck@6f10d5b6]" name="verifyEmiCalculatorLoanAmountInputFieldPresence" class="TestCases.CalculateEmiUICheck"/>
        <method signature="CalculateEmiUICheck.validateEmiCalculatorLoanAmountInputFieldByPassingValue(java.lang.String,java.lang.String,java.lang.String,java.lang.String)[pri:32, instance:TestCases.LoanTenureCalculatorUICheck@6f10d5b6]" name="validateEmiCalculatorLoanAmountInputFieldByPassingValue" class="TestCases.CalculateEmiUICheck"/>
        <method signature="CalculateEmiUICheck.verifyEmiCalculatorInterestRateInputFieldPresence()[pri:33, instance:TestCases.LoanTenureCalculatorUICheck@6f10d5b6]" name="verifyEmiCalculatorInterestRateInputFieldPresence" class="TestCases.CalculateEmiUICheck"/>
        <method signature="CalculateEmiUICheck.validateEmiCalculatorInterestRateInputFieldByPassingValue(java.lang.String,java.lang.String,java.lang.String,java.lang.String)[pri:34, instance:TestCases.LoanTenureCalculatorUICheck@6f10d5b6]" name="validateEmiCalculatorInterestRateInputFieldByPassingValue" class="TestCases.CalculateEmiUICheck"/>
        <method signature="CalculateEmiUICheck.verifyEmiCalculatorLoanTenureInputFieldPresence()[pri:35, instance:TestCases.LoanTenureCalculatorUICheck@6f10d5b6]" name="verifyEmiCalculatorLoanTenureInputFieldPresence" class="TestCases.CalculateEmiUICheck"/>
        <method signature="CalculateEmiUICheck.validateEmiCalculatorLoanTenureInputFieldByPassingValue(java.lang.String,java.lang.String,java.lang.String,java.lang.String)[pri:36, instance:TestCases.LoanTenureCalculatorUICheck@6f10d5b6]" name="validateEmiCalculatorLoanTenureInputFieldByPassingValue" class="TestCases.CalculateEmiUICheck"/>
        <method signature="CalculateEmiUICheck.validateEmiCalculatorLoanTenureMonthButton()[pri:37, instance:TestCases.LoanTenureCalculatorUICheck@6f10d5b6]" name="validateEmiCalculatorLoanTenureMonthButton" class="TestCases.CalculateEmiUICheck"/>
        <method signature="CalculateEmiUICheck.verifyEmiCalculatorLoanChargesInputFieldPresence()[pri:38, instance:TestCases.LoanTenureCalculatorUICheck@6f10d5b6]" name="verifyEmiCalculatorLoanChargesInputFieldPresence" class="TestCases.CalculateEmiUICheck"/>
        <method signature="CalculateEmiUICheck.validateEmiCalculatorLoanChargesInputFieldByPassingValue(java.lang.String,java.lang.String,java.lang.String,java.lang.String)[pri:39, instance:TestCases.LoanTenureCalculatorUICheck@6f10d5b6]" name="validateEmiCalculatorLoanChargesInputFieldByPassingValue" class="TestCases.CalculateEmiUICheck"/>
        <method signature="LoanAmountCalculatorUICheck.validateLoanAmountCalculatorLink()[pri:40, instance:TestCases.LoanTenureCalculatorUICheck@6f10d5b6]" name="validateLoanAmountCalculatorLink" class="TestCases.LoanAmountCalculatorUICheck"/>
        <method signature="LoanAmountCalculatorUICheck.verifyEmiInputFieldPresence()[pri:41, instance:TestCases.LoanTenureCalculatorUICheck@6f10d5b6]" name="verifyEmiInputFieldPresence" class="TestCases.LoanAmountCalculatorUICheck"/>
        <method signature="LoanAmountCalculatorUICheck.verifyEmiInputFieldByPassingValue(java.lang.String,java.lang.String,java.lang.String,java.lang.String)[pri:42, instance:TestCases.LoanTenureCalculatorUICheck@6f10d5b6]" name="verifyEmiInputFieldByPassingValue" class="TestCases.LoanAmountCalculatorUICheck"/>
        <method signature="LoanAmountCalculatorUICheck.verifyLoanAmountInterestRateInputFieldPresence()[pri:43, instance:TestCases.LoanTenureCalculatorUICheck@6f10d5b6]" name="verifyLoanAmountInterestRateInputFieldPresence" class="TestCases.LoanAmountCalculatorUICheck"/>
        <method signature="LoanAmountCalculatorUICheck.validateLoanAmountInterestRateInputFieldByPassingValue(java.lang.String,java.lang.String,java.lang.String,java.lang.String)[pri:44, instance:TestCases.LoanTenureCalculatorUICheck@6f10d5b6]" name="validateLoanAmountInterestRateInputFieldByPassingValue" class="TestCases.LoanAmountCalculatorUICheck"/>
        <method signature="LoanAmountCalculatorUICheck.verifyLoanAmountTenureInputFieldPresence()[pri:45, instance:TestCases.LoanTenureCalculatorUICheck@6f10d5b6]" name="verifyLoanAmountTenureInputFieldPresence" class="TestCases.LoanAmountCalculatorUICheck"/>
        <method signature="LoanAmountCalculatorUICheck.validateLoanAmountTenureInputFieldByPassingValue(java.lang.String,java.lang.String,java.lang.String,java.lang.String)[pri:46, instance:TestCases.LoanTenureCalculatorUICheck@6f10d5b6]" name="validateLoanAmountTenureInputFieldByPassingValue" class="TestCases.LoanAmountCalculatorUICheck"/>
        <method signature="LoanAmountCalculatorUICheck.validateLoanAmountLoanTenureMonthButton()[pri:47, instance:TestCases.LoanTenureCalculatorUICheck@6f10d5b6]" name="validateLoanAmountLoanTenureMonthButton" class="TestCases.LoanAmountCalculatorUICheck"/>
        <method signature="LoanAmountCalculatorUICheck.verifyLoanAmountLoanChargesInputFieldPresence()[pri:48, instance:TestCases.LoanTenureCalculatorUICheck@6f10d5b6]" name="verifyLoanAmountLoanChargesInputFieldPresence" class="TestCases.LoanAmountCalculatorUICheck"/>
        <method signature="LoanAmountCalculatorUICheck.validateLoanAmountLoanChargesInputFieldByPassingValue(java.lang.String,java.lang.String,java.lang.String,java.lang.String)[pri:49, instance:TestCases.LoanTenureCalculatorUICheck@6f10d5b6]" name="validateLoanAmountLoanChargesInputFieldByPassingValue" class="TestCases.LoanAmountCalculatorUICheck"/>
        <method signature="LoanTenureCalculatorUICheck.validateLoanTenureCalculatorLink()[pri:50, instance:TestCases.LoanTenureCalculatorUICheck@6f10d5b6]" name="validateLoanTenureCalculatorLink" class="TestCases.LoanTenureCalculatorUICheck"/>
        <method signature="LoanTenureCalculatorUICheck.verifyLoanTenureLoanAmountInputFieldPresence()[pri:51, instance:TestCases.LoanTenureCalculatorUICheck@6f10d5b6]" name="verifyLoanTenureLoanAmountInputFieldPresence" class="TestCases.LoanTenureCalculatorUICheck"/>
        <method signature="LoanTenureCalculatorUICheck.validateLoanTenureLoanAmountInputFieldByPassingValue(java.lang.String,java.lang.String,java.lang.String)[pri:52, instance:TestCases.LoanTenureCalculatorUICheck@6f10d5b6]" name="validateLoanTenureLoanAmountInputFieldByPassingValue" class="TestCases.LoanTenureCalculatorUICheck"/>
        <method signature="LoanTenureCalculatorUICheck.verifyLoanTenureEmiInputFieldPresence()[pri:53, instance:TestCases.LoanTenureCalculatorUICheck@6f10d5b6]" name="verifyLoanTenureEmiInputFieldPresence" class="TestCases.LoanTenureCalculatorUICheck"/>
        <method signature="LoanTenureCalculatorUICheck.verifyLoanTenureInterestRateInputFieldPresence()[pri:54, instance:TestCases.LoanTenureCalculatorUICheck@6f10d5b6]" name="verifyLoanTenureInterestRateInputFieldPresence" class="TestCases.LoanTenureCalculatorUICheck"/>
        <method signature="LoanTenureCalculatorUICheck.validateLoanTenureInterestRateInputFieldByPassingValue(java.lang.String,java.lang.String,java.lang.String)[pri:55, instance:TestCases.LoanTenureCalculatorUICheck@6f10d5b6]" name="validateLoanTenureInterestRateInputFieldByPassingValue" class="TestCases.LoanTenureCalculatorUICheck"/>
        <method signature="LoanTenureCalculatorUICheck.verifyLoanTenuteLoanChargesInputFieldPresence()[pri:56, instance:TestCases.LoanTenureCalculatorUICheck@6f10d5b6]" name="verifyLoanTenuteLoanChargesInputFieldPresence" class="TestCases.LoanTenureCalculatorUICheck"/>
        <method signature="LoanTenureCalculatorUICheck.validateLoanTenureLoanChargesInputFieldByValue(java.lang.String,java.lang.String,java.lang.String)[pri:57, instance:TestCases.LoanTenureCalculatorUICheck@6f10d5b6]" name="validateLoanTenureLoanChargesInputFieldByValue" class="TestCases.LoanTenureCalculatorUICheck"/>
      </group> <!-- Master -->
      <group name="Sanity">
        <method signature="CarLoanEMI.clickOnCarLoanLink()[pri:1, instance:TestCases.LoanTenureCalculatorUICheck@6f10d5b6]" name="clickOnCarLoanLink" class="TestCases.CarLoanEMI"/>
        <method signature="HomeLoanEMI.calculatorsDropDownValidation()[pri:7, instance:TestCases.LoanTenureCalculatorUICheck@6f10d5b6]" name="calculatorsDropDownValidation" class="TestCases.HomeLoanEMI"/>
        <method signature="HomeLoanEMI.homeLoanEmiCalculatorValidation()[pri:8, instance:TestCases.LoanTenureCalculatorUICheck@6f10d5b6]" name="homeLoanEmiCalculatorValidation" class="TestCases.HomeLoanEMI"/>
        <method signature="EMICalculator.calculatorsDropDownValidationFromHomeLoan()[pri:28, instance:TestCases.LoanTenureCalculatorUICheck@6f10d5b6]" name="calculatorsDropDownValidationFromHomeLoan" class="TestCases.EMICalculator"/>
        <method signature="EMICalculator.emiCalculatorPageValidation()[pri:29, instance:TestCases.LoanTenureCalculatorUICheck@6f10d5b6]" name="emiCalculatorPageValidation" class="TestCases.EMICalculator"/>
        <method signature="CalculateEmiUICheck.validateEmiCalculatorLink()[pri:30, instance:TestCases.LoanTenureCalculatorUICheck@6f10d5b6]" name="validateEmiCalculatorLink" class="TestCases.CalculateEmiUICheck"/>
        <method signature="LoanAmountCalculatorUICheck.validateLoanAmountCalculatorLink()[pri:40, instance:TestCases.LoanTenureCalculatorUICheck@6f10d5b6]" name="validateLoanAmountCalculatorLink" class="TestCases.LoanAmountCalculatorUICheck"/>
        <method signature="LoanTenureCalculatorUICheck.validateLoanTenureCalculatorLink()[pri:50, instance:TestCases.LoanTenureCalculatorUICheck@6f10d5b6]" name="validateLoanTenureCalculatorLink" class="TestCases.LoanTenureCalculatorUICheck"/>
      </group> <!-- Sanity -->
      <group name="Regression">
        <method signature="CarLoanEMI.setCarAmount(java.lang.String,java.lang.String,java.lang.String)[pri:2, instance:TestCases.LoanTenureCalculatorUICheck@6f10d5b6]" name="setCarAmount" class="TestCases.CarLoanEMI"/>
        <method signature="CarLoanEMI.setInterestRate(java.lang.String,java.lang.String,java.lang.String)[pri:3, instance:TestCases.LoanTenureCalculatorUICheck@6f10d5b6]" name="setInterestRate" class="TestCases.CarLoanEMI"/>
        <method signature="CarLoanEMI.setLoanTenure(java.lang.String,java.lang.String,java.lang.String)[pri:4, instance:TestCases.LoanTenureCalculatorUICheck@6f10d5b6]" name="setLoanTenure" class="TestCases.CarLoanEMI"/>
        <method signature="CarLoanEMI.clickOnyear()[pri:5, instance:TestCases.LoanTenureCalculatorUICheck@6f10d5b6]" name="clickOnyear" class="TestCases.CarLoanEMI"/>
        <method signature="CarLoanEMI.readData()[pri:6, instance:TestCases.LoanTenureCalculatorUICheck@6f10d5b6]" name="readData" class="TestCases.CarLoanEMI"/>
        <method signature="HomeLoanEMI.validateHomeValueInputfield(java.lang.String,java.lang.String,java.lang.String,java.lang.String,java.lang.String,java.lang.String,java.lang.String,java.lang.String,java.lang.String,java.lang.String,java.lang.String)[pri:9, instance:TestCases.LoanTenureCalculatorUICheck@6f10d5b6]" name="validateHomeValueInputfield" class="TestCases.HomeLoanEMI"/>
        <method signature="HomeLoanEMI.validateDownPaymentInputFieldInPercentage(java.lang.String,java.lang.String,java.lang.String,java.lang.String,java.lang.String,java.lang.String,java.lang.String,java.lang.String,java.lang.String,java.lang.String,java.lang.String)[pri:10, instance:TestCases.LoanTenureCalculatorUICheck@6f10d5b6]" name="validateDownPaymentInputFieldInPercentage" class="TestCases.HomeLoanEMI"/>
        <method signature="HomeLoanEMI.validateDownPaymentRupeesButton()[pri:11, instance:TestCases.LoanTenureCalculatorUICheck@6f10d5b6]" name="validateDownPaymentRupeesButton" class="TestCases.HomeLoanEMI"/>
        <method signature="HomeLoanEMI.validateLoanInsuranceInputField(java.lang.String,java.lang.String,java.lang.String,java.lang.String,java.lang.String,java.lang.String,java.lang.String,java.lang.String,java.lang.String,java.lang.String,java.lang.String)[pri:12, instance:TestCases.LoanTenureCalculatorUICheck@6f10d5b6]" name="validateLoanInsuranceInputField" class="TestCases.HomeLoanEMI"/>
        <method signature="HomeLoanEMI.validateInterestRateInputField(java.lang.String,java.lang.String,java.lang.String,java.lang.String,java.lang.String,java.lang.String,java.lang.String,java.lang.String,java.lang.String,java.lang.String,java.lang.String)[pri:13, instance:TestCases.LoanTenureCalculatorUICheck@6f10d5b6]" name="validateInterestRateInputField" class="TestCases.HomeLoanEMI"/>
        <method signature="HomeLoanEMI.validateLoanTenureInputField(java.lang.String,java.lang.String,java.lang.String,java.lang.String,java.lang.String,java.lang.String,java.lang.String,java.lang.String,java.lang.String,java.lang.String,java.lang.String)[pri:14, instance:TestCases.LoanTenureCalculatorUICheck@6f10d5b6]" name="validateLoanTenureInputField" class="TestCases.HomeLoanEMI"/>
        <method signature="HomeLoanEMI.validateLoanTenureMonthsButton()[pri:15, instance:TestCases.LoanTenureCalculatorUICheck@6f10d5b6]" name="validateLoanTenureMonthsButton" class="TestCases.HomeLoanEMI"/>
        <method signature="HomeLoanEMI.validateLoanChargesInputField(java.lang.String,java.lang.String,java.lang.String,java.lang.String,java.lang.String,java.lang.String,java.lang.String,java.lang.String,java.lang.String,java.lang.String,java.lang.String)[pri:16, instance:TestCases.LoanTenureCalculatorUICheck@6f10d5b6]" name="validateLoanChargesInputField" class="TestCases.HomeLoanEMI"/>
        <method signature="HomeLoanEMI.validateLoanChargesRupeesButtonElement()[pri:17, instance:TestCases.LoanTenureCalculatorUICheck@6f10d5b6]" name="validateLoanChargesRupeesButtonElement" class="TestCases.HomeLoanEMI"/>
        <method signature="HomeLoanEMI.validateLoanStartMonthAndYearField()[pri:18, instance:TestCases.LoanTenureCalculatorUICheck@6f10d5b6]" name="validateLoanStartMonthAndYearField" class="TestCases.HomeLoanEMI"/>
        <method signature="HomeLoanEMI.validateLoanStartMonthAndYearInputField(java.lang.String,java.lang.String,java.lang.String,java.lang.String,java.lang.String,java.lang.String,java.lang.String,java.lang.String,java.lang.String,java.lang.String,java.lang.String)[pri:19, instance:TestCases.LoanTenureCalculatorUICheck@6f10d5b6]" name="validateLoanStartMonthAndYearInputField" class="TestCases.HomeLoanEMI"/>
        <method signature="HomeLoanEMI.validateOneTimeExpensesInputField(java.lang.String,java.lang.String,java.lang.String,java.lang.String,java.lang.String,java.lang.String,java.lang.String,java.lang.String,java.lang.String,java.lang.String,java.lang.String)[pri:20, instance:TestCases.LoanTenureCalculatorUICheck@6f10d5b6]" name="validateOneTimeExpensesInputField" class="TestCases.HomeLoanEMI"/>
        <method signature="HomeLoanEMI.validateOneTimeExpensesRupeesButton()[pri:21, instance:TestCases.LoanTenureCalculatorUICheck@6f10d5b6]" name="validateOneTimeExpensesRupeesButton" class="TestCases.HomeLoanEMI"/>
        <method signature="HomeLoanEMI.validatePropertyTaxesPerYearInputField(java.lang.String,java.lang.String,java.lang.String,java.lang.String,java.lang.String,java.lang.String,java.lang.String,java.lang.String,java.lang.String,java.lang.String,java.lang.String)[pri:22, instance:TestCases.LoanTenureCalculatorUICheck@6f10d5b6]" name="validatePropertyTaxesPerYearInputField" class="TestCases.HomeLoanEMI"/>
        <method signature="HomeLoanEMI.validatePropertyTaxesPerYearRupeesButton()[pri:23, instance:TestCases.LoanTenureCalculatorUICheck@6f10d5b6]" name="validatePropertyTaxesPerYearRupeesButton" class="TestCases.HomeLoanEMI"/>
        <method signature="HomeLoanEMI.validateHomeInsurancePerYearInputField(java.lang.String,java.lang.String,java.lang.String,java.lang.String,java.lang.String,java.lang.String,java.lang.String,java.lang.String,java.lang.String,java.lang.String,java.lang.String)[pri:24, instance:TestCases.LoanTenureCalculatorUICheck@6f10d5b6]" name="validateHomeInsurancePerYearInputField" class="TestCases.HomeLoanEMI"/>
        <method signature="HomeLoanEMI.validateHomeInsurancePerYearRupeesButton()[pri:25, instance:TestCases.LoanTenureCalculatorUICheck@6f10d5b6]" name="validateHomeInsurancePerYearRupeesButton" class="TestCases.HomeLoanEMI"/>
        <method signature="HomeLoanEMI.validateMaintenanceExpensesPerMonthInputField(java.lang.String,java.lang.String,java.lang.String,java.lang.String,java.lang.String,java.lang.String,java.lang.String,java.lang.String,java.lang.String,java.lang.String,java.lang.String)[pri:26, instance:TestCases.LoanTenureCalculatorUICheck@6f10d5b6]" name="validateMaintenanceExpensesPerMonthInputField" class="TestCases.HomeLoanEMI"/>
        <method signature="HomeLoanEMI.printAllTheData()[pri:27, instance:TestCases.LoanTenureCalculatorUICheck@6f10d5b6]" name="printAllTheData" class="TestCases.HomeLoanEMI"/>
        <method signature="CalculateEmiUICheck.verifyEmiCalculatorLoanAmountInputFieldPresence()[pri:31, instance:TestCases.LoanTenureCalculatorUICheck@6f10d5b6]" name="verifyEmiCalculatorLoanAmountInputFieldPresence" class="TestCases.CalculateEmiUICheck"/>
        <method signature="CalculateEmiUICheck.validateEmiCalculatorLoanAmountInputFieldByPassingValue(java.lang.String,java.lang.String,java.lang.String,java.lang.String)[pri:32, instance:TestCases.LoanTenureCalculatorUICheck@6f10d5b6]" name="validateEmiCalculatorLoanAmountInputFieldByPassingValue" class="TestCases.CalculateEmiUICheck"/>
        <method signature="CalculateEmiUICheck.verifyEmiCalculatorInterestRateInputFieldPresence()[pri:33, instance:TestCases.LoanTenureCalculatorUICheck@6f10d5b6]" name="verifyEmiCalculatorInterestRateInputFieldPresence" class="TestCases.CalculateEmiUICheck"/>
        <method signature="CalculateEmiUICheck.validateEmiCalculatorInterestRateInputFieldByPassingValue(java.lang.String,java.lang.String,java.lang.String,java.lang.String)[pri:34, instance:TestCases.LoanTenureCalculatorUICheck@6f10d5b6]" name="validateEmiCalculatorInterestRateInputFieldByPassingValue" class="TestCases.CalculateEmiUICheck"/>
        <method signature="CalculateEmiUICheck.verifyEmiCalculatorLoanTenureInputFieldPresence()[pri:35, instance:TestCases.LoanTenureCalculatorUICheck@6f10d5b6]" name="verifyEmiCalculatorLoanTenureInputFieldPresence" class="TestCases.CalculateEmiUICheck"/>
        <method signature="CalculateEmiUICheck.validateEmiCalculatorLoanTenureInputFieldByPassingValue(java.lang.String,java.lang.String,java.lang.String,java.lang.String)[pri:36, instance:TestCases.LoanTenureCalculatorUICheck@6f10d5b6]" name="validateEmiCalculatorLoanTenureInputFieldByPassingValue" class="TestCases.CalculateEmiUICheck"/>
        <method signature="CalculateEmiUICheck.validateEmiCalculatorLoanTenureMonthButton()[pri:37, instance:TestCases.LoanTenureCalculatorUICheck@6f10d5b6]" name="validateEmiCalculatorLoanTenureMonthButton" class="TestCases.CalculateEmiUICheck"/>
        <method signature="CalculateEmiUICheck.verifyEmiCalculatorLoanChargesInputFieldPresence()[pri:38, instance:TestCases.LoanTenureCalculatorUICheck@6f10d5b6]" name="verifyEmiCalculatorLoanChargesInputFieldPresence" class="TestCases.CalculateEmiUICheck"/>
        <method signature="CalculateEmiUICheck.validateEmiCalculatorLoanChargesInputFieldByPassingValue(java.lang.String,java.lang.String,java.lang.String,java.lang.String)[pri:39, instance:TestCases.LoanTenureCalculatorUICheck@6f10d5b6]" name="validateEmiCalculatorLoanChargesInputFieldByPassingValue" class="TestCases.CalculateEmiUICheck"/>
        <method signature="LoanAmountCalculatorUICheck.verifyEmiInputFieldPresence()[pri:41, instance:TestCases.LoanTenureCalculatorUICheck@6f10d5b6]" name="verifyEmiInputFieldPresence" class="TestCases.LoanAmountCalculatorUICheck"/>
        <method signature="LoanAmountCalculatorUICheck.verifyEmiInputFieldByPassingValue(java.lang.String,java.lang.String,java.lang.String,java.lang.String)[pri:42, instance:TestCases.LoanTenureCalculatorUICheck@6f10d5b6]" name="verifyEmiInputFieldByPassingValue" class="TestCases.LoanAmountCalculatorUICheck"/>
        <method signature="LoanAmountCalculatorUICheck.verifyLoanAmountInterestRateInputFieldPresence()[pri:43, instance:TestCases.LoanTenureCalculatorUICheck@6f10d5b6]" name="verifyLoanAmountInterestRateInputFieldPresence" class="TestCases.LoanAmountCalculatorUICheck"/>
        <method signature="LoanAmountCalculatorUICheck.validateLoanAmountInterestRateInputFieldByPassingValue(java.lang.String,java.lang.String,java.lang.String,java.lang.String)[pri:44, instance:TestCases.LoanTenureCalculatorUICheck@6f10d5b6]" name="validateLoanAmountInterestRateInputFieldByPassingValue" class="TestCases.LoanAmountCalculatorUICheck"/>
        <method signature="LoanAmountCalculatorUICheck.verifyLoanAmountTenureInputFieldPresence()[pri:45, instance:TestCases.LoanTenureCalculatorUICheck@6f10d5b6]" name="verifyLoanAmountTenureInputFieldPresence" class="TestCases.LoanAmountCalculatorUICheck"/>
        <method signature="LoanAmountCalculatorUICheck.validateLoanAmountTenureInputFieldByPassingValue(java.lang.String,java.lang.String,java.lang.String,java.lang.String)[pri:46, instance:TestCases.LoanTenureCalculatorUICheck@6f10d5b6]" name="validateLoanAmountTenureInputFieldByPassingValue" class="TestCases.LoanAmountCalculatorUICheck"/>
        <method signature="LoanAmountCalculatorUICheck.validateLoanAmountLoanTenureMonthButton()[pri:47, instance:TestCases.LoanTenureCalculatorUICheck@6f10d5b6]" name="validateLoanAmountLoanTenureMonthButton" class="TestCases.LoanAmountCalculatorUICheck"/>
        <method signature="LoanAmountCalculatorUICheck.verifyLoanAmountLoanChargesInputFieldPresence()[pri:48, instance:TestCases.LoanTenureCalculatorUICheck@6f10d5b6]" name="verifyLoanAmountLoanChargesInputFieldPresence" class="TestCases.LoanAmountCalculatorUICheck"/>
        <method signature="LoanAmountCalculatorUICheck.validateLoanAmountLoanChargesInputFieldByPassingValue(java.lang.String,java.lang.String,java.lang.String,java.lang.String)[pri:49, instance:TestCases.LoanTenureCalculatorUICheck@6f10d5b6]" name="validateLoanAmountLoanChargesInputFieldByPassingValue" class="TestCases.LoanAmountCalculatorUICheck"/>
        <method signature="LoanTenureCalculatorUICheck.verifyLoanTenureLoanAmountInputFieldPresence()[pri:51, instance:TestCases.LoanTenureCalculatorUICheck@6f10d5b6]" name="verifyLoanTenureLoanAmountInputFieldPresence" class="TestCases.LoanTenureCalculatorUICheck"/>
        <method signature="LoanTenureCalculatorUICheck.validateLoanTenureLoanAmountInputFieldByPassingValue(java.lang.String,java.lang.String,java.lang.String)[pri:52, instance:TestCases.LoanTenureCalculatorUICheck@6f10d5b6]" name="validateLoanTenureLoanAmountInputFieldByPassingValue" class="TestCases.LoanTenureCalculatorUICheck"/>
        <method signature="LoanTenureCalculatorUICheck.verifyLoanTenureEmiInputFieldPresence()[pri:53, instance:TestCases.LoanTenureCalculatorUICheck@6f10d5b6]" name="verifyLoanTenureEmiInputFieldPresence" class="TestCases.LoanTenureCalculatorUICheck"/>
        <method signature="LoanTenureCalculatorUICheck.verifyLoanTenureInterestRateInputFieldPresence()[pri:54, instance:TestCases.LoanTenureCalculatorUICheck@6f10d5b6]" name="verifyLoanTenureInterestRateInputFieldPresence" class="TestCases.LoanTenureCalculatorUICheck"/>
        <method signature="LoanTenureCalculatorUICheck.validateLoanTenureInterestRateInputFieldByPassingValue(java.lang.String,java.lang.String,java.lang.String)[pri:55, instance:TestCases.LoanTenureCalculatorUICheck@6f10d5b6]" name="validateLoanTenureInterestRateInputFieldByPassingValue" class="TestCases.LoanTenureCalculatorUICheck"/>
        <method signature="LoanTenureCalculatorUICheck.verifyLoanTenuteLoanChargesInputFieldPresence()[pri:56, instance:TestCases.LoanTenureCalculatorUICheck@6f10d5b6]" name="verifyLoanTenuteLoanChargesInputFieldPresence" class="TestCases.LoanTenureCalculatorUICheck"/>
        <method signature="LoanTenureCalculatorUICheck.validateLoanTenureLoanChargesInputFieldByValue(java.lang.String,java.lang.String,java.lang.String)[pri:57, instance:TestCases.LoanTenureCalculatorUICheck@6f10d5b6]" name="validateLoanTenureLoanChargesInputFieldByValue" class="TestCases.LoanTenureCalculatorUICheck"/>
      </group> <!-- Regression -->
    </groups>
    <test started-at="2024-02-15T16:57:08 IST" name="Test" finished-at="2024-02-15T16:59:40 IST" duration-ms="152442">
      <class name="TestCases.LoanTenureCalculatorUICheck">
        <test-method is-config="true" signature="setUp(java.lang.String,java.lang.String)[pri:0, instance:TestCases.LoanTenureCalculatorUICheck@6f10d5b6]" started-at="2024-02-15T16:57:09 IST" name="setUp" finished-at="2024-02-15T16:57:29 IST" duration-ms="20579" status="PASS">
          <params>
            <param index="0">
              <value>
                <![CDATA[Windows]]>
              </value>
            </param>
            <param index="1">
              <value>
                <![CDATA[chrome]]>
              </value>
            </param>
          </params>
          <reporter-output>
          </reporter-output>
        </test-method> <!-- setUp -->
        <test-method signature="clickOnCarLoanLink()[pri:1, instance:TestCases.LoanTenureCalculatorUICheck@6f10d5b6]" started-at="2024-02-15T16:57:29 IST" name="clickOnCarLoanLink" finished-at="2024-02-15T16:57:30 IST" duration-ms="985" status="PASS">
          <reporter-output>
          </reporter-output>
        </test-method> <!-- clickOnCarLoanLink -->
        <test-method signature="setCarAmount(java.lang.String,java.lang.String,java.lang.String)[pri:2, instance:TestCases.LoanTenureCalculatorUICheck@6f10d5b6]" started-at="2024-02-15T16:57:33 IST" name="setCarAmount" data-provider="carLoanData" finished-at="2024-02-15T16:57:34 IST" depends-on-methods="TestCases.CarLoanEMI.clickOnCarLoanLink" duration-ms="988" status="PASS">
          <params>
            <param index="0">
              <value>
                <![CDATA[15,00,000]]>
              </value>
            </param>
            <param index="1">
              <value>
                <![CDATA[9.5]]>
              </value>
            </param>
            <param index="2">
              <value>
                <![CDATA[1.0]]>
              </value>
            </param>
          </params>
          <reporter-output>
          </reporter-output>
        </test-method> <!-- setCarAmount -->
        <test-method signature="setInterestRate(java.lang.String,java.lang.String,java.lang.String)[pri:3, instance:TestCases.LoanTenureCalculatorUICheck@6f10d5b6]" started-at="2024-02-15T16:57:35 IST" name="setInterestRate" data-provider="carLoanData" finished-at="2024-02-15T16:57:36 IST" depends-on-methods="TestCases.CarLoanEMI.clickOnCarLoanLink" duration-ms="812" status="PASS">
          <params>
            <param index="0">
              <value>
                <![CDATA[15,00,000]]>
              </value>
            </param>
            <param index="1">
              <value>
                <![CDATA[9.5]]>
              </value>
            </param>
            <param index="2">
              <value>
                <![CDATA[1.0]]>
              </value>
            </param>
          </params>
          <reporter-output>
          </reporter-output>
        </test-method> <!-- setInterestRate -->
        <test-method signature="setLoanTenure(java.lang.String,java.lang.String,java.lang.String)[pri:4, instance:TestCases.LoanTenureCalculatorUICheck@6f10d5b6]" started-at="2024-02-15T16:57:37 IST" name="setLoanTenure" data-provider="carLoanData" finished-at="2024-02-15T16:57:39 IST" depends-on-methods="TestCases.CarLoanEMI.clickOnCarLoanLink" duration-ms="1131" status="PASS">
          <params>
            <param index="0">
              <value>
                <![CDATA[15,00,000]]>
              </value>
            </param>
            <param index="1">
              <value>
                <![CDATA[9.5]]>
              </value>
            </param>
            <param index="2">
              <value>
                <![CDATA[1.0]]>
              </value>
            </param>
          </params>
          <reporter-output>
          </reporter-output>
        </test-method> <!-- setLoanTenure -->
        <test-method signature="clickOnyear()[pri:5, instance:TestCases.LoanTenureCalculatorUICheck@6f10d5b6]" started-at="2024-02-15T16:57:39 IST" name="clickOnyear" finished-at="2024-02-15T16:57:39 IST" depends-on-methods="TestCases.CarLoanEMI.clickOnCarLoanLink" duration-ms="475" status="PASS">
          <reporter-output>
          </reporter-output>
        </test-method> <!-- clickOnyear -->
        <test-method signature="readData()[pri:6, instance:TestCases.LoanTenureCalculatorUICheck@6f10d5b6]" started-at="2024-02-15T16:57:40 IST" name="readData" finished-at="2024-02-15T16:57:40 IST" depends-on-methods="TestCases.CarLoanEMI.clickOnCarLoanLink" duration-ms="181" status="PASS">
          <reporter-output>
          </reporter-output>
        </test-method> <!-- readData -->
        <test-method signature="calculatorsDropDownValidation()[pri:7, instance:TestCases.LoanTenureCalculatorUICheck@6f10d5b6]" started-at="2024-02-15T16:57:41 IST" name="calculatorsDropDownValidation" finished-at="2024-02-15T16:57:41 IST" duration-ms="318" status="PASS">
          <reporter-output>
          </reporter-output>
        </test-method> <!-- calculatorsDropDownValidation -->
        <test-method signature="homeLoanEmiCalculatorValidation()[pri:8, instance:TestCases.LoanTenureCalculatorUICheck@6f10d5b6]" started-at="2024-02-15T16:57:41 IST" name="homeLoanEmiCalculatorValidation" finished-at="2024-02-15T16:57:50 IST" duration-ms="8976" status="PASS">
          <reporter-output>
          </reporter-output>
        </test-method> <!-- homeLoanEmiCalculatorValidation -->
        <test-method signature="validateHomeValueInputfield(java.lang.String,java.lang.String,java.lang.String,java.lang.String,java.lang.String,java.lang.String,java.lang.String,java.lang.String,java.lang.String,java.lang.String,java.lang.String)[pri:9, instance:TestCases.LoanTenureCalculatorUICheck@6f10d5b6]" started-at="2024-02-15T16:57:53 IST" name="validateHomeValueInputfield" data-provider="homeLoanDetailsData" finished-at="2024-02-15T16:57:58 IST" depends-on-methods="TestCases.HomeLoanEMI.homeLoanEmiCalculatorValidation, TestCases.HomeLoanEMI.calculatorsDropDownValidation" duration-ms="5306" status="PASS">
          <params>
            <param index="0">
              <value>
                <![CDATA[2,00,00,000]]>
              </value>
            </param>
            <param index="1">
              <value>
                <![CDATA[25.0]]>
              </value>
            </param>
            <param index="2">
              <value>
                <![CDATA[10,00,000]]>
              </value>
            </param>
            <param index="3">
              <value>
                <![CDATA[12.0]]>
              </value>
            </param>
            <param index="4">
              <value>
                <![CDATA[10.0]]>
              </value>
            </param>
            <param index="5">
              <value>
                <![CDATA[0.3]]>
              </value>
            </param>
            <param index="6">
              <value>
                <![CDATA[01-Feb-2029]]>
              </value>
            </param>
            <param index="7">
              <value>
                <![CDATA[5.0]]>
              </value>
            </param>
            <param index="8">
              <value>
                <![CDATA[0.3]]>
              </value>
            </param>
            <param index="9">
              <value>
                <![CDATA[0.1]]>
              </value>
            </param>
            <param index="10">
              <value>
                <![CDATA[3000.0]]>
              </value>
            </param>
          </params>
          <reporter-output>
          </reporter-output>
        </test-method> <!-- validateHomeValueInputfield -->
        <test-method signature="validateDownPaymentInputFieldInPercentage(java.lang.String,java.lang.String,java.lang.String,java.lang.String,java.lang.String,java.lang.String,java.lang.String,java.lang.String,java.lang.String,java.lang.String,java.lang.String)[pri:10, instance:TestCases.LoanTenureCalculatorUICheck@6f10d5b6]" started-at="2024-02-15T16:57:59 IST" name="validateDownPaymentInputFieldInPercentage" data-provider="homeLoanDetailsData" finished-at="2024-02-15T16:58:03 IST" depends-on-methods="TestCases.HomeLoanEMI.homeLoanEmiCalculatorValidation, TestCases.HomeLoanEMI.calculatorsDropDownValidation" duration-ms="4246" status="PASS">
          <params>
            <param index="0">
              <value>
                <![CDATA[2,00,00,000]]>
              </value>
            </param>
            <param index="1">
              <value>
                <![CDATA[25.0]]>
              </value>
            </param>
            <param index="2">
              <value>
                <![CDATA[10,00,000]]>
              </value>
            </param>
            <param index="3">
              <value>
                <![CDATA[12.0]]>
              </value>
            </param>
            <param index="4">
              <value>
                <![CDATA[10.0]]>
              </value>
            </param>
            <param index="5">
              <value>
                <![CDATA[0.3]]>
              </value>
            </param>
            <param index="6">
              <value>
                <![CDATA[01-Feb-2029]]>
              </value>
            </param>
            <param index="7">
              <value>
                <![CDATA[5.0]]>
              </value>
            </param>
            <param index="8">
              <value>
                <![CDATA[0.3]]>
              </value>
            </param>
            <param index="9">
              <value>
                <![CDATA[0.1]]>
              </value>
            </param>
            <param index="10">
              <value>
                <![CDATA[3000.0]]>
              </value>
            </param>
          </params>
          <reporter-output>
          </reporter-output>
        </test-method> <!-- validateDownPaymentInputFieldInPercentage -->
        <test-method signature="validateDownPaymentRupeesButton()[pri:11, instance:TestCases.LoanTenureCalculatorUICheck@6f10d5b6]" started-at="2024-02-15T16:58:04 IST" name="validateDownPaymentRupeesButton" finished-at="2024-02-15T16:58:04 IST" depends-on-methods="TestCases.HomeLoanEMI.homeLoanEmiCalculatorValidation, TestCases.HomeLoanEMI.calculatorsDropDownValidation" duration-ms="591" status="PASS">
          <reporter-output>
          </reporter-output>
        </test-method> <!-- validateDownPaymentRupeesButton -->
        <test-method signature="validateLoanInsuranceInputField(java.lang.String,java.lang.String,java.lang.String,java.lang.String,java.lang.String,java.lang.String,java.lang.String,java.lang.String,java.lang.String,java.lang.String,java.lang.String)[pri:12, instance:TestCases.LoanTenureCalculatorUICheck@6f10d5b6]" started-at="2024-02-15T16:58:06 IST" name="validateLoanInsuranceInputField" data-provider="homeLoanDetailsData" finished-at="2024-02-15T16:58:10 IST" depends-on-methods="TestCases.HomeLoanEMI.homeLoanEmiCalculatorValidation, TestCases.HomeLoanEMI.calculatorsDropDownValidation" duration-ms="3931" status="PASS">
          <params>
            <param index="0">
              <value>
                <![CDATA[2,00,00,000]]>
              </value>
            </param>
            <param index="1">
              <value>
                <![CDATA[25.0]]>
              </value>
            </param>
            <param index="2">
              <value>
                <![CDATA[10,00,000]]>
              </value>
            </param>
            <param index="3">
              <value>
                <![CDATA[12.0]]>
              </value>
            </param>
            <param index="4">
              <value>
                <![CDATA[10.0]]>
              </value>
            </param>
            <param index="5">
              <value>
                <![CDATA[0.3]]>
              </value>
            </param>
            <param index="6">
              <value>
                <![CDATA[01-Feb-2029]]>
              </value>
            </param>
            <param index="7">
              <value>
                <![CDATA[5.0]]>
              </value>
            </param>
            <param index="8">
              <value>
                <![CDATA[0.3]]>
              </value>
            </param>
            <param index="9">
              <value>
                <![CDATA[0.1]]>
              </value>
            </param>
            <param index="10">
              <value>
                <![CDATA[3000.0]]>
              </value>
            </param>
          </params>
          <reporter-output>
          </reporter-output>
        </test-method> <!-- validateLoanInsuranceInputField -->
        <test-method signature="validateInterestRateInputField(java.lang.String,java.lang.String,java.lang.String,java.lang.String,java.lang.String,java.lang.String,java.lang.String,java.lang.String,java.lang.String,java.lang.String,java.lang.String)[pri:13, instance:TestCases.LoanTenureCalculatorUICheck@6f10d5b6]" started-at="2024-02-15T16:58:11 IST" name="validateInterestRateInputField" data-provider="homeLoanDetailsData" finished-at="2024-02-15T16:58:11 IST" depends-on-methods="TestCases.HomeLoanEMI.homeLoanEmiCalculatorValidation, TestCases.HomeLoanEMI.calculatorsDropDownValidation" duration-ms="408" status="PASS">
          <params>
            <param index="0">
              <value>
                <![CDATA[2,00,00,000]]>
              </value>
            </param>
            <param index="1">
              <value>
                <![CDATA[25.0]]>
              </value>
            </param>
            <param index="2">
              <value>
                <![CDATA[10,00,000]]>
              </value>
            </param>
            <param index="3">
              <value>
                <![CDATA[12.0]]>
              </value>
            </param>
            <param index="4">
              <value>
                <![CDATA[10.0]]>
              </value>
            </param>
            <param index="5">
              <value>
                <![CDATA[0.3]]>
              </value>
            </param>
            <param index="6">
              <value>
                <![CDATA[01-Feb-2029]]>
              </value>
            </param>
            <param index="7">
              <value>
                <![CDATA[5.0]]>
              </value>
            </param>
            <param index="8">
              <value>
                <![CDATA[0.3]]>
              </value>
            </param>
            <param index="9">
              <value>
                <![CDATA[0.1]]>
              </value>
            </param>
            <param index="10">
              <value>
                <![CDATA[3000.0]]>
              </value>
            </param>
          </params>
          <reporter-output>
          </reporter-output>
        </test-method> <!-- validateInterestRateInputField -->
        <test-method signature="validateLoanTenureInputField(java.lang.String,java.lang.String,java.lang.String,java.lang.String,java.lang.String,java.lang.String,java.lang.String,java.lang.String,java.lang.String,java.lang.String,java.lang.String)[pri:14, instance:TestCases.LoanTenureCalculatorUICheck@6f10d5b6]" started-at="2024-02-15T16:58:12 IST" name="validateLoanTenureInputField" data-provider="homeLoanDetailsData" finished-at="2024-02-15T16:58:13 IST" depends-on-methods="TestCases.HomeLoanEMI.homeLoanEmiCalculatorValidation, TestCases.HomeLoanEMI.calculatorsDropDownValidation" duration-ms="654" status="PASS">
          <params>
            <param index="0">
              <value>
                <![CDATA[2,00,00,000]]>
              </value>
            </param>
            <param index="1">
              <value>
                <![CDATA[25.0]]>
              </value>
            </param>
            <param index="2">
              <value>
                <![CDATA[10,00,000]]>
              </value>
            </param>
            <param index="3">
              <value>
                <![CDATA[12.0]]>
              </value>
            </param>
            <param index="4">
              <value>
                <![CDATA[10.0]]>
              </value>
            </param>
            <param index="5">
              <value>
                <![CDATA[0.3]]>
              </value>
            </param>
            <param index="6">
              <value>
                <![CDATA[01-Feb-2029]]>
              </value>
            </param>
            <param index="7">
              <value>
                <![CDATA[5.0]]>
              </value>
            </param>
            <param index="8">
              <value>
                <![CDATA[0.3]]>
              </value>
            </param>
            <param index="9">
              <value>
                <![CDATA[0.1]]>
              </value>
            </param>
            <param index="10">
              <value>
                <![CDATA[3000.0]]>
              </value>
            </param>
          </params>
          <reporter-output>
          </reporter-output>
        </test-method> <!-- validateLoanTenureInputField -->
        <test-method signature="validateLoanTenureMonthsButton()[pri:15, instance:TestCases.LoanTenureCalculatorUICheck@6f10d5b6]" started-at="2024-02-15T16:58:13 IST" name="validateLoanTenureMonthsButton" finished-at="2024-02-15T16:58:14 IST" depends-on-methods="TestCases.HomeLoanEMI.homeLoanEmiCalculatorValidation, TestCases.HomeLoanEMI.calculatorsDropDownValidation" duration-ms="771" status="PASS">
          <reporter-output>
          </reporter-output>
        </test-method> <!-- validateLoanTenureMonthsButton -->
        <test-method signature="validateLoanChargesInputField(java.lang.String,java.lang.String,java.lang.String,java.lang.String,java.lang.String,java.lang.String,java.lang.String,java.lang.String,java.lang.String,java.lang.String,java.lang.String)[pri:16, instance:TestCases.LoanTenureCalculatorUICheck@6f10d5b6]" started-at="2024-02-15T16:58:15 IST" name="validateLoanChargesInputField" data-provider="homeLoanDetailsData" finished-at="2024-02-15T16:58:19 IST" depends-on-methods="TestCases.HomeLoanEMI.homeLoanEmiCalculatorValidation, TestCases.HomeLoanEMI.calculatorsDropDownValidation" duration-ms="4527" status="PASS">
          <params>
            <param index="0">
              <value>
                <![CDATA[2,00,00,000]]>
              </value>
            </param>
            <param index="1">
              <value>
                <![CDATA[25.0]]>
              </value>
            </param>
            <param index="2">
              <value>
                <![CDATA[10,00,000]]>
              </value>
            </param>
            <param index="3">
              <value>
                <![CDATA[12.0]]>
              </value>
            </param>
            <param index="4">
              <value>
                <![CDATA[10.0]]>
              </value>
            </param>
            <param index="5">
              <value>
                <![CDATA[0.3]]>
              </value>
            </param>
            <param index="6">
              <value>
                <![CDATA[01-Feb-2029]]>
              </value>
            </param>
            <param index="7">
              <value>
                <![CDATA[5.0]]>
              </value>
            </param>
            <param index="8">
              <value>
                <![CDATA[0.3]]>
              </value>
            </param>
            <param index="9">
              <value>
                <![CDATA[0.1]]>
              </value>
            </param>
            <param index="10">
              <value>
                <![CDATA[3000.0]]>
              </value>
            </param>
          </params>
          <reporter-output>
          </reporter-output>
        </test-method> <!-- validateLoanChargesInputField -->
        <test-method signature="validateLoanChargesRupeesButtonElement()[pri:17, instance:TestCases.LoanTenureCalculatorUICheck@6f10d5b6]" started-at="2024-02-15T16:58:20 IST" name="validateLoanChargesRupeesButtonElement" finished-at="2024-02-15T16:58:20 IST" depends-on-methods="TestCases.HomeLoanEMI.homeLoanEmiCalculatorValidation, TestCases.HomeLoanEMI.calculatorsDropDownValidation" duration-ms="468" status="PASS">
          <reporter-output>
          </reporter-output>
        </test-method> <!-- validateLoanChargesRupeesButtonElement -->
        <test-method signature="validateLoanStartMonthAndYearField()[pri:18, instance:TestCases.LoanTenureCalculatorUICheck@6f10d5b6]" started-at="2024-02-15T16:58:21 IST" name="validateLoanStartMonthAndYearField" finished-at="2024-02-15T16:58:21 IST" depends-on-methods="TestCases.HomeLoanEMI.homeLoanEmiCalculatorValidation, TestCases.HomeLoanEMI.calculatorsDropDownValidation" duration-ms="303" status="PASS">
          <reporter-output>
          </reporter-output>
        </test-method> <!-- validateLoanStartMonthAndYearField -->
        <test-method signature="validateLoanStartMonthAndYearInputField(java.lang.String,java.lang.String,java.lang.String,java.lang.String,java.lang.String,java.lang.String,java.lang.String,java.lang.String,java.lang.String,java.lang.String,java.lang.String)[pri:19, instance:TestCases.LoanTenureCalculatorUICheck@6f10d5b6]" started-at="2024-02-15T16:58:22 IST" name="validateLoanStartMonthAndYearInputField" data-provider="homeLoanDetailsData" finished-at="2024-02-15T16:58:24 IST" depends-on-methods="TestCases.HomeLoanEMI.homeLoanEmiCalculatorValidation, TestCases.HomeLoanEMI.calculatorsDropDownValidation" duration-ms="1714" status="PASS">
          <params>
            <param index="0">
              <value>
                <![CDATA[2,00,00,000]]>
              </value>
            </param>
            <param index="1">
              <value>
                <![CDATA[25.0]]>
              </value>
            </param>
            <param index="2">
              <value>
                <![CDATA[10,00,000]]>
              </value>
            </param>
            <param index="3">
              <value>
                <![CDATA[12.0]]>
              </value>
            </param>
            <param index="4">
              <value>
                <![CDATA[10.0]]>
              </value>
            </param>
            <param index="5">
              <value>
                <![CDATA[0.3]]>
              </value>
            </param>
            <param index="6">
              <value>
                <![CDATA[01-Feb-2029]]>
              </value>
            </param>
            <param index="7">
              <value>
                <![CDATA[5.0]]>
              </value>
            </param>
            <param index="8">
              <value>
                <![CDATA[0.3]]>
              </value>
            </param>
            <param index="9">
              <value>
                <![CDATA[0.1]]>
              </value>
            </param>
            <param index="10">
              <value>
                <![CDATA[3000.0]]>
              </value>
            </param>
          </params>
          <reporter-output>
          </reporter-output>
        </test-method> <!-- validateLoanStartMonthAndYearInputField -->
        <test-method signature="validateOneTimeExpensesInputField(java.lang.String,java.lang.String,java.lang.String,java.lang.String,java.lang.String,java.lang.String,java.lang.String,java.lang.String,java.lang.String,java.lang.String,java.lang.String)[pri:20, instance:TestCases.LoanTenureCalculatorUICheck@6f10d5b6]" started-at="2024-02-15T16:58:25 IST" name="validateOneTimeExpensesInputField" data-provider="homeLoanDetailsData" finished-at="2024-02-15T16:58:25 IST" depends-on-methods="TestCases.HomeLoanEMI.homeLoanEmiCalculatorValidation, TestCases.HomeLoanEMI.calculatorsDropDownValidation" duration-ms="475" status="PASS">
          <params>
            <param index="0">
              <value>
                <![CDATA[2,00,00,000]]>
              </value>
            </param>
            <param index="1">
              <value>
                <![CDATA[25.0]]>
              </value>
            </param>
            <param index="2">
              <value>
                <![CDATA[10,00,000]]>
              </value>
            </param>
            <param index="3">
              <value>
                <![CDATA[12.0]]>
              </value>
            </param>
            <param index="4">
              <value>
                <![CDATA[10.0]]>
              </value>
            </param>
            <param index="5">
              <value>
                <![CDATA[0.3]]>
              </value>
            </param>
            <param index="6">
              <value>
                <![CDATA[01-Feb-2029]]>
              </value>
            </param>
            <param index="7">
              <value>
                <![CDATA[5.0]]>
              </value>
            </param>
            <param index="8">
              <value>
                <![CDATA[0.3]]>
              </value>
            </param>
            <param index="9">
              <value>
                <![CDATA[0.1]]>
              </value>
            </param>
            <param index="10">
              <value>
                <![CDATA[3000.0]]>
              </value>
            </param>
          </params>
          <reporter-output>
          </reporter-output>
        </test-method> <!-- validateOneTimeExpensesInputField -->
        <test-method signature="validateOneTimeExpensesRupeesButton()[pri:21, instance:TestCases.LoanTenureCalculatorUICheck@6f10d5b6]" started-at="2024-02-15T16:58:26 IST" name="validateOneTimeExpensesRupeesButton" finished-at="2024-02-15T16:58:29 IST" depends-on-methods="TestCases.HomeLoanEMI.homeLoanEmiCalculatorValidation, TestCases.HomeLoanEMI.calculatorsDropDownValidation" duration-ms="3617" status="PASS">
          <reporter-output>
          </reporter-output>
        </test-method> <!-- validateOneTimeExpensesRupeesButton -->
        <test-method signature="validatePropertyTaxesPerYearInputField(java.lang.String,java.lang.String,java.lang.String,java.lang.String,java.lang.String,java.lang.String,java.lang.String,java.lang.String,java.lang.String,java.lang.String,java.lang.String)[pri:22, instance:TestCases.LoanTenureCalculatorUICheck@6f10d5b6]" started-at="2024-02-15T16:58:30 IST" name="validatePropertyTaxesPerYearInputField" data-provider="homeLoanDetailsData" finished-at="2024-02-15T16:58:31 IST" depends-on-methods="TestCases.HomeLoanEMI.homeLoanEmiCalculatorValidation, TestCases.HomeLoanEMI.calculatorsDropDownValidation" duration-ms="402" status="PASS">
          <params>
            <param index="0">
              <value>
                <![CDATA[2,00,00,000]]>
              </value>
            </param>
            <param index="1">
              <value>
                <![CDATA[25.0]]>
              </value>
            </param>
            <param index="2">
              <value>
                <![CDATA[10,00,000]]>
              </value>
            </param>
            <param index="3">
              <value>
                <![CDATA[12.0]]>
              </value>
            </param>
            <param index="4">
              <value>
                <![CDATA[10.0]]>
              </value>
            </param>
            <param index="5">
              <value>
                <![CDATA[0.3]]>
              </value>
            </param>
            <param index="6">
              <value>
                <![CDATA[01-Feb-2029]]>
              </value>
            </param>
            <param index="7">
              <value>
                <![CDATA[5.0]]>
              </value>
            </param>
            <param index="8">
              <value>
                <![CDATA[0.3]]>
              </value>
            </param>
            <param index="9">
              <value>
                <![CDATA[0.1]]>
              </value>
            </param>
            <param index="10">
              <value>
                <![CDATA[3000.0]]>
              </value>
            </param>
          </params>
          <reporter-output>
          </reporter-output>
        </test-method> <!-- validatePropertyTaxesPerYearInputField -->
        <test-method signature="validatePropertyTaxesPerYearRupeesButton()[pri:23, instance:TestCases.LoanTenureCalculatorUICheck@6f10d5b6]" started-at="2024-02-15T16:58:31 IST" name="validatePropertyTaxesPerYearRupeesButton" finished-at="2024-02-15T16:58:34 IST" depends-on-methods="TestCases.HomeLoanEMI.homeLoanEmiCalculatorValidation, TestCases.HomeLoanEMI.calculatorsDropDownValidation" duration-ms="3610" status="PASS">
          <reporter-output>
          </reporter-output>
        </test-method> <!-- validatePropertyTaxesPerYearRupeesButton -->
        <test-method signature="validateHomeInsurancePerYearInputField(java.lang.String,java.lang.String,java.lang.String,java.lang.String,java.lang.String,java.lang.String,java.lang.String,java.lang.String,java.lang.String,java.lang.String,java.lang.String)[pri:24, instance:TestCases.LoanTenureCalculatorUICheck@6f10d5b6]" started-at="2024-02-15T16:58:35 IST" name="validateHomeInsurancePerYearInputField" data-provider="homeLoanDetailsData" finished-at="2024-02-15T16:58:36 IST" depends-on-methods="TestCases.HomeLoanEMI.homeLoanEmiCalculatorValidation, TestCases.HomeLoanEMI.calculatorsDropDownValidation" duration-ms="382" status="PASS">
          <params>
            <param index="0">
              <value>
                <![CDATA[2,00,00,000]]>
              </value>
            </param>
            <param index="1">
              <value>
                <![CDATA[25.0]]>
              </value>
            </param>
            <param index="2">
              <value>
                <![CDATA[10,00,000]]>
              </value>
            </param>
            <param index="3">
              <value>
                <![CDATA[12.0]]>
              </value>
            </param>
            <param index="4">
              <value>
                <![CDATA[10.0]]>
              </value>
            </param>
            <param index="5">
              <value>
                <![CDATA[0.3]]>
              </value>
            </param>
            <param index="6">
              <value>
                <![CDATA[01-Feb-2029]]>
              </value>
            </param>
            <param index="7">
              <value>
                <![CDATA[5.0]]>
              </value>
            </param>
            <param index="8">
              <value>
                <![CDATA[0.3]]>
              </value>
            </param>
            <param index="9">
              <value>
                <![CDATA[0.1]]>
              </value>
            </param>
            <param index="10">
              <value>
                <![CDATA[3000.0]]>
              </value>
            </param>
          </params>
          <reporter-output>
          </reporter-output>
        </test-method> <!-- validateHomeInsurancePerYearInputField -->
        <test-method signature="validateHomeInsurancePerYearRupeesButton()[pri:25, instance:TestCases.LoanTenureCalculatorUICheck@6f10d5b6]" started-at="2024-02-15T16:58:36 IST" name="validateHomeInsurancePerYearRupeesButton" finished-at="2024-02-15T16:58:40 IST" depends-on-methods="TestCases.HomeLoanEMI.homeLoanEmiCalculatorValidation, TestCases.HomeLoanEMI.calculatorsDropDownValidation" duration-ms="3558" status="PASS">
          <reporter-output>
          </reporter-output>
        </test-method> <!-- validateHomeInsurancePerYearRupeesButton -->
        <test-method signature="validateMaintenanceExpensesPerMonthInputField(java.lang.String,java.lang.String,java.lang.String,java.lang.String,java.lang.String,java.lang.String,java.lang.String,java.lang.String,java.lang.String,java.lang.String,java.lang.String)[pri:26, instance:TestCases.LoanTenureCalculatorUICheck@6f10d5b6]" started-at="2024-02-15T16:58:41 IST" name="validateMaintenanceExpensesPerMonthInputField" data-provider="homeLoanDetailsData" finished-at="2024-02-15T16:58:41 IST" depends-on-methods="TestCases.HomeLoanEMI.homeLoanEmiCalculatorValidation, TestCases.HomeLoanEMI.calculatorsDropDownValidation" duration-ms="389" status="PASS">
          <params>
            <param index="0">
              <value>
                <![CDATA[2,00,00,000]]>
              </value>
            </param>
            <param index="1">
              <value>
                <![CDATA[25.0]]>
              </value>
            </param>
            <param index="2">
              <value>
                <![CDATA[10,00,000]]>
              </value>
            </param>
            <param index="3">
              <value>
                <![CDATA[12.0]]>
              </value>
            </param>
            <param index="4">
              <value>
                <![CDATA[10.0]]>
              </value>
            </param>
            <param index="5">
              <value>
                <![CDATA[0.3]]>
              </value>
            </param>
            <param index="6">
              <value>
                <![CDATA[01-Feb-2029]]>
              </value>
            </param>
            <param index="7">
              <value>
                <![CDATA[5.0]]>
              </value>
            </param>
            <param index="8">
              <value>
                <![CDATA[0.3]]>
              </value>
            </param>
            <param index="9">
              <value>
                <![CDATA[0.1]]>
              </value>
            </param>
            <param index="10">
              <value>
                <![CDATA[3000.0]]>
              </value>
            </param>
          </params>
          <reporter-output>
          </reporter-output>
        </test-method> <!-- validateMaintenanceExpensesPerMonthInputField -->
        <test-method signature="printAllTheData()[pri:27, instance:TestCases.LoanTenureCalculatorUICheck@6f10d5b6]" started-at="2024-02-15T16:58:41 IST" name="printAllTheData" finished-at="2024-02-15T16:59:00 IST" depends-on-methods="TestCases.HomeLoanEMI.homeLoanEmiCalculatorValidation, TestCases.HomeLoanEMI.calculatorsDropDownValidation" duration-ms="18412" status="PASS">
          <reporter-output>
          </reporter-output>
        </test-method> <!-- printAllTheData -->
        <test-method signature="calculatorsDropDownValidationFromHomeLoan()[pri:28, instance:TestCases.LoanTenureCalculatorUICheck@6f10d5b6]" started-at="2024-02-15T16:59:00 IST" name="calculatorsDropDownValidationFromHomeLoan" finished-at="2024-02-15T16:59:01 IST" duration-ms="531" status="PASS">
          <reporter-output>
          </reporter-output>
        </test-method> <!-- calculatorsDropDownValidationFromHomeLoan -->
        <test-method signature="emiCalculatorPageValidation()[pri:29, instance:TestCases.LoanTenureCalculatorUICheck@6f10d5b6]" started-at="2024-02-15T16:59:01 IST" name="emiCalculatorPageValidation" finished-at="2024-02-15T16:59:04 IST" depends-on-methods="TestCases.EMICalculator.calculatorsDropDownValidationFromHomeLoan" duration-ms="3014" status="PASS">
          <reporter-output>
          </reporter-output>
        </test-method> <!-- emiCalculatorPageValidation -->
        <test-method signature="validateEmiCalculatorLink()[pri:30, instance:TestCases.LoanTenureCalculatorUICheck@6f10d5b6]" started-at="2024-02-15T16:59:05 IST" name="validateEmiCalculatorLink" finished-at="2024-02-15T16:59:05 IST" depends-on-methods="TestCases.EMICalculator.emiCalculatorPageValidation" duration-ms="117" status="PASS">
          <reporter-output>
          </reporter-output>
        </test-method> <!-- validateEmiCalculatorLink -->
        <test-method signature="verifyEmiCalculatorLoanAmountInputFieldPresence()[pri:31, instance:TestCases.LoanTenureCalculatorUICheck@6f10d5b6]" started-at="2024-02-15T16:59:05 IST" name="verifyEmiCalculatorLoanAmountInputFieldPresence" finished-at="2024-02-15T16:59:05 IST" depends-on-methods="TestCases.CalculateEmiUICheck.validateEmiCalculatorLink" duration-ms="69" status="PASS">
          <reporter-output>
          </reporter-output>
        </test-method> <!-- verifyEmiCalculatorLoanAmountInputFieldPresence -->
        <test-method signature="validateEmiCalculatorLoanAmountInputFieldByPassingValue(java.lang.String,java.lang.String,java.lang.String,java.lang.String)[pri:32, instance:TestCases.LoanTenureCalculatorUICheck@6f10d5b6]" started-at="2024-02-15T16:59:06 IST" name="validateEmiCalculatorLoanAmountInputFieldByPassingValue" data-provider="EMICalculatorData" finished-at="2024-02-15T16:59:07 IST" depends-on-methods="TestCases.CalculateEmiUICheck.validateEmiCalculatorLink" duration-ms="1054" status="PASS">
          <params>
            <param index="0">
              <value>
                <![CDATA[50,00,000]]>
              </value>
            </param>
            <param index="1">
              <value>
                <![CDATA[12.5]]>
              </value>
            </param>
            <param index="2">
              <value>
                <![CDATA[15.0]]>
              </value>
            </param>
            <param index="3">
              <value>
                <![CDATA[75000.0]]>
              </value>
            </param>
          </params>
          <reporter-output>
          </reporter-output>
        </test-method> <!-- validateEmiCalculatorLoanAmountInputFieldByPassingValue -->
        <test-method signature="verifyEmiCalculatorInterestRateInputFieldPresence()[pri:33, instance:TestCases.LoanTenureCalculatorUICheck@6f10d5b6]" started-at="2024-02-15T16:59:07 IST" name="verifyEmiCalculatorInterestRateInputFieldPresence" finished-at="2024-02-15T16:59:07 IST" depends-on-methods="TestCases.CalculateEmiUICheck.validateEmiCalculatorLink" duration-ms="91" status="PASS">
          <reporter-output>
          </reporter-output>
        </test-method> <!-- verifyEmiCalculatorInterestRateInputFieldPresence -->
        <test-method signature="validateEmiCalculatorInterestRateInputFieldByPassingValue(java.lang.String,java.lang.String,java.lang.String,java.lang.String)[pri:34, instance:TestCases.LoanTenureCalculatorUICheck@6f10d5b6]" started-at="2024-02-15T16:59:08 IST" name="validateEmiCalculatorInterestRateInputFieldByPassingValue" data-provider="EMICalculatorData" finished-at="2024-02-15T16:59:09 IST" depends-on-methods="TestCases.CalculateEmiUICheck.validateEmiCalculatorLink" duration-ms="994" status="PASS">
          <params>
            <param index="0">
              <value>
                <![CDATA[50,00,000]]>
              </value>
            </param>
            <param index="1">
              <value>
                <![CDATA[12.5]]>
              </value>
            </param>
            <param index="2">
              <value>
                <![CDATA[15.0]]>
              </value>
            </param>
            <param index="3">
              <value>
                <![CDATA[75000.0]]>
              </value>
            </param>
          </params>
          <reporter-output>
          </reporter-output>
        </test-method> <!-- validateEmiCalculatorInterestRateInputFieldByPassingValue -->
        <test-method signature="verifyEmiCalculatorLoanTenureInputFieldPresence()[pri:35, instance:TestCases.LoanTenureCalculatorUICheck@6f10d5b6]" started-at="2024-02-15T16:59:09 IST" name="verifyEmiCalculatorLoanTenureInputFieldPresence" finished-at="2024-02-15T16:59:09 IST" depends-on-methods="TestCases.CalculateEmiUICheck.validateEmiCalculatorLink" duration-ms="93" status="PASS">
          <reporter-output>
          </reporter-output>
        </test-method> <!-- verifyEmiCalculatorLoanTenureInputFieldPresence -->
        <test-method signature="validateEmiCalculatorLoanTenureInputFieldByPassingValue(java.lang.String,java.lang.String,java.lang.String,java.lang.String)[pri:36, instance:TestCases.LoanTenureCalculatorUICheck@6f10d5b6]" started-at="2024-02-15T16:59:10 IST" name="validateEmiCalculatorLoanTenureInputFieldByPassingValue" data-provider="EMICalculatorData" finished-at="2024-02-15T16:59:12 IST" depends-on-methods="TestCases.CalculateEmiUICheck.validateEmiCalculatorLink" duration-ms="1758" status="PASS">
          <params>
            <param index="0">
              <value>
                <![CDATA[50,00,000]]>
              </value>
            </param>
            <param index="1">
              <value>
                <![CDATA[12.5]]>
              </value>
            </param>
            <param index="2">
              <value>
                <![CDATA[15.0]]>
              </value>
            </param>
            <param index="3">
              <value>
                <![CDATA[75000.0]]>
              </value>
            </param>
          </params>
          <reporter-output>
          </reporter-output>
        </test-method> <!-- validateEmiCalculatorLoanTenureInputFieldByPassingValue -->
        <test-method signature="validateEmiCalculatorLoanTenureMonthButton()[pri:37, instance:TestCases.LoanTenureCalculatorUICheck@6f10d5b6]" started-at="2024-02-15T16:59:12 IST" name="validateEmiCalculatorLoanTenureMonthButton" finished-at="2024-02-15T16:59:16 IST" depends-on-methods="TestCases.CalculateEmiUICheck.validateEmiCalculatorLink" duration-ms="3897" status="PASS">
          <reporter-output>
          </reporter-output>
        </test-method> <!-- validateEmiCalculatorLoanTenureMonthButton -->
        <test-method signature="verifyEmiCalculatorLoanChargesInputFieldPresence()[pri:38, instance:TestCases.LoanTenureCalculatorUICheck@6f10d5b6]" started-at="2024-02-15T16:59:16 IST" name="verifyEmiCalculatorLoanChargesInputFieldPresence" finished-at="2024-02-15T16:59:16 IST" depends-on-methods="TestCases.CalculateEmiUICheck.validateEmiCalculatorLink" duration-ms="64" status="PASS">
          <reporter-output>
          </reporter-output>
        </test-method> <!-- verifyEmiCalculatorLoanChargesInputFieldPresence -->
        <test-method signature="validateEmiCalculatorLoanChargesInputFieldByPassingValue(java.lang.String,java.lang.String,java.lang.String,java.lang.String)[pri:39, instance:TestCases.LoanTenureCalculatorUICheck@6f10d5b6]" started-at="2024-02-15T16:59:17 IST" name="validateEmiCalculatorLoanChargesInputFieldByPassingValue" data-provider="EMICalculatorData" finished-at="2024-02-15T16:59:18 IST" depends-on-methods="TestCases.CalculateEmiUICheck.validateEmiCalculatorLink" duration-ms="985" status="PASS">
          <params>
            <param index="0">
              <value>
                <![CDATA[50,00,000]]>
              </value>
            </param>
            <param index="1">
              <value>
                <![CDATA[12.5]]>
              </value>
            </param>
            <param index="2">
              <value>
                <![CDATA[15.0]]>
              </value>
            </param>
            <param index="3">
              <value>
                <![CDATA[75000.0]]>
              </value>
            </param>
          </params>
          <reporter-output>
          </reporter-output>
        </test-method> <!-- validateEmiCalculatorLoanChargesInputFieldByPassingValue -->
        <test-method signature="validateLoanAmountCalculatorLink()[pri:40, instance:TestCases.LoanTenureCalculatorUICheck@6f10d5b6]" started-at="2024-02-15T16:59:18 IST" name="validateLoanAmountCalculatorLink" finished-at="2024-02-15T16:59:19 IST" duration-ms="712" status="PASS">
          <reporter-output>
          </reporter-output>
        </test-method> <!-- validateLoanAmountCalculatorLink -->
        <test-method signature="verifyEmiInputFieldPresence()[pri:41, instance:TestCases.LoanTenureCalculatorUICheck@6f10d5b6]" started-at="2024-02-15T16:59:19 IST" name="verifyEmiInputFieldPresence" finished-at="2024-02-15T16:59:19 IST" depends-on-methods="TestCases.LoanAmountCalculatorUICheck.validateLoanAmountCalculatorLink" duration-ms="102" status="PASS">
          <reporter-output>
          </reporter-output>
        </test-method> <!-- verifyEmiInputFieldPresence -->
        <test-method signature="verifyEmiInputFieldByPassingValue(java.lang.String,java.lang.String,java.lang.String,java.lang.String)[pri:42, instance:TestCases.LoanTenureCalculatorUICheck@6f10d5b6]" started-at="2024-02-15T16:59:20 IST" name="verifyEmiInputFieldByPassingValue" data-provider="loanAmountCalculatorData" finished-at="2024-02-15T16:59:21 IST" depends-on-methods="TestCases.LoanAmountCalculatorUICheck.validateLoanAmountCalculatorLink" duration-ms="891" status="PASS">
          <params>
            <param index="0">
              <value>
                <![CDATA[25000.0]]>
              </value>
            </param>
            <param index="1">
              <value>
                <![CDATA[15.0]]>
              </value>
            </param>
            <param index="2">
              <value>
                <![CDATA[120.0]]>
              </value>
            </param>
            <param index="3">
              <value>
                <![CDATA[50000.0]]>
              </value>
            </param>
          </params>
          <reporter-output>
          </reporter-output>
        </test-method> <!-- verifyEmiInputFieldByPassingValue -->
        <test-method signature="verifyLoanAmountInterestRateInputFieldPresence()[pri:43, instance:TestCases.LoanTenureCalculatorUICheck@6f10d5b6]" started-at="2024-02-15T16:59:21 IST" name="verifyLoanAmountInterestRateInputFieldPresence" finished-at="2024-02-15T16:59:21 IST" depends-on-methods="TestCases.LoanAmountCalculatorUICheck.validateLoanAmountCalculatorLink" duration-ms="70" status="PASS">
          <reporter-output>
          </reporter-output>
        </test-method> <!-- verifyLoanAmountInterestRateInputFieldPresence -->
        <test-method signature="validateLoanAmountInterestRateInputFieldByPassingValue(java.lang.String,java.lang.String,java.lang.String,java.lang.String)[pri:44, instance:TestCases.LoanTenureCalculatorUICheck@6f10d5b6]" started-at="2024-02-15T16:59:22 IST" name="validateLoanAmountInterestRateInputFieldByPassingValue" data-provider="loanAmountCalculatorData" finished-at="2024-02-15T16:59:23 IST" depends-on-methods="TestCases.LoanAmountCalculatorUICheck.validateLoanAmountCalculatorLink" duration-ms="1177" status="PASS">
          <params>
            <param index="0">
              <value>
                <![CDATA[25000.0]]>
              </value>
            </param>
            <param index="1">
              <value>
                <![CDATA[15.0]]>
              </value>
            </param>
            <param index="2">
              <value>
                <![CDATA[120.0]]>
              </value>
            </param>
            <param index="3">
              <value>
                <![CDATA[50000.0]]>
              </value>
            </param>
          </params>
          <reporter-output>
          </reporter-output>
        </test-method> <!-- validateLoanAmountInterestRateInputFieldByPassingValue -->
        <test-method signature="verifyLoanAmountTenureInputFieldPresence()[pri:45, instance:TestCases.LoanTenureCalculatorUICheck@6f10d5b6]" started-at="2024-02-15T16:59:23 IST" name="verifyLoanAmountTenureInputFieldPresence" finished-at="2024-02-15T16:59:23 IST" depends-on-methods="TestCases.LoanAmountCalculatorUICheck.validateLoanAmountCalculatorLink" duration-ms="124" status="PASS">
          <reporter-output>
          </reporter-output>
        </test-method> <!-- verifyLoanAmountTenureInputFieldPresence -->
        <test-method signature="validateLoanAmountTenureInputFieldByPassingValue(java.lang.String,java.lang.String,java.lang.String,java.lang.String)[pri:46, instance:TestCases.LoanTenureCalculatorUICheck@6f10d5b6]" started-at="2024-02-15T16:59:24 IST" name="validateLoanAmountTenureInputFieldByPassingValue" data-provider="loanAmountCalculatorData" finished-at="2024-02-15T16:59:25 IST" depends-on-methods="TestCases.LoanAmountCalculatorUICheck.validateLoanAmountCalculatorLink" duration-ms="1062" status="PASS">
          <params>
            <param index="0">
              <value>
                <![CDATA[25000.0]]>
              </value>
            </param>
            <param index="1">
              <value>
                <![CDATA[15.0]]>
              </value>
            </param>
            <param index="2">
              <value>
                <![CDATA[120.0]]>
              </value>
            </param>
            <param index="3">
              <value>
                <![CDATA[50000.0]]>
              </value>
            </param>
          </params>
          <reporter-output>
          </reporter-output>
        </test-method> <!-- validateLoanAmountTenureInputFieldByPassingValue -->
        <test-method signature="validateLoanAmountLoanTenureMonthButton()[pri:47, instance:TestCases.LoanTenureCalculatorUICheck@6f10d5b6]" started-at="2024-02-15T16:59:25 IST" name="validateLoanAmountLoanTenureMonthButton" finished-at="2024-02-15T16:59:29 IST" depends-on-methods="TestCases.LoanAmountCalculatorUICheck.validateLoanAmountCalculatorLink" duration-ms="3767" status="PASS">
          <reporter-output>
          </reporter-output>
        </test-method> <!-- validateLoanAmountLoanTenureMonthButton -->
        <test-method signature="verifyLoanAmountLoanChargesInputFieldPresence()[pri:48, instance:TestCases.LoanTenureCalculatorUICheck@6f10d5b6]" started-at="2024-02-15T16:59:29 IST" name="verifyLoanAmountLoanChargesInputFieldPresence" finished-at="2024-02-15T16:59:29 IST" depends-on-methods="TestCases.LoanAmountCalculatorUICheck.validateLoanAmountCalculatorLink" duration-ms="57" status="PASS">
          <reporter-output>
          </reporter-output>
        </test-method> <!-- verifyLoanAmountLoanChargesInputFieldPresence -->
        <test-method signature="validateLoanAmountLoanChargesInputFieldByPassingValue(java.lang.String,java.lang.String,java.lang.String,java.lang.String)[pri:49, instance:TestCases.LoanTenureCalculatorUICheck@6f10d5b6]" started-at="2024-02-15T16:59:30 IST" name="validateLoanAmountLoanChargesInputFieldByPassingValue" data-provider="loanAmountCalculatorData" finished-at="2024-02-15T16:59:31 IST" depends-on-methods="TestCases.LoanAmountCalculatorUICheck.validateLoanAmountCalculatorLink" duration-ms="1072" status="PASS">
          <params>
            <param index="0">
              <value>
                <![CDATA[25000.0]]>
              </value>
            </param>
            <param index="1">
              <value>
                <![CDATA[15.0]]>
              </value>
            </param>
            <param index="2">
              <value>
                <![CDATA[120.0]]>
              </value>
            </param>
            <param index="3">
              <value>
                <![CDATA[50000.0]]>
              </value>
            </param>
          </params>
          <reporter-output>
          </reporter-output>
        </test-method> <!-- validateLoanAmountLoanChargesInputFieldByPassingValue -->
        <test-method signature="validateLoanTenureCalculatorLink()[pri:50, instance:TestCases.LoanTenureCalculatorUICheck@6f10d5b6]" started-at="2024-02-15T16:59:31 IST" name="validateLoanTenureCalculatorLink" finished-at="2024-02-15T16:59:32 IST" duration-ms="646" status="PASS">
          <reporter-output>
          </reporter-output>
        </test-method> <!-- validateLoanTenureCalculatorLink -->
        <test-method signature="verifyLoanTenureLoanAmountInputFieldPresence()[pri:51, instance:TestCases.LoanTenureCalculatorUICheck@6f10d5b6]" started-at="2024-02-15T16:59:32 IST" name="verifyLoanTenureLoanAmountInputFieldPresence" finished-at="2024-02-15T16:59:32 IST" depends-on-methods="TestCases.LoanTenureCalculatorUICheck.validateLoanTenureCalculatorLink" duration-ms="79" status="PASS">
          <reporter-output>
          </reporter-output>
        </test-method> <!-- verifyLoanTenureLoanAmountInputFieldPresence -->
        <test-method signature="validateLoanTenureLoanAmountInputFieldByPassingValue(java.lang.String,java.lang.String,java.lang.String)[pri:52, instance:TestCases.LoanTenureCalculatorUICheck@6f10d5b6]" started-at="2024-02-15T16:59:33 IST" name="validateLoanTenureLoanAmountInputFieldByPassingValue" data-provider="loanTenureCalculatorData" finished-at="2024-02-15T16:59:34 IST" depends-on-methods="TestCases.LoanTenureCalculatorUICheck.validateLoanTenureCalculatorLink" duration-ms="910" status="PASS">
          <params>
            <param index="0">
              <value>
                <![CDATA[75,00,000]]>
              </value>
            </param>
            <param index="1">
              <value>
                <![CDATA[10.0]]>
              </value>
            </param>
            <param index="2">
              <value>
                <![CDATA[50000.0]]>
              </value>
            </param>
          </params>
          <reporter-output>
          </reporter-output>
        </test-method> <!-- validateLoanTenureLoanAmountInputFieldByPassingValue -->
        <test-method signature="verifyLoanTenureEmiInputFieldPresence()[pri:53, instance:TestCases.LoanTenureCalculatorUICheck@6f10d5b6]" started-at="2024-02-15T16:59:34 IST" name="verifyLoanTenureEmiInputFieldPresence" finished-at="2024-02-15T16:59:34 IST" depends-on-methods="TestCases.LoanTenureCalculatorUICheck.validateLoanTenureCalculatorLink" duration-ms="108" status="PASS">
          <reporter-output>
          </reporter-output>
        </test-method> <!-- verifyLoanTenureEmiInputFieldPresence -->
        <test-method signature="verifyLoanTenureInterestRateInputFieldPresence()[pri:54, instance:TestCases.LoanTenureCalculatorUICheck@6f10d5b6]" started-at="2024-02-15T16:59:35 IST" name="verifyLoanTenureInterestRateInputFieldPresence" finished-at="2024-02-15T16:59:35 IST" depends-on-methods="TestCases.LoanTenureCalculatorUICheck.validateLoanTenureCalculatorLink" duration-ms="118" status="PASS">
          <reporter-output>
          </reporter-output>
        </test-method> <!-- verifyLoanTenureInterestRateInputFieldPresence -->
        <test-method signature="validateLoanTenureInterestRateInputFieldByPassingValue(java.lang.String,java.lang.String,java.lang.String)[pri:55, instance:TestCases.LoanTenureCalculatorUICheck@6f10d5b6]" started-at="2024-02-15T16:59:35 IST" name="validateLoanTenureInterestRateInputFieldByPassingValue" data-provider="loanTenureCalculatorData" finished-at="2024-02-15T16:59:36 IST" depends-on-methods="TestCases.LoanTenureCalculatorUICheck.validateLoanTenureCalculatorLink" duration-ms="1131" status="PASS">
          <params>
            <param index="0">
              <value>
                <![CDATA[75,00,000]]>
              </value>
            </param>
            <param index="1">
              <value>
                <![CDATA[10.0]]>
              </value>
            </param>
            <param index="2">
              <value>
                <![CDATA[50000.0]]>
              </value>
            </param>
          </params>
          <reporter-output>
          </reporter-output>
        </test-method> <!-- validateLoanTenureInterestRateInputFieldByPassingValue -->
        <test-method signature="verifyLoanTenuteLoanChargesInputFieldPresence()[pri:56, instance:TestCases.LoanTenureCalculatorUICheck@6f10d5b6]" started-at="2024-02-15T16:59:37 IST" name="verifyLoanTenuteLoanChargesInputFieldPresence" finished-at="2024-02-15T16:59:37 IST" depends-on-methods="TestCases.LoanTenureCalculatorUICheck.validateLoanTenureCalculatorLink" duration-ms="98" status="PASS">
          <reporter-output>
          </reporter-output>
        </test-method> <!-- verifyLoanTenuteLoanChargesInputFieldPresence -->
        <test-method signature="validateLoanTenureLoanChargesInputFieldByValue(java.lang.String,java.lang.String,java.lang.String)[pri:57, instance:TestCases.LoanTenureCalculatorUICheck@6f10d5b6]" started-at="2024-02-15T16:59:37 IST" name="validateLoanTenureLoanChargesInputFieldByValue" data-provider="loanTenureCalculatorData" finished-at="2024-02-15T16:59:38 IST" depends-on-methods="TestCases.LoanTenureCalculatorUICheck.validateLoanTenureCalculatorLink" duration-ms="928" status="PASS">
          <params>
            <param index="0">
              <value>
                <![CDATA[75,00,000]]>
              </value>
            </param>
            <param index="1">
              <value>
                <![CDATA[10.0]]>
              </value>
            </param>
            <param index="2">
              <value>
                <![CDATA[50000.0]]>
              </value>
            </param>
          </params>
          <reporter-output>
          </reporter-output>
        </test-method> <!-- validateLoanTenureLoanChargesInputFieldByValue -->
        <test-method is-config="true" signature="tearDown()[pri:0, instance:TestCases.LoanTenureCalculatorUICheck@6f10d5b6]" started-at="2024-02-15T16:59:39 IST" name="tearDown" finished-at="2024-02-15T16:59:40 IST" duration-ms="1302" status="PASS">
          <reporter-output>
          </reporter-output>
        </test-method> <!-- tearDown -->
      </class> <!-- TestCases.LoanTenureCalculatorUICheck -->
    </test> <!-- Test -->
  </suite> <!-- Suite -->
</testng-results>
